MPRINT(EM_DIAGRAM):    data _null_;
MPRINT(EM_DIAGRAM):   call symput('NLDATE', strip(put(date(), NLDATE.)));
MPRINT(EM_DIAGRAM):   call symput('NLTIME', strip(put(datetime(), NLTIME.)));
MPRINT(EM_DIAGRAM):   run;
MPRINT(EM_DIAGRAM):   data _null_;
MPRINT(EM_DIAGRAM):   nldate= sasmsg("sashelp.dmine", "log_date_note", 'N', "April 23, 2017" );
MPRINT(EM_DIAGRAM):   nltime= sasmsg("sashelp.dmine", "log_time_note", 'N', "19:16:59" );
MPRINT(EM_DIAGRAM):   put "*------------------------------------------------------------*";
MPRINT(EM_DIAGRAM):   put "* Score Log";
MPRINT(EM_DIAGRAM):   put nldate;
MPRINT(EM_DIAGRAM):   put nltime;
MPRINT(EM_DIAGRAM):   put "*------------------------------------------------------------*";
MPRINT(EM_DIAGRAM):   run;
*------------------------------------------------------------*
* Score Log
Date:                April 23, 2017
Time:                19:16:59
*------------------------------------------------------------*
MPRINT(EM_DIAGRAM):    filename O29QXIL5 "C:\Users\Gaurav\Desktop\second sem\Data Mining\Project 3\Insurance Claim\Workspaces\EMWS1\Ids2\EMSCORE.out" encoding="UTF-8" NOBOM;
MPRINT(EM_DIAGRAM):   proc printto print=O29QXIL5 new;
MPRINT(EM_DIAGRAM):   run;
21649      *------------------------------------------------------------*;
MPRINT(EM_DIAGRAM):    *------------------------------------------------------------*;
21650      * Ids2: Computing metadata for DATA data;
MPRINT(EM_DIAGRAM):   * Ids2: Computing metadata for DATA data;
21651      *------------------------------------------------------------*;
MPRINT(EM_DIAGRAM):   *------------------------------------------------------------*;

NOTE: View EMWS1.IDS2_DATA.VIEW used (Total process time):
      real time           0.05 seconds
      cpu time            0.06 seconds
      
21652      data EMWS1.Ids2_EMINFO;
MPRINT(EM_DIAGRAM):    data EMWS1.Ids2_EMINFO;
21653      length TARGET KEY $32 DATA $43;
MPRINT(EM_DIAGRAM):   length TARGET KEY $32 DATA $43;
21654      TARGET="";
MPRINT(EM_DIAGRAM):   TARGET="";
21655      KEY="IDSTABLE";
MPRINT(EM_DIAGRAM):   KEY="IDSTABLE";
21656      DATA="INSUR.SUBROGATENEW";
MPRINT(EM_DIAGRAM):   DATA="INSUR.SUBROGATENEW";
21657      output;
MPRINT(EM_DIAGRAM):   output;
21658      TARGET="SubroFlag";
MPRINT(EM_DIAGRAM):   TARGET="SubroFlag";
21659      KEY="DECDATA";
MPRINT(EM_DIAGRAM):   KEY="DECDATA";
21660      DATA="EMWS1.Ids2_SubroFlag_DD";
MPRINT(EM_DIAGRAM):   DATA="EMWS1.Ids2_SubroFlag_DD";
21661      output;
MPRINT(EM_DIAGRAM):   output;
21662      TARGET="SubroFlag";
MPRINT(EM_DIAGRAM):   TARGET="SubroFlag";
21663      KEY="DECMETA";
MPRINT(EM_DIAGRAM):   KEY="DECMETA";
21664      DATA="EMWS1.Ids2_SubroFlag_DM";
MPRINT(EM_DIAGRAM):   DATA="EMWS1.Ids2_SubroFlag_DM";
21665      output;
MPRINT(EM_DIAGRAM):   output;
21666      run;
MPRINT(EM_DIAGRAM):   run;

NOTE: The data set EMWS1.IDS2_EMINFO has 3 observations and 3 variables.
NOTE: DATA statement used (Total process time):
      real time           0.01 seconds
      cpu time            0.00 seconds
      

NOTE: View EMWS1.IDS2_DATA.VIEW used (Total process time):
      real time           0.05 seconds
      cpu time            0.04 seconds
      
21667      data EMWS1.Ids2_CMeta_DATA;
MPRINT(EM_DIAGRAM):    data EMWS1.Ids2_CMeta_DATA;
21668      set EMWS1.Ids2_VariableSet;
MPRINT(EM_DIAGRAM):   set EMWS1.Ids2_VariableSet;
21669      drop DROP;
MPRINT(EM_DIAGRAM):   drop DROP;
21670      where DROP='N';
MPRINT(EM_DIAGRAM):   where DROP='N';
21671      run;
MPRINT(EM_DIAGRAM):   run;

NOTE: There were 7 observations read from the data set EMWS1.IDS2_VARIABLESET.
      WHERE DROP='N';
NOTE: The data set EMWS1.IDS2_CMETA_DATA has 7 observations and 20 variables.
NOTE: DATA statement used (Total process time):
      real time           0.03 seconds
      cpu time            0.01 seconds
      

MPRINT(EM_DIAGRAM):    proc printto;
MPRINT(EM_DIAGRAM):   run;
