MPRINT(EM_DIAGRAM):    data _null_;
MPRINT(EM_DIAGRAM):   call symput('NLDATE', strip(put(date(), NLDATE.)));
MPRINT(EM_DIAGRAM):   call symput('NLTIME', strip(put(datetime(), NLTIME.)));
MPRINT(EM_DIAGRAM):   run;
MPRINT(EM_DIAGRAM):   data _null_;
MPRINT(EM_DIAGRAM):   nldate= sasmsg("sashelp.dmine", "log_date_note", 'N', "February 25, 2017" );
MPRINT(EM_DIAGRAM):   nltime= sasmsg("sashelp.dmine", "log_time_note", 'N', "16:20:21" );
MPRINT(EM_DIAGRAM):   put "*------------------------------------------------------------*";
MPRINT(EM_DIAGRAM):   put "* Training Log";
MPRINT(EM_DIAGRAM):   put nldate;
MPRINT(EM_DIAGRAM):   put nltime;
MPRINT(EM_DIAGRAM):   put "*------------------------------------------------------------*";
MPRINT(EM_DIAGRAM):   run;
*------------------------------------------------------------*
* Training Log
Date:                February 25, 2017
Time:                16:20:21
*------------------------------------------------------------*
MPRINT(EM_DIAGRAM):    filename O0WKFTC1 "C:\Users\Gaurav\Desktop\second sem\Data Mining\Project 2\Automobile Insurance Claim\Workspaces\EMWS1\Trans\EMTRAIN.out" encoding="UTF-8" NOBOM;
MPRINT(EM_DIAGRAM):   proc printto print=O0WKFTC1 new;
MPRINT(EM_DIAGRAM):   run;
MPRINT(EM_DIAGRAM):    filename _LOG "C:\Users\Gaurav\Desktop\second sem\Data Mining\Project 2\Automobile Insurance Claim\Workspaces\EMWS1\Trans\EMLOG.log" encoding="UTF-8" NOBOM;
MPRINT(EM_DIAGRAM):    data _null_;
MPRINT(EM_DIAGRAM):   call symput('NLDATE', strip(put(date(), NLDATE.)));
MPRINT(EM_DIAGRAM):   call symput('NLTIME', strip(put(datetime(), NLTIME.)));
MPRINT(EM_DIAGRAM):   run;
MPRINT(EM_DIAGRAM):   data _null_;
MPRINT(EM_DIAGRAM):   nldate= sasmsg("sashelp.dmine", "log_date_note", 'N', "February 25, 2017" );
MPRINT(EM_DIAGRAM):   nltime= sasmsg("sashelp.dmine", "log_time_note", 'N', "16:20:21" );
MPRINT(EM_DIAGRAM):   file _LOG;
MPRINT(EM_DIAGRAM):   put "*------------------------------------------------------------*";
MPRINT(EM_DIAGRAM):   put "User:                Gaurav";
MPRINT(EM_DIAGRAM):   put nldate;
MPRINT(EM_DIAGRAM):   put nltime;
MPRINT(EM_DIAGRAM):   put "Site:                70125477";
MPRINT(EM_DIAGRAM):   put "Platform:            X64_8HOME";
MPRINT(EM_DIAGRAM):   put "Maintenance Release: 9.04.01M3P062415";
MPRINT(EM_DIAGRAM):   put "EM Version:          14.1";
MPRINT(EM_DIAGRAM):   put "* ";
MPRINT(EM_DIAGRAM):   run;
MPRINT(EM_DIAGRAM):    filename _LOGIN "C:\Users\Gaurav\Desktop\second sem\Data Mining\Project 2\Automobile Insurance Claim\Workspaces\EMWS1\Trans\EMTRAIN.log" encoding="UTF-8" NOBOM;
MPRINT(EM_COPYFILE):   data _null_;
MPRINT(EM_COPYFILE):   length line $20000;
MPRINT(EM_COPYFILE):   file _LOG MOD lrecl=20000;
MPRINT(EM_COPYFILE):   fid=fopen("_LOGIN",'i',20000,'v');
MPRINT(EM_COPYFILE):   if fid > 0 then do;
MPRINT(EM_COPYFILE):   do while(^fread(fid));
MPRINT(EM_COPYFILE):   rlen = frlen(fid);
MPRINT(EM_COPYFILE):   rc= fget(fid,line,20000);
MPRINT(EM_COPYFILE):   start = length(line)-length(left(line))+1;
MPRINT(EM_COPYFILE):   line=strip(line);
MPRINT(EM_COPYFILE):   put @start line;
MPRINT(EM_COPYFILE):   end;
MPRINT(EM_COPYFILE):   if fid > 0 then rc=fclose(fid);
MPRINT(EM_COPYFILE):   end;
MPRINT(EM_COPYFILE):   run;
MPRINT(EM_DIAGRAM):  ;
MPRINT(EM_DIAGRAM):   filename _LOGIN;
MPRINT(EM_DIAGRAM):    data _null_;
MPRINT(EM_DIAGRAM):   file _LOG mod;
MPRINT(EM_DIAGRAM):   put _page_;
MPRINT(EM_DIAGRAM):   run;
MPRINT(EM_DIAGRAM):   filename _LOGIN "C:\Users\Gaurav\Desktop\second sem\Data Mining\Project 2\Automobile Insurance Claim\Workspaces\EMWS1\Trans\EMSCORE.log" encoding="UTF-8" NOBOM;
MPRINT(EM_DIAGRAM):  ;
MPRINT(EM_DIAGRAM):   data _null_;
MPRINT(EM_DIAGRAM):   file _LOG mod;
MPRINT(EM_DIAGRAM):   put _page_;
MPRINT(EM_DIAGRAM):   run;
MPRINT(EM_DIAGRAM):    filename _LOGIN "C:\Users\Gaurav\Desktop\second sem\Data Mining\Project 2\Automobile Insurance Claim\Workspaces\EMWS1\Trans\EMREPORT.log" encoding="UTF-8" NOBOM;
MPRINT(EM_DIAGRAM):  ;
MPRINT(EM_DIAGRAM):   filename _LOGIN;
MPRINT(EM_DIAGRAM):    filename _LOG;
MPRINT(EM_DIAGRAM):    filename _OUT "C:\Users\Gaurav\Desktop\second sem\Data Mining\Project 2\Automobile Insurance Claim\Workspaces\EMWS1\Trans\EMOUTPUT.out" encoding="UTF-8" NOBOM;
MPRINT(EM_DIAGRAM):    data _null_;
MPRINT(EM_DIAGRAM):   call symput('NLDATE', strip(put(date(), NLDATE.)));
MPRINT(EM_DIAGRAM):   call symput('NLTIME', strip(put(datetime(), NLTIME.)));
MPRINT(EM_DIAGRAM):   run;
MPRINT(EM_DIAGRAM):   data _null_;
MPRINT(EM_DIAGRAM):   nldate= sasmsg("sashelp.dmine", "log_date_note", 'N', "February 25, 2017" );
MPRINT(EM_DIAGRAM):   nltime= sasmsg("sashelp.dmine", "log_time_note", 'N', "16:20:21" );
MPRINT(EM_DIAGRAM):   file _OUT;
MPRINT(EM_DIAGRAM):   put "*------------------------------------------------------------*";
MPRINT(EM_DIAGRAM):   put "User:                Gaurav";
MPRINT(EM_DIAGRAM):   put nldate;
MPRINT(EM_DIAGRAM):   put nltime;
MPRINT(EM_DIAGRAM):   put "*------------------------------------------------------------*";
MPRINT(EM_DIAGRAM):   put "* Training Output";
MPRINT(EM_DIAGRAM):   put "*------------------------------------------------------------*";
MPRINT(EM_DIAGRAM):   run;
MPRINT(EM_DIAGRAM):    filename _OUTIN "C:\Users\Gaurav\Desktop\second sem\Data Mining\Project 2\Automobile Insurance Claim\Workspaces\EMWS1\Trans\EMTRAIN.out" encoding="UTF-8" NOBOM;
MPRINT(EM_DIAGRAM):   ;
MPRINT(EM_COPYFILE):   data _null_;
MPRINT(EM_COPYFILE):   length line $20000;
MPRINT(EM_COPYFILE):   file _OUT MOD lrecl=20000;
MPRINT(EM_COPYFILE):   fid=fopen("_OUTIN",'i',20000,'v');
MPRINT(EM_COPYFILE):   if fid > 0 then do;
MPRINT(EM_COPYFILE):   do while(^fread(fid));
MPRINT(EM_COPYFILE):   rlen = frlen(fid);
MPRINT(EM_COPYFILE):   rc= fget(fid,line,20000);
MPRINT(EM_COPYFILE):   start = length(line)-length(left(line))+1;
MPRINT(EM_COPYFILE):   line=strip(line);
MPRINT(EM_COPYFILE):   put @start line;
MPRINT(EM_COPYFILE):   end;
MPRINT(EM_COPYFILE):   if fid > 0 then rc=fclose(fid);
MPRINT(EM_COPYFILE):   end;
MPRINT(EM_COPYFILE):   run;
MPRINT(EM_DIAGRAM):  ;
MPRINT(EM_DIAGRAM):   filename _OUTIN;
MPRINT(EM_DIAGRAM):    data _null_;
MPRINT(EM_DIAGRAM):   file _OUT mod;
MPRINT(EM_DIAGRAM):   put _page_;
MPRINT(EM_DIAGRAM):   put // "*------------------------------------------------------------*";
MPRINT(EM_DIAGRAM):   put "* Score Output";
MPRINT(EM_DIAGRAM):   put "*------------------------------------------------------------*";
MPRINT(EM_DIAGRAM):   run;
MPRINT(EM_DIAGRAM):    filename _OUTIN "C:\Users\Gaurav\Desktop\second sem\Data Mining\Project 2\Automobile Insurance Claim\Workspaces\EMWS1\Trans\EMSCORE.out" encoding="UTF-8" NOBOM;
MPRINT(EM_DIAGRAM):  ;
MPRINT(EM_DIAGRAM):   filename _OUTIN;
MPRINT(EM_DIAGRAM):    data _null_;
MPRINT(EM_DIAGRAM):   file _OUT mod;
MPRINT(EM_DIAGRAM):   put _page_;
MPRINT(EM_DIAGRAM):   put // "*------------------------------------------------------------*";
MPRINT(EM_DIAGRAM):   put "* Report Output";
MPRINT(EM_DIAGRAM):   put "*------------------------------------------------------------*";
MPRINT(EM_DIAGRAM):   run;
MPRINT(EM_DIAGRAM):    filename _OUTIN "C:\Users\Gaurav\Desktop\second sem\Data Mining\Project 2\Automobile Insurance Claim\Workspaces\EMWS1\Trans\EMREPORT.out" encoding="UTF-8" NOBOM;
MPRINT(EM_DIAGRAM):  ;
MPRINT(EM_DIAGRAM):   filename _OUTIN;
MPRINT(EM_DIAGRAM):    filename _OUT;
MPRINT(EM_DIAGRAM):    filename _emtool_ 'C:\Users\Gaurav\Desktop\second sem\Data Mining\Project 2\Automobile Insurance Claim\Workspaces\EMWS1\Trans\EMRUNSTATUS.xml' encoding="UTF-8" NOBOM;
MPRINT(EM_DIAGRAM):    filename _emtool_ 'C:\Users\Gaurav\Desktop\second sem\Data Mining\Project 2\Automobile Insurance Claim\Workspaces\EMWS1\Trans\EMRUNSTATUS.xml' encoding="UTF-8" NOBOM;
21025      proc freq data=EMWS1.Trans_VariableSet noprint;
MPRINT(EM_DIAGRAM):    proc freq data=EMWS1.Trans_VariableSet noprint;
21026      table ROLE*LEVEL/out=WORK.TransMETA;
MPRINT(EM_DIAGRAM):   table ROLE*LEVEL/out=WORK.TransMETA;
21027      run;
MPRINT(EM_DIAGRAM):   run;

NOTE: There were 22 observations read from the data set EMWS1.TRANS_VARIABLESET.
NOTE: The data set WORK.TRANSMETA has 5 observations and 4 variables.
NOTE: PROCEDURE FREQ used (Total process time):
      real time           0.04 seconds
      cpu time            0.01 seconds
      

21028      proc print data=WORK.TransMETA label noobs;
MPRINT(EM_DIAGRAM):   proc print data=WORK.TransMETA label noobs;
21029      var ROLE LEVEL COUNT;
MPRINT(EM_DIAGRAM):   var ROLE LEVEL COUNT;
21030      label ROLE = "%sysfunc(sasmsg(sashelp.dmine, meta_role_vlabel, NOQUOTE))" LEVEL = "%sysfunc(sasmsg(sashelp.dmine, meta_level_vlabel, NOQUOTE))" COUNT = "%sysfunc(sasmsg(sashelp.dmine, rpt_count_vlabel, NOQUOTE))";
MPRINT(EM_DIAGRAM):   label ROLE = "Role" LEVEL = "Measurement Level" COUNT = "Frequency Count";
21031      title9 ' ';
MPRINT(EM_DIAGRAM):   title9 ' ';
21032      title10 "%sysfunc(sasmsg(sashelp.dmine, rpt_varSummary_title  , NOQUOTE))";
MPRINT(EM_DIAGRAM):   title10 "Variable Summary";
MPRINT(EM_DIAGRAM):   run;
21033      run;

NOTE: There were 5 observations read from the data set WORK.TRANSMETA.
NOTE: The PROCEDURE PRINT printed page 1.
NOTE: PROCEDURE PRINT used (Total process time):
      real time           0.00 seconds
      cpu time            0.00 seconds
      

21034      title10;
MPRINT(EM_DIAGRAM):   title10;
21035      data WORK.M13S5A7A;
MPRINT(EM_DIAGRAM):    data WORK.M13S5A7A;
21036      set WORK.M13S5A7A;
MPRINT(EM_DIAGRAM):   set WORK.M13S5A7A;
21037      if (METHOD='NONE' and ROLE ne 'FREQ') or (role = 'REJECTED' and METHOD = 'DEFAULT') then delete;
MPRINT(EM_DIAGRAM):   if (METHOD='NONE' and ROLE ne 'FREQ') or (role = 'REJECTED' and METHOD = 'DEFAULT') then delete;
21038      run;
MPRINT(EM_DIAGRAM):   run;

NOTE: There were 22 observations read from the data set WORK.M13S5A7A.
NOTE: The data set WORK.M13S5A7A has 21 observations and 22 variables.
NOTE: DATA statement used (Total process time):
      real time           0.01 seconds
      cpu time            0.00 seconds
      

21103      *------------------------------------------------------------*;
MPRINT(EM_DIAGRAM):     *------------------------------------------------------------*;
21104      * Trans: Computing Summary Statistics;
MPRINT(EM_DIAGRAM):   * Trans: Computing Summary Statistics;
21105      *------------------------------------------------------------*;
MPRINT(EM_DIAGRAM):   *------------------------------------------------------------*;
21106      data WORK.M3BOG784;
MPRINT(EM_DIAGRAM):   data WORK.M3BOG784;
21107      set WORK.M3BOG784;
MPRINT(EM_DIAGRAM):   set WORK.M3BOG784;
21108      if (role = 'REJECTED') then role = 'INPUT';
MPRINT(EM_DIAGRAM):   if (role = 'REJECTED') then role = 'INPUT';
21109      run;
MPRINT(EM_DIAGRAM):   run;

NOTE: There were 21 observations read from the data set WORK.M3BOG784.
NOTE: The data set WORK.M3BOG784 has 21 observations and 22 variables.
NOTE: DATA statement used (Total process time):
      real time           0.00 seconds
      cpu time            0.00 seconds
      

21110      *------------------------------------------------------------* ;
MPRINT(EM_DIAGRAM):    *------------------------------------------------------------* ;
21111      * EM: DMDBClass Macro ;
MPRINT(EM_DIAGRAM):   * EM: DMDBClass Macro ;
21112      *------------------------------------------------------------* ;
MPRINT(EM_DIAGRAM):   *------------------------------------------------------------* ;
21113      %macro DMDBClass;
21114          AREA(ASC) CAR_USE(ASC) CLAIM_IND(DESC) EDU_LEVEL(ASC) GENDER(ASC) JOB(ASC)
21115         REVOKED(ASC) STATE_CODE(ASC) STATUS(ASC) VEHICLE_TYPE(ASC)
21116      %mend DMDBClass;
21117      *------------------------------------------------------------* ;
MPRINT(EM_DIAGRAM):   *------------------------------------------------------------* ;
21118      * EM: DMDBVar Macro ;
MPRINT(EM_DIAGRAM):   * EM: DMDBVar Macro ;
21119      *------------------------------------------------------------* ;
MPRINT(EM_DIAGRAM):   *------------------------------------------------------------* ;
21120      %macro DMDBVar;
21121          AGE CHILDREN CHILD_DRIV CLM_FREQ DISTANCE HOUSE_VAL INCOME MVR_PTS VEHICLE_AGE
21122         VEHICLE_VAL YOJ
21123      %mend DMDBVar;
21124      *------------------------------------------------------------*;
MPRINT(EM_DIAGRAM):   *------------------------------------------------------------*;
21125      * EM: Create DMDB;
MPRINT(EM_DIAGRAM):   * EM: Create DMDB;
21126      *------------------------------------------------------------*;
MPRINT(EM_DIAGRAM):   *------------------------------------------------------------*;
21127      proc dmdb batch data=EMWS1.Part_TRAIN
21128      dmdbcat=WORK.EM_DMDB
21129      classout=WORK.Transclassout
21130      maxlevel = 513
21131      ;
MPRINT(EM_DIAGRAM):   proc dmdb batch data=EMWS1.Part_TRAIN dmdbcat=WORK.EM_DMDB classout=WORK.Transclassout maxlevel = 513 ;
MPRINT(EM_DIAGRAM):   class
21132      class %DMDBClass;
MPRINT(DMDBCLASS):   AREA(ASC) CAR_USE(ASC) CLAIM_IND(DESC) EDU_LEVEL(ASC) GENDER(ASC) JOB(ASC) REVOKED(ASC) STATE_CODE(ASC) STATUS(ASC) VEHICLE_TYPE(ASC)
MPRINT(EM_DIAGRAM):  ;
MPRINT(EM_DIAGRAM):   var
21133      var %DMDBVar;
MPRINT(DMDBVAR):   AGE CHILDREN CHILD_DRIV CLM_FREQ DISTANCE HOUSE_VAL INCOME MVR_PTS VEHICLE_AGE VEHICLE_VAL YOJ
MPRINT(EM_DIAGRAM):  ;
21134      target
21135      CLAIM_IND
21136      ;
MPRINT(EM_DIAGRAM):   target CLAIM_IND ;
21137      run;
MPRINT(EM_DIAGRAM):   run;

NOTE: Records processed = 4118   Memory used = 511K.
NOTE: There were 4118 observations read from the data set EMWS1.PART_TRAIN.
NOTE: The data set WORK.TRANSCLASSOUT has 47 observations and 9 variables.
NOTE: PROCEDURE DMDB used (Total process time):
      real time           0.03 seconds
      cpu time            0.00 seconds
      

MPRINT(EM_DIAGRAM):   quit;
MPRINT(EM_DIAGRAM):   *--- end code ---*;
21138      quit;
21139      *--- end code ---*;

21140      data WORK.TransINTERVALMETA;
MPRINT(EM_DIAGRAM):    data WORK.TransINTERVALMETA;
21141      set WORK.M13S5A7A;
MPRINT(EM_DIAGRAM):   set WORK.M13S5A7A;
21142      if LEVEL ne 'INTERVAL' then delete;
MPRINT(EM_DIAGRAM):   if LEVEL ne 'INTERVAL' then delete;
21143      run;
MPRINT(EM_DIAGRAM):   run;

NOTE: There were 21 observations read from the data set WORK.M13S5A7A.
NOTE: The data set WORK.TRANSINTERVALMETA has 11 observations and 22 variables.
NOTE: DATA statement used (Total process time):
      real time           0.05 seconds
      cpu time            0.00 seconds
      

21144      *------------------------------------------------------------*;
MPRINT(EM_DIAGRAM):    *------------------------------------------------------------*;
21145      * Trans: Determining Variables to Scale;
MPRINT(EM_DIAGRAM):   * Trans: Determining Variables to Scale;
21146      *------------------------------------------------------------*;
MPRINT(EM_DIAGRAM):   *------------------------------------------------------------*;
21147      data WORK.M33MXZU6;
MPRINT(EM_DIAGRAM):   data WORK.M33MXZU6;
21148      set WORK.M33MXZU6;
MPRINT(EM_DIAGRAM):   set WORK.M33MXZU6;
21149      where (TYPE="N" and (METHOD in("MAX_NORM", "MAX_CORR", "EQUALIZE", "OP_MAX_NORM", "OP_EQUALIZE"))) or (ROLE eq "FREQ");
MPRINT(EM_DIAGRAM):   where (TYPE="N" and (METHOD in("MAX_NORM", "MAX_CORR", "EQUALIZE", "OP_MAX_NORM", "OP_EQUALIZE"))) or (ROLE eq "FREQ");
21150      run;
MPRINT(EM_DIAGRAM):   run;

NOTE: There were 0 observations read from the data set WORK.M33MXZU6.
      WHERE ((TYPE='N') and METHOD in ('EQUALIZE', 'MAX_CORR', 'MAX_NORM', 'OP_EQUALIZE', 'OP_MAX_NORM')) or (ROLE='FREQ');
NOTE: The data set WORK.M33MXZU6 has 0 observations and 22 variables.
NOTE: DATA statement used (Total process time):
      real time           0.01 seconds
      cpu time            0.00 seconds
      

NOTE: This SAS session is using a registry in WORK.  All changes will be lost at the end of this session.
*------------------------------------------------------------* 
*  Trans: Creating EMWS1.Trans_RESULT 
*------------------------------------------------------------* 
MPRINT(EM_DIAGRAM):      data EMWS1.Trans_RESULT;
MPRINT(EM_DIAGRAM):   length NAME NEWVAR $32 LEVEL $10 POWER 8 FORMULA $70 LABEL $44 TERM $200;
MPRINT(EM_DIAGRAM):   NAME = "HOUSE_VAL";
MPRINT(EM_DIAGRAM):   NEWVAR = "LOG_HOUSE_VAL";
MPRINT(EM_DIAGRAM):   POWER = 0;
MPRINT(EM_DIAGRAM):   FORMULA = "log(HOUSE_VAL  + 1)";
MPRINT(EM_DIAGRAM):   LABEL = 'Transformed: Housing value';
MPRINT(EM_DIAGRAM):   LEVEL = "INTERVAL";
MPRINT(EM_DIAGRAM):   TYPE = "N";
MPRINT(EM_DIAGRAM):   output;
MPRINT(EM_DIAGRAM):   NAME = "INCOME";
MPRINT(EM_DIAGRAM):   NEWVAR = "LOG_INCOME";
MPRINT(EM_DIAGRAM):   POWER = 0;
MPRINT(EM_DIAGRAM):   FORMULA = "log(INCOME  + 1)";
MPRINT(EM_DIAGRAM):   LABEL = 'Transformed: Income';
MPRINT(EM_DIAGRAM):   LEVEL = "INTERVAL";
MPRINT(EM_DIAGRAM):   TYPE = "N";
MPRINT(EM_DIAGRAM):   output;
MPRINT(EM_DIAGRAM):   NAME = "VEHICLE_VAL";
MPRINT(EM_DIAGRAM):   NEWVAR = "LOG_VEHICLE_VAL";
MPRINT(EM_DIAGRAM):   POWER = 0;
MPRINT(EM_DIAGRAM):   FORMULA = "log(VEHICLE_VAL  + 1)";
MPRINT(EM_DIAGRAM):   LABEL = 'Transformed: Vehicle value';
MPRINT(EM_DIAGRAM):   LEVEL = "INTERVAL";
MPRINT(EM_DIAGRAM):   TYPE = "N";
MPRINT(EM_DIAGRAM):   output;
MPRINT(EM_DIAGRAM):   run;
MPRINT(EM_DIAGRAM):   proc sort data=EMWS1.Trans_RESULT NOTHREADS;
MPRINT(EM_DIAGRAM):   by NAME;
MPRINT(EM_DIAGRAM):   run;
MPRINT(EM_DIAGRAM):   proc sort data=WORK.M13S5A7A out=WORK._TRANSRESLT(RENAME=(LEVEL=INPUTLEVEL TYPE=INPUTTYPE) KEEP=NAME ROLE LEVEL TYPE) NOTHREADS;
MPRINT(EM_DIAGRAM):   by NAME;
MPRINT(EM_DIAGRAM):   run;
MPRINT(EM_DIAGRAM):   data EMWS1.Trans_RESULT(RENAME=(NAME=INPUTNAME NEWVAR=NAME));
MPRINT(EM_DIAGRAM):   merge EMWS1.Trans_RESULT(in=a) WORK._TRANSRESLT;
MPRINT(EM_DIAGRAM):   by NAME;
MPRINT(EM_DIAGRAM):   if a then output;
MPRINT(EM_DIAGRAM):   run;
WARNING: Multiple lengths were specified for the BY variable NAME by input data sets. This might cause unexpected results.
MPRINT(EM_DIAGRAM):   proc datasets library=EMWS1 nolist;
MPRINT(EM_DIAGRAM):   modify Trans_RESULT;
MPRINT(EM_DIAGRAM):   label INPUTNAME = "Input Name" NAME = "Output Name" POWER = "Power" FORMULA = "Formula" ROLE = "rpt_role_vlabel" INPUTLEVEL = "Input Level" LEVEL = "Output Level" INPUTTYPE = "Input Type" TYPE = "Output Type";
MPRINT(EM_DIAGRAM):   run;

NOTE: PROCEDURE DATASETS used (Total process time):
      real time           0.03 seconds
      cpu time            0.01 seconds
      

21197      data EMWS1.Trans_RESULT;
MPRINT(EM_DIAGRAM):   data EMWS1.Trans_RESULT;
21198      length NAME $32 FORMULA $70 POWER 8 ROLE $32 LEVEL $10 INPUTNAME $32 INPUTTYPE $1 LABEL $44;
MPRINT(EM_DIAGRAM):   length NAME $32 FORMULA $70 POWER 8 ROLE $32 LEVEL $10 INPUTNAME $32 INPUTTYPE $1 LABEL $44;
21199      label INPUTNAME ='Input Name' NAME='Name' POWER='Power' FORMULA='Formula' ROLE='Role' INPUTLEVEL='Input Level' LEVEL='Level' INPUTTYPE='Input Type' TYPE='Type';
MPRINT(EM_DIAGRAM):   label INPUTNAME = 'Input Name' NAME= 'Name' POWER= 'Power' FORMULA= 'Formula' ROLE= 'Role' INPUTLEVEL= 'Input Level' LEVEL= 'Level' INPUTTYPE= 'Input Type' TYPE= 'Type';
21200      set EMWS1.Trans_RESULT;
MPRINT(EM_DIAGRAM):   set EMWS1.Trans_RESULT;
21201      if INPUTNAME = '' then INPUTNAME = "Mixture of variables";
MPRINT(EM_DIAGRAM):   if INPUTNAME = '' then INPUTNAME = "Mixture of variables";
21202      run;
MPRINT(EM_DIAGRAM):   run;

NOTE: There were 3 observations read from the data set EMWS1.TRANS_RESULT.
NOTE: The data set EMWS1.TRANS_RESULT has 3 observations and 11 variables.
NOTE: DATA statement used (Total process time):
      real time           0.00 seconds
      cpu time            0.00 seconds
      

21203      data WORK.M3QKT9IV;
MPRINT(EM_DIAGRAM):    data WORK.M3QKT9IV;
21204      set WORK.M3QKT9IV;
MPRINT(EM_DIAGRAM):   set WORK.M3QKT9IV;
21205      if ROLE='REJECTED' then ROLE='INPUT';
MPRINT(EM_DIAGRAM):   if ROLE='REJECTED' then ROLE='INPUT';
21206      run;
MPRINT(EM_DIAGRAM):   run;

NOTE: There were 3 observations read from the data set WORK.M3QKT9IV.
NOTE: The data set WORK.M3QKT9IV has 3 observations and 11 variables.
NOTE: DATA statement used (Total process time):
      real time           0.01 seconds
      cpu time            0.00 seconds
      

*------------------------------------------------------------* 
*  Trans: Computing summary statistics for transformed variables 
*------------------------------------------------------------* 
MPRINT(EM_DIAGRAM):    data WORK.Trans_TRANSFORM / view=WORK.Trans_TRANSFORM;
MPRINT(EM_DIAGRAM):   set EMWS1.Part_TRAIN;
MPRINT(EM_DIAGRAM):   *------------------------------------------------------------*;
MPRINT(EM_DIAGRAM):   * TRANSFORM: HOUSE_VAL , log(HOUSE_VAL + 1);
MPRINT(EM_DIAGRAM):   *------------------------------------------------------------*;
MPRINT(EM_DIAGRAM):   label LOG_HOUSE_VAL = 'Transformed: Housing value';
MPRINT(EM_DIAGRAM):   if HOUSE_VAL eq . then LOG_HOUSE_VAL = .;
MPRINT(EM_DIAGRAM):   else do;
MPRINT(EM_DIAGRAM):   if HOUSE_VAL + 1 > 0 then LOG_HOUSE_VAL = log(HOUSE_VAL + 1);
MPRINT(EM_DIAGRAM):   else LOG_HOUSE_VAL = .;
MPRINT(EM_DIAGRAM):   end;
MPRINT(EM_DIAGRAM):   *------------------------------------------------------------*;
MPRINT(EM_DIAGRAM):   * TRANSFORM: INCOME , log(INCOME + 1);
MPRINT(EM_DIAGRAM):   *------------------------------------------------------------*;
MPRINT(EM_DIAGRAM):   label LOG_INCOME = 'Transformed: Income';
MPRINT(EM_DIAGRAM):   if INCOME eq . then LOG_INCOME = .;
MPRINT(EM_DIAGRAM):   else do;
MPRINT(EM_DIAGRAM):   if INCOME + 1 > 0 then LOG_INCOME = log(INCOME + 1);
MPRINT(EM_DIAGRAM):   else LOG_INCOME = .;
MPRINT(EM_DIAGRAM):   end;
MPRINT(EM_DIAGRAM):   *------------------------------------------------------------*;
MPRINT(EM_DIAGRAM):   * TRANSFORM: VEHICLE_VAL , log(VEHICLE_VAL + 1);
MPRINT(EM_DIAGRAM):   *------------------------------------------------------------*;
MPRINT(EM_DIAGRAM):   label LOG_VEHICLE_VAL = 'Transformed: Vehicle value';
MPRINT(EM_DIAGRAM):   if VEHICLE_VAL eq . then LOG_VEHICLE_VAL = .;
MPRINT(EM_DIAGRAM):   else do;
MPRINT(EM_DIAGRAM):   if VEHICLE_VAL + 1 > 0 then LOG_VEHICLE_VAL = log(VEHICLE_VAL + 1);
MPRINT(EM_DIAGRAM):   else LOG_VEHICLE_VAL = .;
MPRINT(EM_DIAGRAM):   end;
MPRINT(EM_DIAGRAM):   run;
MPRINT(EM_DIAGRAM):    *------------------------------------------------------------* ;
MPRINT(EM_DIAGRAM):   * EM: DMDBClass Macro ;
MPRINT(EM_DIAGRAM):   *------------------------------------------------------------* ;
MPRINT(EM_DIAGRAM):   *------------------------------------------------------------* ;
MPRINT(EM_DIAGRAM):   * EM: DMDBVar Macro ;
MPRINT(EM_DIAGRAM):   *------------------------------------------------------------* ;
MPRINT(EM_DIAGRAM):   *------------------------------------------------------------*;
MPRINT(EM_DIAGRAM):   * EM: Create DMDB;
MPRINT(EM_DIAGRAM):   *------------------------------------------------------------*;
MPRINT(EM_DIAGRAM):   proc dmdb batch data=WORK.Trans_TRANSFORM dmdbcat=WORK.EM_DMDB maxlevel = 513 ;
MPRINT(EM_DIAGRAM):   var
MPRINT(DMDBVAR):   LOG_HOUSE_VAL LOG_INCOME LOG_VEHICLE_VAL
MPRINT(EM_DIAGRAM):  ;
MPRINT(EM_DIAGRAM):   run;
MPRINT(EM_DIAGRAM):   quit;
MPRINT(EM_DIAGRAM):   *--- end code ---*;
MPRINT(EM_DIAGRAM):    data WORK.Trans_TEMP;
MPRINT(EM_DIAGRAM):   length SOURCE $6 NAME $32;
MPRINT(EM_DIAGRAM):   label SOURCE = "Source" NAME = "Variable Name" NLEVEL = "Number of Levels" NMISS = "Missing" MIN = "Minimum" MAX = "Maximum" MEAN = "Mean" STD = "Standard Deviation" SKEWNESS = "Skewness" KURTOSIS = "Kurtosis";
MPRINT(EM_DIAGRAM):   SOURCE = "OUTPUT";
MPRINT(EM_DIAGRAM):   NAME = "LOG_HOUSE_VAL";
MPRINT(EM_DIAGRAM):   NMISS = 225;
MPRINT(EM_DIAGRAM):   NLEVEL = .;
MPRINT(EM_DIAGRAM):   MIN = 0;
MPRINT(EM_DIAGRAM):   MAX = 14.2767725558363;
MPRINT(EM_DIAGRAM):   MEAN = 12.6834052802577;
MPRINT(EM_DIAGRAM):   STD = 0.93137303514821;
MPRINT(EM_DIAGRAM):   SKEWNESS = -4.39069182770225;
MPRINT(EM_DIAGRAM):   KURTOSIS = 45.7071205812712;
MPRINT(EM_DIAGRAM):   output;
MPRINT(EM_DIAGRAM):   SOURCE = "OUTPUT";
MPRINT(EM_DIAGRAM):   NAME = "LOG_INCOME";
MPRINT(EM_DIAGRAM):   NMISS = 232;
MPRINT(EM_DIAGRAM):   NLEVEL = .;
MPRINT(EM_DIAGRAM):   MIN = 6.32972090552269;
MPRINT(EM_DIAGRAM):   MAX = 12.8147268988026;
MPRINT(EM_DIAGRAM):   MEAN = 10.505385100386;
MPRINT(EM_DIAGRAM):   STD = 1.40088772966462;
MPRINT(EM_DIAGRAM):   SKEWNESS = -1.67163453745801;
MPRINT(EM_DIAGRAM):   KURTOSIS = 2.19264416231749;
MPRINT(EM_DIAGRAM):   output;
MPRINT(EM_DIAGRAM):   SOURCE = "OUTPUT";
MPRINT(EM_DIAGRAM):   NAME = "LOG_VEHICLE_VAL";
MPRINT(EM_DIAGRAM):   NMISS = 0;
MPRINT(EM_DIAGRAM):   NLEVEL = .;
MPRINT(EM_DIAGRAM):   MIN = 7.31388683163346;
MPRINT(EM_DIAGRAM):   MAX = 11.0969705305073;
MPRINT(EM_DIAGRAM):   MEAN = 9.48154367396047;
MPRINT(EM_DIAGRAM):   STD = 0.64494349568461;
MPRINT(EM_DIAGRAM):   SKEWNESS = -0.9814298008336;
MPRINT(EM_DIAGRAM):   KURTOSIS = 1.4893885778016;
MPRINT(EM_DIAGRAM):   output;
MPRINT(EM_DIAGRAM):   run;
21300      data WORK.TRANSFOR_0F7AOG0_STATISTIC;
MPRINT(EM_DIAGRAM):    data WORK.TRANSFOR_0F7AOG0_STATISTIC;
21301      set WORK.Trans_TEMP;
MPRINT(EM_DIAGRAM):   set WORK.Trans_TEMP;
21302      run;
MPRINT(EM_DIAGRAM):   run;

NOTE: There were 3 observations read from the data set WORK.TRANS_TEMP.
NOTE: The data set WORK.TRANSFOR_0F7AOG0_STATISTIC has 3 observations and 10 variables.
NOTE: DATA statement used (Total process time):
      real time           0.00 seconds
      cpu time            0.00 seconds
      

21303      %exploreSample(DATA=EMWS1.Part_TRAIN, OUTPUT=EMWS1.Trans_SAMPLE_DATA, METADATA=EMWS1.Part_CMeta_TRAIN, VARS=, METHOD=FIRSTN, SIZE=DEFAULT, ALPHA=0.01, PVALUE=0.01, SEED=12345);
MPRINT(EM_DIAGRAM):   
MPRINT(EXPLORESAMPLE):   filename x catalog 'sashelp.emutil.exploreobs.source';
MPRINT(EXPLORESAMPLE):   filename x;
NOTE: Fileref X has been deassigned.
NOTE: EXPLOREOBS EMWS1.Part_TRAIN : vars= 24 : recl= 224 : max=20000 : def= 2000
MPRINT(EXPLORESAMPLE):   ;
MPRINT(HPDM_PERFORMANCE):  ;
PERFORMANCE  DETAILS
MPRINT(EXPLORESAMPLE):  ;
*------------------------------------------------------------*
* FirstN/Top sample
*------------------------------------------------------------*
MPRINT(EXPLORESAMPLE):   data EMWS1.Trans_SAMPLE_DATA;
MPRINT(EXPLORESAMPLE):   set EMWS1.Part_TRAIN(obs= 2000 );
MPRINT(EXPLORESAMPLE):   run;

NOTE: There were 2000 observations read from the data set EMWS1.PART_TRAIN.
NOTE: The data set EMWS1.TRANS_SAMPLE_DATA has 2000 observations and 24 variables.
NOTE: DATA statement used (Total process time):
      real time           0.01 seconds
      cpu time            0.01 seconds
      

MPRINT(EM_DIAGRAM):  ;

21480      proc print data = EMWS1.Trans_RESULT(obs=500) noobs label;
MPRINT(EM_DIAGRAM):    proc print data = EMWS1.Trans_RESULT(obs=500) noobs label;
21481      title9 "%sysfunc(sasmsg(sashelp.dmine, rpt_computedtransformations_title, NOQUOTE))";
MPRINT(EM_DIAGRAM):   title9 "Computed Transformations";
21482      title10 "%sysfunc(sasmsg(sashelp.dmine, rpt_maxObsPrinted_title, NOQUOTE))";
MPRINT(EM_DIAGRAM):   title10 "(maximum 500 observations printed)";
MPRINT(EM_DIAGRAM):   var INPUTNAME ROLE INPUTLEVEL NAME LEVEL FORMULA;
MPRINT(EM_DIAGRAM):   run;
21483      var INPUTNAME ROLE INPUTLEVEL NAME LEVEL FORMULA;
21484      run;

NOTE: There were 3 observations read from the data set EMWS1.TRANS_RESULT.
NOTE: The PROCEDURE PRINT printed page 2.
NOTE: PROCEDURE PRINT used (Total process time):
      real time           0.00 seconds
      cpu time            0.00 seconds
      

21485      title9;
MPRINT(EM_DIAGRAM):   title9;
21486      title10;
MPRINT(EM_DIAGRAM):   title10;
MPRINT(EM_DIAGRAM):    proc printto;
MPRINT(EM_DIAGRAM):   run;
