MPRINT(EM_DIAGRAM):    data _null_;
MPRINT(EM_DIAGRAM):   call symput('NLDATE', strip(put(date(), NLDATE.)));
MPRINT(EM_DIAGRAM):   call symput('NLTIME', strip(put(datetime(), NLTIME.)));
MPRINT(EM_DIAGRAM):   run;
MPRINT(EM_DIAGRAM):   data _null_;
MPRINT(EM_DIAGRAM):   nldate= sasmsg("sashelp.dmine", "log_date_note", 'N', "April 27, 2017" );
MPRINT(EM_DIAGRAM):   nltime= sasmsg("sashelp.dmine", "log_time_note", 'N', "10:44:27" );
MPRINT(EM_DIAGRAM):   put "*------------------------------------------------------------*";
MPRINT(EM_DIAGRAM):   put "* Report Log";
MPRINT(EM_DIAGRAM):   put nldate;
MPRINT(EM_DIAGRAM):   put nltime;
MPRINT(EM_DIAGRAM):   put "*------------------------------------------------------------*";
MPRINT(EM_DIAGRAM):   run;
*------------------------------------------------------------*
* Report Log
Date:                April 27, 2017
Time:                10:44:27
*------------------------------------------------------------*
MPRINT(EM_DIAGRAM):    filename O384J0FL "C:\Users\Gaurav\Desktop\second sem\Data Mining\Project 3\Insurance Claim\Workspaces\EMWS1\Part2\EMREPORT.out" encoding="UTF-8" NOBOM;
MPRINT(EM_DIAGRAM):   proc printto print=O384J0FL new;
MPRINT(EM_DIAGRAM):   run;
MPRINT(EM_DIAGRAM):    data WORK.M3ID0K5W;
MPRINT(EM_DIAGRAM):   set WORK.M3ID0K5W;
MPRINT(EM_DIAGRAM):   where(ROLE = "TARGET" or ROLE = "FREQ");
MPRINT(EM_DIAGRAM):   run;
21590      *------------------------------------------------------------*;
MPRINT(EM_DIAGRAM):    *------------------------------------------------------------*;
21591      * Part2: Computing statistics for class target variables;
MPRINT(EM_DIAGRAM):   * Part2: Computing statistics for class target variables;
21592      *------------------------------------------------------------*;
MPRINT(EM_DIAGRAM):   *------------------------------------------------------------*;
21593      ods listing close;
MPRINT(EM_DIAGRAM):   ods listing close;
21594      ods output onewayfreqs=WORK.TEMPFREQ;
MPRINT(EM_DIAGRAM):   ods output onewayfreqs=WORK.TEMPFREQ;
21595      proc freq data = EMWS1.Ids2_DATA order=formatted addnames;
MPRINT(EM_DIAGRAM):   proc freq data = EMWS1.Ids2_DATA order=formatted addnames;
21596      table SubroFlag / missing;
MPRINT(EM_DIAGRAM):   table SubroFlag / missing;
21597      run;
MPRINT(EM_DIAGRAM):   run;

NOTE: View EMWS1.IDS2_DATA.VIEW used (Total process time):
      real time           0.09 seconds
      cpu time            0.07 seconds
      
NOTE: There were 3037 observations read from the data set INSUR.SUBROGATENEW.
NOTE: The data set WORK.TEMPFREQ has 2 observations and 8 variables.
NOTE: There were 3037 observations read from the data set EMWS1.IDS2_DATA.
NOTE: PROCEDURE FREQ used (Total process time):
      real time           0.12 seconds
      cpu time            0.10 seconds
      

MPRINT(EM_DIAGRAM):   quit;
21598      quit;
21599      ods listing;
MPRINT(EM_DIAGRAM):   ods listing;
21600      data WORK.Part2_BAR(keep=_VARIABLE_ TYPE COUNT PERCENT _X_ _XLABEL_);
MPRINT(EM_DIAGRAM):    data WORK.Part2_BAR(keep=_VARIABLE_ TYPE COUNT PERCENT _X_ _XLABEL_);
21601      label _VARIABLE_ = "%sysfunc(sasmsg(sashelp.dmine, rpt_variable_vlabel, NOQUOTE))" Type = "%sysfunc(sasmsg(sashelp.dmine, rpt_type_vlabel,         NOQUOTE))" _X_ = "%sysfunc(sasmsg(sashelp.dmine, rpt_numValue_vlabel, NOQUOTE))" _XLABEL_ =
21602         "%sysfunc(sasmsg(sashelp.dmine, rpt_fmtValue_vlabel ,    NOQUOTE))" COUNT = "%sysfunc(sasmsg(sashelp.dmine, rpt_count_vlabel,        NOQUOTE))" PERCENT = "%sysfunc(sasmsg(sashelp.dmine, rpt_percent_vlabel,      NOQUOTE))";
MPRINT(EM_DIAGRAM):   label _VARIABLE_ = "Variable" Type = "Type" _X_ = "Numeric Value" _XLABEL_ = "Formatted Value" COUNT = "Frequency Count" PERCENT = "Percent";
21603      dsid = open("WORK.TEMPFREQ");
MPRINT(EM_DIAGRAM):   dsid = open("WORK.TEMPFREQ");
21604      varnum = varnum(dsid, 'VARIABLE');
MPRINT(EM_DIAGRAM):   varnum = varnum(dsid, 'VARIABLE');
21605      freqnum = varnum(dsid, 'FREQUENCY');
MPRINT(EM_DIAGRAM):   freqnum = varnum(dsid, 'FREQUENCY');
21606      pvarnum = varnum(dsid, 'PERCENT');
MPRINT(EM_DIAGRAM):   pvarnum = varnum(dsid, 'PERCENT');
21607      typenum = varnum(dsid, '_TYPE_');
MPRINT(EM_DIAGRAM):   typenum = varnum(dsid, '_TYPE_');
21608      length _VARIABLE_ $32 TYPE $1 _XLABEL_ $32;
MPRINT(EM_DIAGRAM):   length _VARIABLE_ $32 TYPE $1 _XLABEL_ $32;
21609      do while(^fetch(dsid));
MPRINT(EM_DIAGRAM):   do while(^fetch(dsid));
21610      _VARIABLE_ = strip(getvarc(dsid, varnum));
MPRINT(EM_DIAGRAM):   _VARIABLE_ = strip(getvarc(dsid, varnum));
21611      count = getvarn(dsid, freqnum);
MPRINT(EM_DIAGRAM):   count = getvarn(dsid, freqnum);
21612      percent= getvarn(dsid, pvarnum);
MPRINT(EM_DIAGRAM):   percent= getvarn(dsid, pvarnum);
21613      vvarnum = varnum(dsid, _VARIABLE_);
MPRINT(EM_DIAGRAM):   vvarnum = varnum(dsid, _VARIABLE_);
21614      type = vartype(dsid, vvarnum);
MPRINT(EM_DIAGRAM):   type = vartype(dsid, vvarnum);
21615      fvarnum = varnum(dsid, 'F_'!!substr(_VARIABLE_, 1, 30));
MPRINT(EM_DIAGRAM):   fvarnum = varnum(dsid, 'F_'!!substr(_VARIABLE_, 1, 30));
21616      _XLABEL_ = left(getvarc(dsid, fvarnum));
MPRINT(EM_DIAGRAM):   _XLABEL_ = left(getvarc(dsid, fvarnum));
21617      _X_ = .;
MPRINT(EM_DIAGRAM):   _X_ = .;
21618      if TYPE eq 'N' then _X_ = getvarn(dsid, vvarnum);
MPRINT(EM_DIAGRAM):   if TYPE eq 'N' then _X_ = getvarn(dsid, vvarnum);
21619      output;
MPRINT(EM_DIAGRAM):   output;
21620      end;
MPRINT(EM_DIAGRAM):   end;
21621      dsid = close(dsid);
MPRINT(EM_DIAGRAM):   dsid = close(dsid);
21622      run;
MPRINT(EM_DIAGRAM):   run;

NOTE: The data set WORK.PART2_BAR has 2 observations and 6 variables.
NOTE: DATA statement used (Total process time):
      real time           0.03 seconds
      cpu time            0.01 seconds
      

21623      proc sort data=WORK.Part2_BAR NOTHREADS;
MPRINT(EM_DIAGRAM):   proc sort data=WORK.Part2_BAR NOTHREADS;
21624      by _VARIABLE_;
MPRINT(EM_DIAGRAM):   by _VARIABLE_;
21625      run;
MPRINT(EM_DIAGRAM):   run;

NOTE: There were 2 observations read from the data set WORK.PART2_BAR.
NOTE: The data set WORK.PART2_BAR has 2 observations and 6 variables.
NOTE: PROCEDURE SORT used (Total process time):
      real time           0.02 seconds
      cpu time            0.01 seconds
      

21626      proc sort data=WORK.M3ID0K5W;
MPRINT(EM_DIAGRAM):   proc sort data=WORK.M3ID0K5W;
21627      by Name;
MPRINT(EM_DIAGRAM):   by Name;
21628      run;
MPRINT(EM_DIAGRAM):   run;

NOTE: There were 1 observations read from the data set WORK.M3ID0K5W.
NOTE: The data set WORK.M3ID0K5W has 1 observations and 21 variables.
NOTE: PROCEDURE SORT used (Total process time):
      real time           0.02 seconds
      cpu time            0.00 seconds
      

21629      data WORK.Part2_BAR;
MPRINT(EM_DIAGRAM):   data WORK.Part2_BAR;
21630      merge WORK.Part2_BAR(in=_a) WORK.M3ID0K5W(keep=Name Label Role rename=(Name=_Variable_ Label=_Label_));
MPRINT(EM_DIAGRAM):   merge WORK.Part2_BAR(in=_a) WORK.M3ID0K5W(keep=Name Label Role rename=(Name=_Variable_ Label=_Label_));
21631      by _Variable_;
MPRINT(EM_DIAGRAM):   by _Variable_;
21632      label Role = "%sysfunc(sasmsg(sashelp.dmine, meta_role_vlabel ,  NOQUOTE))";
MPRINT(EM_DIAGRAM):   label Role = "Role";
21633      label Label = "%sysfunc(sasmsg(sashelp.dmine, meta_label_vlabel , NOQUOTE))";
MPRINT(EM_DIAGRAM):   label Label = "Label";
21634      if _a then output;
MPRINT(EM_DIAGRAM):   if _a then output;
21635      run;
MPRINT(EM_DIAGRAM):   run;

NOTE: Variable Label is uninitialized.
WARNING: Multiple lengths were specified for the BY variable _VARIABLE_ by input data sets. This might cause unexpected results.
NOTE: There were 2 observations read from the data set WORK.PART2_BAR.
NOTE: There were 1 observations read from the data set WORK.M3ID0K5W.
NOTE: The data set WORK.PART2_BAR has 2 observations and 8 variables.
NOTE: DATA statement used (Total process time):
      real time           0.03 seconds
      cpu time            0.01 seconds
      

21636      data EMWS1.Part2_CLASS;
MPRINT(EM_DIAGRAM):    data EMWS1.Part2_CLASS;
21637      length DATA $8;
MPRINT(EM_DIAGRAM):   length DATA $8;
21638      set WORK.Part2_BAR;
MPRINT(EM_DIAGRAM):   set WORK.Part2_BAR;
21639      DATA = "DATA";
MPRINT(EM_DIAGRAM):   DATA = "DATA";
21640      run;
MPRINT(EM_DIAGRAM):   run;

NOTE: There were 2 observations read from the data set WORK.PART2_BAR.
NOTE: The data set EMWS1.PART2_CLASS has 2 observations and 9 variables.
NOTE: DATA statement used (Total process time):
      real time           0.02 seconds
      cpu time            0.01 seconds
      

21641      *------------------------------------------------------------*;
MPRINT(EM_DIAGRAM):    *------------------------------------------------------------*;
21642      * Part2: Computing statistics for interval target variables;
MPRINT(EM_DIAGRAM):   * Part2: Computing statistics for interval target variables;
21643      *------------------------------------------------------------*;
MPRINT(EM_DIAGRAM):   *------------------------------------------------------------*;
21644      *------------------------------------------------------------*;
MPRINT(EM_DIAGRAM):   *------------------------------------------------------------*;
21645      * Part2: Computing statistics for class target variables;
MPRINT(EM_DIAGRAM):   * Part2: Computing statistics for class target variables;
21646      *------------------------------------------------------------*;
MPRINT(EM_DIAGRAM):   *------------------------------------------------------------*;
21647      ods listing close;
MPRINT(EM_DIAGRAM):   ods listing close;
21648      ods output onewayfreqs=WORK.TEMPFREQ;
MPRINT(EM_DIAGRAM):   ods output onewayfreqs=WORK.TEMPFREQ;
21649      proc freq data = EMWS1.Part2_TRAIN order=formatted addnames;
MPRINT(EM_DIAGRAM):   proc freq data = EMWS1.Part2_TRAIN order=formatted addnames;
21650      table SubroFlag / missing;
MPRINT(EM_DIAGRAM):   table SubroFlag / missing;
21651      run;
MPRINT(EM_DIAGRAM):   run;

NOTE: The data set WORK.TEMPFREQ has 2 observations and 8 variables.
NOTE: There were 1518 observations read from the data set EMWS1.PART2_TRAIN.
NOTE: PROCEDURE FREQ used (Total process time):
      real time           0.04 seconds
      cpu time            0.03 seconds
      

MPRINT(EM_DIAGRAM):   quit;
21652      quit;
21653      ods listing;
MPRINT(EM_DIAGRAM):   ods listing;
21654      data WORK.Part2_BAR(keep=_VARIABLE_ TYPE COUNT PERCENT _X_ _XLABEL_);
MPRINT(EM_DIAGRAM):    data WORK.Part2_BAR(keep=_VARIABLE_ TYPE COUNT PERCENT _X_ _XLABEL_);
21655      label _VARIABLE_ = "%sysfunc(sasmsg(sashelp.dmine, rpt_variable_vlabel, NOQUOTE))" Type = "%sysfunc(sasmsg(sashelp.dmine, rpt_type_vlabel,         NOQUOTE))" _X_ = "%sysfunc(sasmsg(sashelp.dmine, rpt_numValue_vlabel, NOQUOTE))" _XLABEL_ =
21656         "%sysfunc(sasmsg(sashelp.dmine, rpt_fmtValue_vlabel ,    NOQUOTE))" COUNT = "%sysfunc(sasmsg(sashelp.dmine, rpt_count_vlabel,        NOQUOTE))" PERCENT = "%sysfunc(sasmsg(sashelp.dmine, rpt_percent_vlabel,      NOQUOTE))";
MPRINT(EM_DIAGRAM):   label _VARIABLE_ = "Variable" Type = "Type" _X_ = "Numeric Value" _XLABEL_ = "Formatted Value" COUNT = "Frequency Count" PERCENT = "Percent";
21657      dsid = open("WORK.TEMPFREQ");
MPRINT(EM_DIAGRAM):   dsid = open("WORK.TEMPFREQ");
21658      varnum = varnum(dsid, 'VARIABLE');
MPRINT(EM_DIAGRAM):   varnum = varnum(dsid, 'VARIABLE');
21659      freqnum = varnum(dsid, 'FREQUENCY');
MPRINT(EM_DIAGRAM):   freqnum = varnum(dsid, 'FREQUENCY');
21660      pvarnum = varnum(dsid, 'PERCENT');
MPRINT(EM_DIAGRAM):   pvarnum = varnum(dsid, 'PERCENT');
21661      typenum = varnum(dsid, '_TYPE_');
MPRINT(EM_DIAGRAM):   typenum = varnum(dsid, '_TYPE_');
21662      length _VARIABLE_ $32 TYPE $1 _XLABEL_ $32;
MPRINT(EM_DIAGRAM):   length _VARIABLE_ $32 TYPE $1 _XLABEL_ $32;
21663      do while(^fetch(dsid));
MPRINT(EM_DIAGRAM):   do while(^fetch(dsid));
21664      _VARIABLE_ = strip(getvarc(dsid, varnum));
MPRINT(EM_DIAGRAM):   _VARIABLE_ = strip(getvarc(dsid, varnum));
21665      count = getvarn(dsid, freqnum);
MPRINT(EM_DIAGRAM):   count = getvarn(dsid, freqnum);
21666      percent= getvarn(dsid, pvarnum);
MPRINT(EM_DIAGRAM):   percent= getvarn(dsid, pvarnum);
21667      vvarnum = varnum(dsid, _VARIABLE_);
MPRINT(EM_DIAGRAM):   vvarnum = varnum(dsid, _VARIABLE_);
21668      type = vartype(dsid, vvarnum);
MPRINT(EM_DIAGRAM):   type = vartype(dsid, vvarnum);
21669      fvarnum = varnum(dsid, 'F_'!!substr(_VARIABLE_, 1, 30));
MPRINT(EM_DIAGRAM):   fvarnum = varnum(dsid, 'F_'!!substr(_VARIABLE_, 1, 30));
21670      _XLABEL_ = left(getvarc(dsid, fvarnum));
MPRINT(EM_DIAGRAM):   _XLABEL_ = left(getvarc(dsid, fvarnum));
21671      _X_ = .;
MPRINT(EM_DIAGRAM):   _X_ = .;
21672      if TYPE eq 'N' then _X_ = getvarn(dsid, vvarnum);
MPRINT(EM_DIAGRAM):   if TYPE eq 'N' then _X_ = getvarn(dsid, vvarnum);
21673      output;
MPRINT(EM_DIAGRAM):   output;
21674      end;
MPRINT(EM_DIAGRAM):   end;
21675      dsid = close(dsid);
MPRINT(EM_DIAGRAM):   dsid = close(dsid);
21676      run;
MPRINT(EM_DIAGRAM):   run;

NOTE: The data set WORK.PART2_BAR has 2 observations and 6 variables.
NOTE: DATA statement used (Total process time):
      real time           0.03 seconds
      cpu time            0.01 seconds
      

21677      proc sort data=WORK.Part2_BAR NOTHREADS;
MPRINT(EM_DIAGRAM):   proc sort data=WORK.Part2_BAR NOTHREADS;
21678      by _VARIABLE_;
MPRINT(EM_DIAGRAM):   by _VARIABLE_;
21679      run;
MPRINT(EM_DIAGRAM):   run;

NOTE: There were 2 observations read from the data set WORK.PART2_BAR.
NOTE: The data set WORK.PART2_BAR has 2 observations and 6 variables.
NOTE: PROCEDURE SORT used (Total process time):
      real time           0.02 seconds
      cpu time            0.01 seconds
      

21680      proc sort data=WORK.M3ID0K5W;
MPRINT(EM_DIAGRAM):   proc sort data=WORK.M3ID0K5W;
21681      by Name;
MPRINT(EM_DIAGRAM):   by Name;
21682      run;
MPRINT(EM_DIAGRAM):   run;

NOTE: Input data set is already sorted, no sorting done.
NOTE: PROCEDURE SORT used (Total process time):
      real time           0.00 seconds
      cpu time            0.00 seconds
      

21683      data WORK.Part2_BAR;
MPRINT(EM_DIAGRAM):   data WORK.Part2_BAR;
21684      merge WORK.Part2_BAR(in=_a) WORK.M3ID0K5W(keep=Name Label Role rename=(Name=_Variable_ Label=_Label_));
MPRINT(EM_DIAGRAM):   merge WORK.Part2_BAR(in=_a) WORK.M3ID0K5W(keep=Name Label Role rename=(Name=_Variable_ Label=_Label_));
21685      by _Variable_;
MPRINT(EM_DIAGRAM):   by _Variable_;
21686      label Role = "%sysfunc(sasmsg(sashelp.dmine, meta_role_vlabel ,  NOQUOTE))";
MPRINT(EM_DIAGRAM):   label Role = "Role";
21687      label Label = "%sysfunc(sasmsg(sashelp.dmine, meta_label_vlabel , NOQUOTE))";
MPRINT(EM_DIAGRAM):   label Label = "Label";
21688      if _a then output;
MPRINT(EM_DIAGRAM):   if _a then output;
21689      run;
MPRINT(EM_DIAGRAM):   run;

NOTE: Variable Label is uninitialized.
WARNING: Multiple lengths were specified for the BY variable _VARIABLE_ by input data sets. This might cause unexpected results.
NOTE: There were 2 observations read from the data set WORK.PART2_BAR.
NOTE: There were 1 observations read from the data set WORK.M3ID0K5W.
NOTE: The data set WORK.PART2_BAR has 2 observations and 8 variables.
NOTE: DATA statement used (Total process time):
      real time           0.03 seconds
      cpu time            0.04 seconds
      

21690      data WORK.Part2_BAR;
MPRINT(EM_DIAGRAM):    data WORK.Part2_BAR;
21691      length DATA $8;
MPRINT(EM_DIAGRAM):   length DATA $8;
21692      set WORK.Part2_BAR;
MPRINT(EM_DIAGRAM):   set WORK.Part2_BAR;
21693      DATA = "TRAIN";
MPRINT(EM_DIAGRAM):   DATA = "TRAIN";
21694      run;
MPRINT(EM_DIAGRAM):   run;

NOTE: There were 2 observations read from the data set WORK.PART2_BAR.
NOTE: The data set WORK.PART2_BAR has 2 observations and 9 variables.
NOTE: DATA statement used (Total process time):
      real time           0.02 seconds
      cpu time            0.01 seconds
      

21695      data EMWS1.Part2_CLASS;
MPRINT(EM_DIAGRAM):   data EMWS1.Part2_CLASS;
21696      set EMWS1.Part2_CLASS WORK.Part2_BAR;
MPRINT(EM_DIAGRAM):   set EMWS1.Part2_CLASS WORK.Part2_BAR;
21697      run;
MPRINT(EM_DIAGRAM):   run;

NOTE: There were 2 observations read from the data set EMWS1.PART2_CLASS.
NOTE: There were 2 observations read from the data set WORK.PART2_BAR.
NOTE: The data set EMWS1.PART2_CLASS has 4 observations and 9 variables.
NOTE: DATA statement used (Total process time):
      real time           0.02 seconds
      cpu time            0.01 seconds
      

21698      *------------------------------------------------------------*;
MPRINT(EM_DIAGRAM):    *------------------------------------------------------------*;
21699      * Part2: Computing statistics for interval target variables;
MPRINT(EM_DIAGRAM):   * Part2: Computing statistics for interval target variables;
21700      *------------------------------------------------------------*;
MPRINT(EM_DIAGRAM):   *------------------------------------------------------------*;
21701      *------------------------------------------------------------*;
MPRINT(EM_DIAGRAM):   *------------------------------------------------------------*;
21702      * Part2: Computing statistics for class target variables;
MPRINT(EM_DIAGRAM):   * Part2: Computing statistics for class target variables;
21703      *------------------------------------------------------------*;
MPRINT(EM_DIAGRAM):   *------------------------------------------------------------*;
21704      ods listing close;
MPRINT(EM_DIAGRAM):   ods listing close;
21705      ods output onewayfreqs=WORK.TEMPFREQ;
MPRINT(EM_DIAGRAM):   ods output onewayfreqs=WORK.TEMPFREQ;
21706      proc freq data = EMWS1.Part2_VALIDATE order=formatted addnames;
MPRINT(EM_DIAGRAM):   proc freq data = EMWS1.Part2_VALIDATE order=formatted addnames;
21707      table SubroFlag / missing;
MPRINT(EM_DIAGRAM):   table SubroFlag / missing;
21708      run;
MPRINT(EM_DIAGRAM):   run;

NOTE: The data set WORK.TEMPFREQ has 2 observations and 8 variables.
NOTE: There were 1519 observations read from the data set EMWS1.PART2_VALIDATE.
NOTE: PROCEDURE FREQ used (Total process time):
      real time           0.06 seconds
      cpu time            0.01 seconds
      

MPRINT(EM_DIAGRAM):   quit;
21709      quit;
21710      ods listing;
MPRINT(EM_DIAGRAM):   ods listing;
21711      data WORK.Part2_BAR(keep=_VARIABLE_ TYPE COUNT PERCENT _X_ _XLABEL_);
MPRINT(EM_DIAGRAM):    data WORK.Part2_BAR(keep=_VARIABLE_ TYPE COUNT PERCENT _X_ _XLABEL_);
21712      label _VARIABLE_ = "%sysfunc(sasmsg(sashelp.dmine, rpt_variable_vlabel, NOQUOTE))" Type = "%sysfunc(sasmsg(sashelp.dmine, rpt_type_vlabel,         NOQUOTE))" _X_ = "%sysfunc(sasmsg(sashelp.dmine, rpt_numValue_vlabel, NOQUOTE))" _XLABEL_ =
21713         "%sysfunc(sasmsg(sashelp.dmine, rpt_fmtValue_vlabel ,    NOQUOTE))" COUNT = "%sysfunc(sasmsg(sashelp.dmine, rpt_count_vlabel,        NOQUOTE))" PERCENT = "%sysfunc(sasmsg(sashelp.dmine, rpt_percent_vlabel,      NOQUOTE))";
MPRINT(EM_DIAGRAM):   label _VARIABLE_ = "Variable" Type = "Type" _X_ = "Numeric Value" _XLABEL_ = "Formatted Value" COUNT = "Frequency Count" PERCENT = "Percent";
21714      dsid = open("WORK.TEMPFREQ");
MPRINT(EM_DIAGRAM):   dsid = open("WORK.TEMPFREQ");
21715      varnum = varnum(dsid, 'VARIABLE');
MPRINT(EM_DIAGRAM):   varnum = varnum(dsid, 'VARIABLE');
21716      freqnum = varnum(dsid, 'FREQUENCY');
MPRINT(EM_DIAGRAM):   freqnum = varnum(dsid, 'FREQUENCY');
21717      pvarnum = varnum(dsid, 'PERCENT');
MPRINT(EM_DIAGRAM):   pvarnum = varnum(dsid, 'PERCENT');
21718      typenum = varnum(dsid, '_TYPE_');
MPRINT(EM_DIAGRAM):   typenum = varnum(dsid, '_TYPE_');
21719      length _VARIABLE_ $32 TYPE $1 _XLABEL_ $32;
MPRINT(EM_DIAGRAM):   length _VARIABLE_ $32 TYPE $1 _XLABEL_ $32;
21720      do while(^fetch(dsid));
MPRINT(EM_DIAGRAM):   do while(^fetch(dsid));
21721      _VARIABLE_ = strip(getvarc(dsid, varnum));
MPRINT(EM_DIAGRAM):   _VARIABLE_ = strip(getvarc(dsid, varnum));
21722      count = getvarn(dsid, freqnum);
MPRINT(EM_DIAGRAM):   count = getvarn(dsid, freqnum);
21723      percent= getvarn(dsid, pvarnum);
MPRINT(EM_DIAGRAM):   percent= getvarn(dsid, pvarnum);
21724      vvarnum = varnum(dsid, _VARIABLE_);
MPRINT(EM_DIAGRAM):   vvarnum = varnum(dsid, _VARIABLE_);
21725      type = vartype(dsid, vvarnum);
MPRINT(EM_DIAGRAM):   type = vartype(dsid, vvarnum);
21726      fvarnum = varnum(dsid, 'F_'!!substr(_VARIABLE_, 1, 30));
MPRINT(EM_DIAGRAM):   fvarnum = varnum(dsid, 'F_'!!substr(_VARIABLE_, 1, 30));
21727      _XLABEL_ = left(getvarc(dsid, fvarnum));
MPRINT(EM_DIAGRAM):   _XLABEL_ = left(getvarc(dsid, fvarnum));
21728      _X_ = .;
MPRINT(EM_DIAGRAM):   _X_ = .;
21729      if TYPE eq 'N' then _X_ = getvarn(dsid, vvarnum);
MPRINT(EM_DIAGRAM):   if TYPE eq 'N' then _X_ = getvarn(dsid, vvarnum);
21730      output;
MPRINT(EM_DIAGRAM):   output;
21731      end;
MPRINT(EM_DIAGRAM):   end;
21732      dsid = close(dsid);
MPRINT(EM_DIAGRAM):   dsid = close(dsid);
21733      run;
MPRINT(EM_DIAGRAM):   run;

NOTE: The data set WORK.PART2_BAR has 2 observations and 6 variables.
NOTE: DATA statement used (Total process time):
      real time           0.05 seconds
      cpu time            0.04 seconds
      

21734      proc sort data=WORK.Part2_BAR NOTHREADS;
MPRINT(EM_DIAGRAM):   proc sort data=WORK.Part2_BAR NOTHREADS;
21735      by _VARIABLE_;
MPRINT(EM_DIAGRAM):   by _VARIABLE_;
21736      run;
MPRINT(EM_DIAGRAM):   run;

NOTE: There were 2 observations read from the data set WORK.PART2_BAR.
NOTE: The data set WORK.PART2_BAR has 2 observations and 6 variables.
NOTE: PROCEDURE SORT used (Total process time):
      real time           0.01 seconds
      cpu time            0.00 seconds
      

21737      proc sort data=WORK.M3ID0K5W;
MPRINT(EM_DIAGRAM):   proc sort data=WORK.M3ID0K5W;
21738      by Name;
MPRINT(EM_DIAGRAM):   by Name;
21739      run;
MPRINT(EM_DIAGRAM):   run;

NOTE: Input data set is already sorted, no sorting done.
NOTE: PROCEDURE SORT used (Total process time):
      real time           0.00 seconds
      cpu time            0.00 seconds
      

21740      data WORK.Part2_BAR;
MPRINT(EM_DIAGRAM):   data WORK.Part2_BAR;
21741      merge WORK.Part2_BAR(in=_a) WORK.M3ID0K5W(keep=Name Label Role rename=(Name=_Variable_ Label=_Label_));
MPRINT(EM_DIAGRAM):   merge WORK.Part2_BAR(in=_a) WORK.M3ID0K5W(keep=Name Label Role rename=(Name=_Variable_ Label=_Label_));
21742      by _Variable_;
MPRINT(EM_DIAGRAM):   by _Variable_;
21743      label Role = "%sysfunc(sasmsg(sashelp.dmine, meta_role_vlabel ,  NOQUOTE))";
MPRINT(EM_DIAGRAM):   label Role = "Role";
21744      label Label = "%sysfunc(sasmsg(sashelp.dmine, meta_label_vlabel , NOQUOTE))";
MPRINT(EM_DIAGRAM):   label Label = "Label";
21745      if _a then output;
MPRINT(EM_DIAGRAM):   if _a then output;
21746      run;
MPRINT(EM_DIAGRAM):   run;

NOTE: Variable Label is uninitialized.
WARNING: Multiple lengths were specified for the BY variable _VARIABLE_ by input data sets. This might cause unexpected results.
NOTE: There were 2 observations read from the data set WORK.PART2_BAR.
NOTE: There were 1 observations read from the data set WORK.M3ID0K5W.
NOTE: The data set WORK.PART2_BAR has 2 observations and 8 variables.
NOTE: DATA statement used (Total process time):
      real time           0.03 seconds
      cpu time            0.01 seconds
      

21747      data WORK.Part2_BAR;
MPRINT(EM_DIAGRAM):    data WORK.Part2_BAR;
21748      length DATA $8;
MPRINT(EM_DIAGRAM):   length DATA $8;
21749      set WORK.Part2_BAR;
MPRINT(EM_DIAGRAM):   set WORK.Part2_BAR;
21750      DATA = "VALIDATE";
MPRINT(EM_DIAGRAM):   DATA = "VALIDATE";
21751      run;
MPRINT(EM_DIAGRAM):   run;

NOTE: There were 2 observations read from the data set WORK.PART2_BAR.
NOTE: The data set WORK.PART2_BAR has 2 observations and 9 variables.
NOTE: DATA statement used (Total process time):
      real time           0.02 seconds
      cpu time            0.00 seconds
      

21752      data EMWS1.Part2_CLASS;
MPRINT(EM_DIAGRAM):   data EMWS1.Part2_CLASS;
21753      set EMWS1.Part2_CLASS WORK.Part2_BAR;
MPRINT(EM_DIAGRAM):   set EMWS1.Part2_CLASS WORK.Part2_BAR;
21754      run;
MPRINT(EM_DIAGRAM):   run;

NOTE: There were 4 observations read from the data set EMWS1.PART2_CLASS.
NOTE: There were 2 observations read from the data set WORK.PART2_BAR.
NOTE: The data set EMWS1.PART2_CLASS has 6 observations and 9 variables.
NOTE: DATA statement used (Total process time):
      real time           0.02 seconds
      cpu time            0.01 seconds
      

21755      *------------------------------------------------------------*;
MPRINT(EM_DIAGRAM):    *------------------------------------------------------------*;
21756      * Part2: Computing statistics for interval target variables;
MPRINT(EM_DIAGRAM):   * Part2: Computing statistics for interval target variables;
21757      *------------------------------------------------------------*;
MPRINT(EM_DIAGRAM):   *------------------------------------------------------------*;
21758      data EMWS1.Part2_CLASS(rename=(_VARIABLE_=VARIABLE _X_=VALUE _XLABEL_=FORMATTEDVALUE));
MPRINT(EM_DIAGRAM):   data EMWS1.Part2_CLASS(rename=(_VARIABLE_=VARIABLE _X_=VALUE _XLABEL_=FORMATTEDVALUE));
21759      label DATA = "%sysfunc(sasmsg(sashelp.dmine, rpt_data_vlabel ,   NOQUOTE))";
MPRINT(EM_DIAGRAM):   label DATA = "Data";
21760      set EMWS1.Part2_CLASS;
MPRINT(EM_DIAGRAM):   set EMWS1.Part2_CLASS;
21761      drop type role;
MPRINT(EM_DIAGRAM):   drop type role;
21762      run;
MPRINT(EM_DIAGRAM):   run;

NOTE: There were 6 observations read from the data set EMWS1.PART2_CLASS.
NOTE: The data set EMWS1.PART2_CLASS has 6 observations and 7 variables.
NOTE: DATA statement used (Total process time):
      real time           0.02 seconds
      cpu time            0.03 seconds
      

21763      proc sort data=EMWS1.Part2_CLASS NOTHREADS;
MPRINT(EM_DIAGRAM):   proc sort data=EMWS1.Part2_CLASS NOTHREADS;
21764      by DATA;
MPRINT(EM_DIAGRAM):   by DATA;
21765      run;
MPRINT(EM_DIAGRAM):   run;

NOTE: There were 6 observations read from the data set EMWS1.PART2_CLASS.
NOTE: The data set EMWS1.PART2_CLASS has 6 observations and 7 variables.
NOTE: PROCEDURE SORT used (Total process time):
      real time           0.02 seconds
      cpu time            0.00 seconds
      

21766      %let _cn = %sysfunc(getoption(CENTER));
21767      %let _nb = %sysfunc(getoption(NUMBER));
21768      options nonumber nocenter;
MPRINT(EM_DIAGRAM):   options nonumber nocenter;
21769      proc print data=EMWS1.Part2_CLASS noobs label;
MPRINT(EM_DIAGRAM):   proc print data=EMWS1.Part2_CLASS noobs label;
21770      by DATA;
MPRINT(EM_DIAGRAM):   by DATA;
21771      title9 ' ';
MPRINT(EM_DIAGRAM):   title9 ' ';
21772      title10 "%sysfunc(sasmsg(sashelp.dmine, rpt_classTargetStats_title, NOQUOTE))";
MPRINT(EM_DIAGRAM):   title10 "Summary Statistics for Class Targets";
MPRINT(EM_DIAGRAM):   run;
21773      run;

NOTE: There were 6 observations read from the data set EMWS1.PART2_CLASS.
NOTE: The PROCEDURE PRINT printed page 3.
NOTE: PROCEDURE PRINT used (Total process time):
      real time           0.06 seconds
      cpu time            0.01 seconds
      

21774      title10;
MPRINT(EM_DIAGRAM):   title10;
21775      options &_cn &_nb;
MPRINT(EM_DIAGRAM):   options NOCENTER NONUMBER;
MPRINT(EM_DIAGRAM):    proc printto;
MPRINT(EM_DIAGRAM):   run;
