NOTE: PROCEDURE PRINTTO used (Total process time):
      real time           0.00 seconds
      cpu time            0.00 seconds
      

Traverser: Traverser invoked.  MPCONNECT command is !sascmdv -nosyntaxcheck -noasynchio -noobjectserver. 
Traverser: Beginning flow traversal 
16072      data _null_;
MPRINT(EM_DIAGRAM):    data _null_;
16073      file emwipmsg;
MPRINT(EM_DIAGRAM):   file emwipmsg;
16074      put '<Node Id="Ids" Event="Run" Pid="6652" Gridid=""/>';
MPRINT(EM_DIAGRAM):   put '<Node Id="Ids" Event="Run" Pid="6652" Gridid=""/>';
16075      run;
MPRINT(EM_DIAGRAM):   run;

NOTE: The file EMWIPMSG is:
      Local Host Name=DESKTOP-8598PS1,
      Local Host IP addr=fe80::98f7:4ba2:b4a4:2933%19,
      Peer Hostname Name=DESKTOP-8598PS1,
      Peer IP addr=127.0.0.1,Peer Name=N/A,
      Peer Portno=53012,Lrecl=32767,Recfm=Variable

NOTE: 1 record was written to the file EMWIPMSG.
      The minimum record length was 49.
      The maximum record length was 49.
NOTE: DATA statement used (Total process time):
      real time           0.00 seconds
      cpu time            0.00 seconds
      

16076      %let emloopmode =;
*------------------------------------------------------------* 
* 
* Ids : Beginning update before running 
* datetime : 01MAR2017:17:30:25 
* 
*------------------------------------------------------------* 
MPRINT(EM_DIAGRAM):     filename _emtool_ 'C:\Users\Gaurav\Desktop\second sem\Data Mining\Project 2\Automobile Insurance Claim\Workspaces\EMWS1\Ids\PROPERTIES.xml' encoding="UTF-8" NOBOM;
16078      %let _HPDMGRIDHOST=;
16079      %let _HPDMGRIDINSTALLLOC=;
16080      %let _HPDMGRIDDATASERVER=;
16081      %hpdm_gridSetOPtions;
MPRINT(EM_DIAGRAM):   
MPRINT(HPDM_GRIDSETOPTIONS):   data _null_;
MPRINT(HPDM_GRIDSETOPTIONS):   length optionString string $2000;
MPRINT(HPDM_GRIDSETOPTIONS):   optionString = reverse(getoption('SET'));
MPRINT(HPDM_GRIDSETOPTIONS):   index = index(optionString, reverse('GRIDHOST'));
MPRINT(HPDM_GRIDSETOPTIONS):   if index then do;
MPRINT(HPDM_GRIDSETOPTIONS):   string = reverse(substr(optionString, 1, index-4));
MPRINT(HPDM_GRIDSETOPTIONS):   host = '"'!!strip(tranwrd(scan(string, 1, ']'), '"', ''))!!'"';
MPRINT(HPDM_GRIDSETOPTIONS):   call symput('_HPDMGRIDHOST', strip(host));
MPRINT(HPDM_GRIDSETOPTIONS):   end;
MPRINT(HPDM_GRIDSETOPTIONS):   index = index(optionString, reverse('GRIDINSTALLLOC'));
MPRINT(HPDM_GRIDSETOPTIONS):   if index then do;
MPRINT(HPDM_GRIDSETOPTIONS):   string = reverse(substr(optionString, 1, index-4));
MPRINT(HPDM_GRIDSETOPTIONS):   install = '"'!!strip(tranwrd(scan(string, 1, ']'), '"', ''))!!'"';
MPRINT(HPDM_GRIDSETOPTIONS):   call symput('_HPDMGRIDINSTALLLOC', strip(install));
MPRINT(HPDM_GRIDSETOPTIONS):   end;
MPRINT(HPDM_GRIDSETOPTIONS):   index = index(optionString, reverse('GRIDDATASERVER'));
MPRINT(HPDM_GRIDSETOPTIONS):   if index then do;
MPRINT(HPDM_GRIDSETOPTIONS):   string = reverse(substr(optionString, 1, index-4));
MPRINT(HPDM_GRIDSETOPTIONS):   server = '"'!!strip(tranwrd(scan(string, 1, ']'), '"', ''))!!'"';
MPRINT(HPDM_GRIDSETOPTIONS):   call symput('_HPDMGRIDDATASERVER', strip(server));
MPRINT(HPDM_GRIDSETOPTIONS):   end;
MPRINT(HPDM_GRIDSETOPTIONS):   run;

NOTE: DATA statement used (Total process time):
      real time           0.02 seconds
      cpu time            0.01 seconds
      

MPRINT(EM_DIAGRAM):  ;

*------------------------------------------------------------* 
* 
* Ids : End update 
* datetime : 01MAR2017:17:30:25 
* 
*------------------------------------------------------------* 
16082      %em_getactionstatus(emlib =EMWS1, nodeid=Ids);
MPRINT(EM_DIAGRAM):   
MPRINT(EM_GETACTIONSTATUS):   proc display c=sashelp.emutil.getactionstatus.scl;
MPRINT(EM_GETACTIONSTATUS):   run;

16083      %let em_Train = N;
16084      %let em_Score = N;
16085      %let em_Report = N;
16086      %let em_Run = N;
NOTE: PROCEDURE DISPLAY used (Total process time):
      real time           0.03 seconds
      cpu time            0.01 seconds
      

MPRINT(EM_GETACTIONSTATUS):   
MPRINT(EM_DIAGRAM):  ;

Node "Ids" has already run. 
Node "Ids" succeeded. 
16087      data _null_;
MPRINT(EM_DIAGRAM):    data _null_;
16088      file emwipmsg;
MPRINT(EM_DIAGRAM):   file emwipmsg;
16089      put '<Node Id="Ids" Event="Complete" Pid="6652" Gridid=""/>';
MPRINT(EM_DIAGRAM):   put '<Node Id="Ids" Event="Complete" Pid="6652" Gridid=""/>';
16090      run;
MPRINT(EM_DIAGRAM):   run;

NOTE: The file EMWIPMSG is:
      Local Host Name=DESKTOP-8598PS1,
      Local Host IP addr=fe80::98f7:4ba2:b4a4:2933%19,
      Peer Hostname Name=DESKTOP-8598PS1,
      Peer IP addr=127.0.0.1,Peer Name=N/A,
      Peer Portno=53012,Lrecl=32767,Recfm=Variable

NOTE: 1 record was written to the file EMWIPMSG.
      The minimum record length was 54.
      The maximum record length was 54.
NOTE: DATA statement used (Total process time):
      real time           0.00 seconds
      cpu time            0.00 seconds
      

Traverser: WaitingNode "TRANS" 
Traverser: WaitingNode "IMPT" 
Traverser: WaitingNode "REG" 
traverser_readyNode_note 
16091      data _null_;
MPRINT(EM_DIAGRAM):    data _null_;
16092      file emwipmsg;
MPRINT(EM_DIAGRAM):   file emwipmsg;
16093      put '<Node Id="Part" Event="Run" Pid="6652" Gridid=""/>';
MPRINT(EM_DIAGRAM):   put '<Node Id="Part" Event="Run" Pid="6652" Gridid=""/>';
16094      run;
MPRINT(EM_DIAGRAM):   run;

NOTE: The file EMWIPMSG is:
      Local Host Name=DESKTOP-8598PS1,
      Local Host IP addr=fe80::98f7:4ba2:b4a4:2933%19,
      Peer Hostname Name=DESKTOP-8598PS1,
      Peer IP addr=127.0.0.1,Peer Name=N/A,
      Peer Portno=53012,Lrecl=32767,Recfm=Variable

NOTE: 1 record was written to the file EMWIPMSG.
      The minimum record length was 50.
      The maximum record length was 50.
NOTE: DATA statement used (Total process time):
      real time           0.01 seconds
      cpu time            0.01 seconds
      

16095      %let emloopmode =;
*------------------------------------------------------------* 
* 
* Part : Beginning update before running 
* datetime : 01MAR2017:17:30:26 
* 
*------------------------------------------------------------* 
MPRINT(EM_DIAGRAM):     data WORK.Part_FILTERSET;
MPRINT(EM_DIAGRAM):   length PORT $32 USE $1;
MPRINT(EM_DIAGRAM):   DROP DELTACODE APPLYDELTA APPLYSCORE IMPORTPORT;
MPRINT(EM_DIAGRAM):   set EMWS1.Ids_exportSet ;
MPRINT(EM_DIAGRAM):   PORT = '';
MPRINT(EM_DIAGRAM):   USE = '';
MPRINT(EM_DIAGRAM):   where role in( "RAW" "TRAIN" "DOCUMENT" ) and EXPORT = 'Y' ;
MPRINT(EM_DIAGRAM):   run;
MPRINT(EM_DIAGRAM):    filename _emtool_ 'C:\Users\Gaurav\Desktop\second sem\Data Mining\Project 2\Automobile Insurance Claim\Workspaces\EMWS1\Part\PROPERTIES.xml' encoding="UTF-8" NOBOM;
16114      %let _HPDMGRIDHOST=;
16115      %let _HPDMGRIDINSTALLLOC=;
16116      %let _HPDMGRIDDATASERVER=;
16117      %hpdm_gridSetOPtions;
MPRINT(EM_DIAGRAM):   
MPRINT(HPDM_GRIDSETOPTIONS):   data _null_;
MPRINT(HPDM_GRIDSETOPTIONS):   length optionString string $2000;
MPRINT(HPDM_GRIDSETOPTIONS):   optionString = reverse(getoption('SET'));
MPRINT(HPDM_GRIDSETOPTIONS):   index = index(optionString, reverse('GRIDHOST'));
MPRINT(HPDM_GRIDSETOPTIONS):   if index then do;
MPRINT(HPDM_GRIDSETOPTIONS):   string = reverse(substr(optionString, 1, index-4));
MPRINT(HPDM_GRIDSETOPTIONS):   host = '"'!!strip(tranwrd(scan(string, 1, ']'), '"', ''))!!'"';
MPRINT(HPDM_GRIDSETOPTIONS):   call symput('_HPDMGRIDHOST', strip(host));
MPRINT(HPDM_GRIDSETOPTIONS):   end;
MPRINT(HPDM_GRIDSETOPTIONS):   index = index(optionString, reverse('GRIDINSTALLLOC'));
MPRINT(HPDM_GRIDSETOPTIONS):   if index then do;
MPRINT(HPDM_GRIDSETOPTIONS):   string = reverse(substr(optionString, 1, index-4));
MPRINT(HPDM_GRIDSETOPTIONS):   install = '"'!!strip(tranwrd(scan(string, 1, ']'), '"', ''))!!'"';
MPRINT(HPDM_GRIDSETOPTIONS):   call symput('_HPDMGRIDINSTALLLOC', strip(install));
MPRINT(HPDM_GRIDSETOPTIONS):   end;
MPRINT(HPDM_GRIDSETOPTIONS):   index = index(optionString, reverse('GRIDDATASERVER'));
MPRINT(HPDM_GRIDSETOPTIONS):   if index then do;
MPRINT(HPDM_GRIDSETOPTIONS):   string = reverse(substr(optionString, 1, index-4));
MPRINT(HPDM_GRIDSETOPTIONS):   server = '"'!!strip(tranwrd(scan(string, 1, ']'), '"', ''))!!'"';
MPRINT(HPDM_GRIDSETOPTIONS):   call symput('_HPDMGRIDDATASERVER', strip(server));
MPRINT(HPDM_GRIDSETOPTIONS):   end;
MPRINT(HPDM_GRIDSETOPTIONS):   run;

NOTE: DATA statement used (Total process time):
      real time           0.00 seconds
      cpu time            0.00 seconds
      

MPRINT(EM_DIAGRAM):  ;

*------------------------------------------------------------* 
* 
* Part : End update 
* datetime : 01MAR2017:17:30:26 
* 
*------------------------------------------------------------* 
16118      %em_getactionstatus(emlib =EMWS1, nodeid=Part);
MPRINT(EM_DIAGRAM):   
MPRINT(EM_GETACTIONSTATUS):   proc display c=sashelp.emutil.getactionstatus.scl;
MPRINT(EM_GETACTIONSTATUS):   run;

16119      %let em_Train = N;
16120      %let em_Score = N;
16121      %let em_Report = N;
16122      %let em_Run = N;
NOTE: PROCEDURE DISPLAY used (Total process time):
      real time           0.00 seconds
      cpu time            0.00 seconds
      

MPRINT(EM_GETACTIONSTATUS):   
MPRINT(EM_DIAGRAM):  ;

Node "Part" has already run. 
Node "Part" succeeded. 
16123      data _null_;
MPRINT(EM_DIAGRAM):    data _null_;
16124      file emwipmsg;
MPRINT(EM_DIAGRAM):   file emwipmsg;
16125      put '<Node Id="Part" Event="Complete" Pid="6652" Gridid=""/>';
MPRINT(EM_DIAGRAM):   put '<Node Id="Part" Event="Complete" Pid="6652" Gridid=""/>';
16126      run;
MPRINT(EM_DIAGRAM):   run;

NOTE: The file EMWIPMSG is:
      Local Host Name=DESKTOP-8598PS1,
      Local Host IP addr=fe80::98f7:4ba2:b4a4:2933%19,
      Peer Hostname Name=DESKTOP-8598PS1,
      Peer IP addr=127.0.0.1,Peer Name=N/A,
      Peer Portno=53012,Lrecl=32767,Recfm=Variable

NOTE: 1 record was written to the file EMWIPMSG.
      The minimum record length was 55.
      The maximum record length was 55.
NOTE: DATA statement used (Total process time):
      real time           0.01 seconds
      cpu time            0.01 seconds
      

Traverser: WaitingNode "IMPT" 
Traverser: WaitingNode "REG" 
traverser_readyNode_note 
16127      data _null_;
MPRINT(EM_DIAGRAM):    data _null_;
16128      file emwipmsg;
MPRINT(EM_DIAGRAM):   file emwipmsg;
16129      put '<Node Id="Trans" Event="Run" Pid="6652" Gridid=""/>';
MPRINT(EM_DIAGRAM):   put '<Node Id="Trans" Event="Run" Pid="6652" Gridid=""/>';
16130      run;
MPRINT(EM_DIAGRAM):   run;

NOTE: The file EMWIPMSG is:
      Local Host Name=DESKTOP-8598PS1,
      Local Host IP addr=fe80::98f7:4ba2:b4a4:2933%19,
      Peer Hostname Name=DESKTOP-8598PS1,
      Peer IP addr=127.0.0.1,Peer Name=N/A,
      Peer Portno=53012,Lrecl=32767,Recfm=Variable

NOTE: 1 record was written to the file EMWIPMSG.
      The minimum record length was 51.
      The maximum record length was 51.
NOTE: DATA statement used (Total process time):
      real time           0.01 seconds
      cpu time            0.01 seconds
      

16131      %let emloopmode =;
*------------------------------------------------------------* 
* 
* Trans : Beginning update before running 
* datetime : 01MAR2017:17:30:27 
* 
*------------------------------------------------------------* 
MPRINT(EM_DIAGRAM):     data WORK.Trans_FILTERSET;
MPRINT(EM_DIAGRAM):   length PORT $32 USE $1;
MPRINT(EM_DIAGRAM):   DROP DELTACODE APPLYDELTA APPLYSCORE IMPORTPORT;
MPRINT(EM_DIAGRAM):   set EMWS1.Part_exportSet ;
MPRINT(EM_DIAGRAM):   PORT = '';
MPRINT(EM_DIAGRAM):   USE = '';
MPRINT(EM_DIAGRAM):   where role in( "RAW" "TRAIN" "VALIDATE" "TEST" ) and EXPORT = 'Y' ;
MPRINT(EM_DIAGRAM):   run;
MPRINT(EM_DIAGRAM):    filename _emtool_ 'C:\Users\Gaurav\Desktop\second sem\Data Mining\Project 2\Automobile Insurance Claim\Workspaces\EMWS1\Trans\PROPERTIES.xml' encoding="UTF-8" NOBOM;
16151      %let _HPDMGRIDHOST=;
16152      %let _HPDMGRIDINSTALLLOC=;
16153      %let _HPDMGRIDDATASERVER=;
16154      %hpdm_gridSetOPtions;
MPRINT(EM_DIAGRAM):   
MPRINT(HPDM_GRIDSETOPTIONS):   data _null_;
MPRINT(HPDM_GRIDSETOPTIONS):   length optionString string $2000;
MPRINT(HPDM_GRIDSETOPTIONS):   optionString = reverse(getoption('SET'));
MPRINT(HPDM_GRIDSETOPTIONS):   index = index(optionString, reverse('GRIDHOST'));
MPRINT(HPDM_GRIDSETOPTIONS):   if index then do;
MPRINT(HPDM_GRIDSETOPTIONS):   string = reverse(substr(optionString, 1, index-4));
MPRINT(HPDM_GRIDSETOPTIONS):   host = '"'!!strip(tranwrd(scan(string, 1, ']'), '"', ''))!!'"';
MPRINT(HPDM_GRIDSETOPTIONS):   call symput('_HPDMGRIDHOST', strip(host));
MPRINT(HPDM_GRIDSETOPTIONS):   end;
MPRINT(HPDM_GRIDSETOPTIONS):   index = index(optionString, reverse('GRIDINSTALLLOC'));
MPRINT(HPDM_GRIDSETOPTIONS):   if index then do;
MPRINT(HPDM_GRIDSETOPTIONS):   string = reverse(substr(optionString, 1, index-4));
MPRINT(HPDM_GRIDSETOPTIONS):   install = '"'!!strip(tranwrd(scan(string, 1, ']'), '"', ''))!!'"';
MPRINT(HPDM_GRIDSETOPTIONS):   call symput('_HPDMGRIDINSTALLLOC', strip(install));
MPRINT(HPDM_GRIDSETOPTIONS):   end;
MPRINT(HPDM_GRIDSETOPTIONS):   index = index(optionString, reverse('GRIDDATASERVER'));
MPRINT(HPDM_GRIDSETOPTIONS):   if index then do;
MPRINT(HPDM_GRIDSETOPTIONS):   string = reverse(substr(optionString, 1, index-4));
MPRINT(HPDM_GRIDSETOPTIONS):   server = '"'!!strip(tranwrd(scan(string, 1, ']'), '"', ''))!!'"';
MPRINT(HPDM_GRIDSETOPTIONS):   call symput('_HPDMGRIDDATASERVER', strip(server));
MPRINT(HPDM_GRIDSETOPTIONS):   end;
MPRINT(HPDM_GRIDSETOPTIONS):   run;

NOTE: DATA statement used (Total process time):
      real time           0.00 seconds
      cpu time            0.00 seconds
      

MPRINT(EM_DIAGRAM):  ;

*------------------------------------------------------------* 
* 
* Trans : End update 
* datetime : 01MAR2017:17:30:27 
* 
*------------------------------------------------------------* 
16155      %em_getactionstatus(emlib =EMWS1, nodeid=Trans);
MPRINT(EM_DIAGRAM):   
MPRINT(EM_GETACTIONSTATUS):   proc display c=sashelp.emutil.getactionstatus.scl;
MPRINT(EM_GETACTIONSTATUS):   run;

16156      %let em_filemodtime=;
16157      data _null_;
MPRINT(EM_GETACTIONSTATUS):   data _null_;
16158      format modate best.;
MPRINT(EM_GETACTIONSTATUS):   format modate best.;
16159      set sashelp.Vextfl;
MPRINT(EM_GETACTIONSTATUS):   set sashelp.Vextfl;
16160      where fileref eq "#LN00163";
MPRINT(EM_GETACTIONSTATUS):   where fileref eq "#LN00163";
16161      call symput('EM_FILEMODTIME', put(modate, best.));
MPRINT(EM_GETACTIONSTATUS):   call symput('EM_FILEMODTIME', put(modate, best.));
16162      run;
MPRINT(EM_GETACTIONSTATUS):   run;

NOTE: There were 1 observations read from the data set SASHELP.VEXTFL.
      WHERE fileref='#LN00163';
NOTE: DATA statement used (Total process time):
      real time           0.01 seconds
      cpu time            0.01 seconds
      

16163      %symdel em_filemodtime;
WARNING: Attempt to delete macro variable EM_FILEMODTIME failed. Variable not found.
16164      %let em_filemodtime=;
16165      data _null_;
MPRINT(EM_GETACTIONSTATUS):     data _null_;
16166      format modate best.;
MPRINT(EM_GETACTIONSTATUS):   format modate best.;
16167      set sashelp.Vextfl;
MPRINT(EM_GETACTIONSTATUS):   set sashelp.Vextfl;
16168      where fileref eq "#LN00164";
MPRINT(EM_GETACTIONSTATUS):   where fileref eq "#LN00164";
16169      call symput('EM_FILEMODTIME', put(modate, best.));
MPRINT(EM_GETACTIONSTATUS):   call symput('EM_FILEMODTIME', put(modate, best.));
16170      run;
MPRINT(EM_GETACTIONSTATUS):   run;

NOTE: There were 1 observations read from the data set SASHELP.VEXTFL.
      WHERE fileref='#LN00164';
NOTE: DATA statement used (Total process time):
      real time           0.01 seconds
      cpu time            0.01 seconds
      

16171      %symdel em_filemodtime;
WARNING: Attempt to delete macro variable EM_FILEMODTIME failed. Variable not found.
16172      %let em_filemodtime=;
16173      data _null_;
MPRINT(EM_GETACTIONSTATUS):     data _null_;
16174      format modate best.;
MPRINT(EM_GETACTIONSTATUS):   format modate best.;
16175      set sashelp.Vextfl;
MPRINT(EM_GETACTIONSTATUS):   set sashelp.Vextfl;
16176      where fileref eq "#LN00165";
MPRINT(EM_GETACTIONSTATUS):   where fileref eq "#LN00165";
16177      call symput('EM_FILEMODTIME', put(modate, best.));
MPRINT(EM_GETACTIONSTATUS):   call symput('EM_FILEMODTIME', put(modate, best.));
16178      run;
MPRINT(EM_GETACTIONSTATUS):   run;

NOTE: There were 1 observations read from the data set SASHELP.VEXTFL.
      WHERE fileref='#LN00165';
NOTE: DATA statement used (Total process time):
      real time           0.00 seconds
      cpu time            0.00 seconds
      

16179      %symdel em_filemodtime;
WARNING: Attempt to delete macro variable EM_FILEMODTIME failed. Variable not found.
16180      %let em_Train = N;
16181      %let em_Score = N;
16182      %let em_Report = N;
16183      %let em_Run = N;
NOTE: PROCEDURE DISPLAY used (Total process time):
      real time           0.06 seconds
      cpu time            0.06 seconds
      

MPRINT(EM_GETACTIONSTATUS):     
MPRINT(EM_DIAGRAM):  ;

Node "Trans" has already run. 
Node "Trans" succeeded. 
16184      data _null_;
MPRINT(EM_DIAGRAM):    data _null_;
16185      file emwipmsg;
MPRINT(EM_DIAGRAM):   file emwipmsg;
16186      put '<Node Id="Trans" Event="Complete" Pid="6652" Gridid=""/>';
MPRINT(EM_DIAGRAM):   put '<Node Id="Trans" Event="Complete" Pid="6652" Gridid=""/>';
16187      run;
MPRINT(EM_DIAGRAM):   run;

NOTE: The file EMWIPMSG is:
      Local Host Name=DESKTOP-8598PS1,
      Local Host IP addr=fe80::98f7:4ba2:b4a4:2933%19,
      Peer Hostname Name=DESKTOP-8598PS1,
      Peer IP addr=127.0.0.1,Peer Name=N/A,
      Peer Portno=53012,Lrecl=32767,Recfm=Variable

NOTE: 1 record was written to the file EMWIPMSG.
      The minimum record length was 56.
      The maximum record length was 56.
NOTE: DATA statement used (Total process time):
      real time           0.00 seconds
      cpu time            0.00 seconds
      

Traverser: WaitingNode "REG" 
traverser_readyNode_note 
16188      data _null_;
MPRINT(EM_DIAGRAM):    data _null_;
16189      file emwipmsg;
MPRINT(EM_DIAGRAM):   file emwipmsg;
16190      put '<Node Id="Impt" Event="Run" Pid="6652" Gridid=""/>';
MPRINT(EM_DIAGRAM):   put '<Node Id="Impt" Event="Run" Pid="6652" Gridid=""/>';
16191      run;
MPRINT(EM_DIAGRAM):   run;

NOTE: The file EMWIPMSG is:
      Local Host Name=DESKTOP-8598PS1,
      Local Host IP addr=fe80::98f7:4ba2:b4a4:2933%19,
      Peer Hostname Name=DESKTOP-8598PS1,
      Peer IP addr=127.0.0.1,Peer Name=N/A,
      Peer Portno=53012,Lrecl=32767,Recfm=Variable

NOTE: 1 record was written to the file EMWIPMSG.
      The minimum record length was 50.
      The maximum record length was 50.
NOTE: DATA statement used (Total process time):
      real time           0.00 seconds
      cpu time            0.00 seconds
      

16192      %let emloopmode =;
*------------------------------------------------------------* 
* 
* Impt : Beginning update before running 
* datetime : 01MAR2017:17:30:28 
* 
*------------------------------------------------------------* 
MPRINT(EM_DIAGRAM):     data WORK.Impt_FILTERSET;
MPRINT(EM_DIAGRAM):   length PORT $32 USE $1;
MPRINT(EM_DIAGRAM):   DROP DELTACODE APPLYDELTA APPLYSCORE IMPORTPORT;
MPRINT(EM_DIAGRAM):   set EMWS1.Trans_exportSet ;
MPRINT(EM_DIAGRAM):   PORT = '';
MPRINT(EM_DIAGRAM):   USE = '';
MPRINT(EM_DIAGRAM):   where role in( "RAW" "TRAIN" "VALIDATE" "TEST" ) and EXPORT = 'Y' ;
MPRINT(EM_DIAGRAM):   run;
16211      *------------------------------------------------------------*;
MPRINT(EM_DIAGRAM):    *------------------------------------------------------------*;
16212      * Impt: Update Variables Set;
MPRINT(EM_DIAGRAM):   * Impt: Update Variables Set;
16213      *------------------------------------------------------------*;
MPRINT(EM_DIAGRAM):   *------------------------------------------------------------*;

16214      proc sort data=EMWS1.Trans_CMeta_TRAIN out=_SortedVar;
MPRINT(EM_DIAGRAM):    proc sort data=EMWS1.Trans_CMeta_TRAIN out=_SortedVar;
16215      by name;
MPRINT(EM_DIAGRAM):   by name;
16216      run;
MPRINT(EM_DIAGRAM):   run;

NOTE: There were 24 observations read from the data set EMWS1.TRANS_CMETA_TRAIN.
NOTE: The data set WORK._SORTEDVAR has 24 observations and 20 variables.
NOTE: PROCEDURE SORT used (Total process time):
      real time           0.01 seconds
      cpu time            0.01 seconds
      

MPRINT(EM_DIAGRAM):    data _SortedVar;
MPRINT(EM_DIAGRAM):   set _SortedVar;
MPRINT(EM_DIAGRAM):   where ROLE in("TARGET" "INPUT" "REJECTED" "FREQ");
MPRINT(EM_DIAGRAM):   run;
16221      proc sort data=EMWS1.Impt_VariableSet;
MPRINT(EM_DIAGRAM):    proc sort data=EMWS1.Impt_VariableSet;
16222      by name;
MPRINT(EM_DIAGRAM):   by name;
16223      run;
MPRINT(EM_DIAGRAM):   run;

NOTE: There were 22 observations read from the data set EMWS1.IMPT_VARIABLESET.
NOTE: The data set EMWS1.IMPT_VARIABLESET has 22 observations and 23 variables.
NOTE: PROCEDURE SORT used (Total process time):
      real time           0.01 seconds
      cpu time            0.00 seconds
      

16224      data EMWS1.Impt_VariableSet;
MPRINT(EM_DIAGRAM):   data EMWS1.Impt_VariableSet;
16225      merge _SortedVar(in=_a) EMWS1.Impt_VariableSet(in=_b rename=(ROLE = OLDROLE) keep=NAME ROLE USE METHOD USETREE);
MPRINT(EM_DIAGRAM):   merge _SortedVar(in=_a) EMWS1.Impt_VariableSet(in=_b rename=(ROLE = OLDROLE) keep=NAME ROLE USE METHOD USETREE);
16226      by name;
MPRINT(EM_DIAGRAM):   by name;
16227      if (OLDROLE = 'TARGET' and use = 'Y') and ROLE = 'REJECTED' then USE = 'D';
MPRINT(EM_DIAGRAM):   if (OLDROLE = 'TARGET' and use = 'Y') and ROLE = 'REJECTED' then USE = 'D';
16228      drop OLDROLE;
MPRINT(EM_DIAGRAM):   drop OLDROLE;
16229      if _b and ^_a then delete;
MPRINT(EM_DIAGRAM):   if _b and ^_a then delete;
16230      run;
MPRINT(EM_DIAGRAM):   run;

NOTE: There were 22 observations read from the data set WORK._SORTEDVAR.
NOTE: There were 22 observations read from the data set EMWS1.IMPT_VARIABLESET.
NOTE: The data set EMWS1.IMPT_VARIABLESET has 22 observations and 23 variables.
NOTE: DATA statement used (Total process time):
      real time           0.00 seconds
      cpu time            0.00 seconds
      

16231      * Impt: End of Update Variables Set;
MPRINT(EM_DIAGRAM):    * Impt: End of Update Variables Set;
16232      *------------------------------------------------------------*;
MPRINT(EM_DIAGRAM):   *------------------------------------------------------------*;

MPRINT(EM_DIAGRAM):    filename _emtool_ 'C:\Users\Gaurav\Desktop\second sem\Data Mining\Project 2\Automobile Insurance Claim\Workspaces\EMWS1\Impt\PROPERTIES.xml' encoding="UTF-8" NOBOM;
16234      %let _HPDMGRIDHOST=;
16235      %let _HPDMGRIDINSTALLLOC=;
16236      %let _HPDMGRIDDATASERVER=;
16237      %hpdm_gridSetOPtions;
MPRINT(EM_DIAGRAM):   
MPRINT(HPDM_GRIDSETOPTIONS):   data _null_;
MPRINT(HPDM_GRIDSETOPTIONS):   length optionString string $2000;
MPRINT(HPDM_GRIDSETOPTIONS):   optionString = reverse(getoption('SET'));
MPRINT(HPDM_GRIDSETOPTIONS):   index = index(optionString, reverse('GRIDHOST'));
MPRINT(HPDM_GRIDSETOPTIONS):   if index then do;
MPRINT(HPDM_GRIDSETOPTIONS):   string = reverse(substr(optionString, 1, index-4));
MPRINT(HPDM_GRIDSETOPTIONS):   host = '"'!!strip(tranwrd(scan(string, 1, ']'), '"', ''))!!'"';
MPRINT(HPDM_GRIDSETOPTIONS):   call symput('_HPDMGRIDHOST', strip(host));
MPRINT(HPDM_GRIDSETOPTIONS):   end;
MPRINT(HPDM_GRIDSETOPTIONS):   index = index(optionString, reverse('GRIDINSTALLLOC'));
MPRINT(HPDM_GRIDSETOPTIONS):   if index then do;
MPRINT(HPDM_GRIDSETOPTIONS):   string = reverse(substr(optionString, 1, index-4));
MPRINT(HPDM_GRIDSETOPTIONS):   install = '"'!!strip(tranwrd(scan(string, 1, ']'), '"', ''))!!'"';
MPRINT(HPDM_GRIDSETOPTIONS):   call symput('_HPDMGRIDINSTALLLOC', strip(install));
MPRINT(HPDM_GRIDSETOPTIONS):   end;
MPRINT(HPDM_GRIDSETOPTIONS):   index = index(optionString, reverse('GRIDDATASERVER'));
MPRINT(HPDM_GRIDSETOPTIONS):   if index then do;
MPRINT(HPDM_GRIDSETOPTIONS):   string = reverse(substr(optionString, 1, index-4));
MPRINT(HPDM_GRIDSETOPTIONS):   server = '"'!!strip(tranwrd(scan(string, 1, ']'), '"', ''))!!'"';
MPRINT(HPDM_GRIDSETOPTIONS):   call symput('_HPDMGRIDDATASERVER', strip(server));
MPRINT(HPDM_GRIDSETOPTIONS):   end;
MPRINT(HPDM_GRIDSETOPTIONS):   run;

NOTE: DATA statement used (Total process time):
      real time           0.00 seconds
      cpu time            0.00 seconds
      

MPRINT(EM_DIAGRAM):  ;

*------------------------------------------------------------* 
* 
* Impt : End update 
* datetime : 01MAR2017:17:30:28 
* 
*------------------------------------------------------------* 
16238      %em_getactionstatus(emlib =EMWS1, nodeid=Impt);
MPRINT(EM_DIAGRAM):   
MPRINT(EM_GETACTIONSTATUS):   proc display c=sashelp.emutil.getactionstatus.scl;
MPRINT(EM_GETACTIONSTATUS):   run;

16239      proc compare base=EMWS1.Impt_emtrainvariable compare=EMWS1.Impt_variableSet out=diffDS noprint outnoequal outbase outcomp outdiff;
MPRINT(EM_GETACTIONSTATUS):   proc compare base=EMWS1.Impt_emtrainvariable compare=EMWS1.Impt_variableSet out=diffDS noprint outnoequal outbase outcomp outdiff;
16240      run;
MPRINT(EM_GETACTIONSTATUS):   run;

NOTE: There were 22 observations read from the data set EMWS1.IMPT_EMTRAINVARIABLE.
NOTE: There were 22 observations read from the data set EMWS1.IMPT_VARIABLESET.
NOTE: The data set WORK.DIFFDS has 0 observations and 10 variables.
NOTE: PROCEDURE COMPARE used (Total process time):
      real time           0.01 seconds
      cpu time            0.01 seconds
      

16241      %let diffVar = N;
16242      data _null_;
MPRINT(EM_GETACTIONSTATUS):   data _null_;
16243      set diffDs end=eof;
MPRINT(EM_GETACTIONSTATUS):   set diffDs end=eof;
16244      if eof and _N_>0 then call symput('diffVar', 'Y');
MPRINT(EM_GETACTIONSTATUS):   if eof and _N_>0 then call symput('diffVar', 'Y');
16245      run;
MPRINT(EM_GETACTIONSTATUS):   run;

NOTE: There were 0 observations read from the data set WORK.DIFFDS.
NOTE: DATA statement used (Total process time):
      real time           0.01 seconds
      cpu time            0.01 seconds
      

16246      %let em_Train = N;
16247      %let em_Score = N;
16248      %let em_Report = N;
16249      %let em_Run = N;
NOTE: PROCEDURE DISPLAY used (Total process time):
      real time           0.06 seconds
      cpu time            0.04 seconds
      

MPRINT(EM_GETACTIONSTATUS):    
MPRINT(EM_DIAGRAM):  ;

Node "Impt" has already run. 
Node "Impt" succeeded. 
16250      data _null_;
MPRINT(EM_DIAGRAM):    data _null_;
16251      file emwipmsg;
MPRINT(EM_DIAGRAM):   file emwipmsg;
16252      put '<Node Id="Impt" Event="Complete" Pid="6652" Gridid=""/>';
MPRINT(EM_DIAGRAM):   put '<Node Id="Impt" Event="Complete" Pid="6652" Gridid=""/>';
16253      run;
MPRINT(EM_DIAGRAM):   run;

NOTE: The file EMWIPMSG is:
      Local Host Name=DESKTOP-8598PS1,
      Local Host IP addr=fe80::98f7:4ba2:b4a4:2933%19,
      Peer Hostname Name=DESKTOP-8598PS1,
      Peer IP addr=127.0.0.1,Peer Name=N/A,
      Peer Portno=53012,Lrecl=32767,Recfm=Variable

NOTE: 1 record was written to the file EMWIPMSG.
      The minimum record length was 55.
      The maximum record length was 55.
NOTE: DATA statement used (Total process time):
      real time           0.01 seconds
      cpu time            0.01 seconds
      

traverser_readyNode_note 
16254      data _null_;
MPRINT(EM_DIAGRAM):    data _null_;
16255      file emwipmsg;
MPRINT(EM_DIAGRAM):   file emwipmsg;
16256      put '<Node Id="Reg" Event="Run" Pid="6652" Gridid=""/>';
MPRINT(EM_DIAGRAM):   put '<Node Id="Reg" Event="Run" Pid="6652" Gridid=""/>';
16257      run;
MPRINT(EM_DIAGRAM):   run;

NOTE: The file EMWIPMSG is:
      Local Host Name=DESKTOP-8598PS1,
      Local Host IP addr=fe80::98f7:4ba2:b4a4:2933%19,
      Peer Hostname Name=DESKTOP-8598PS1,
      Peer IP addr=127.0.0.1,Peer Name=N/A,
      Peer Portno=53012,Lrecl=32767,Recfm=Variable

NOTE: 1 record was written to the file EMWIPMSG.
      The minimum record length was 49.
      The maximum record length was 49.
NOTE: DATA statement used (Total process time):
      real time           0.00 seconds
      cpu time            0.00 seconds
      

16258      %let emloopmode =;
*------------------------------------------------------------* 
* 
* Reg : Beginning update before running 
* datetime : 01MAR2017:17:30:28 
* 
*------------------------------------------------------------* 
MPRINT(EM_DIAGRAM):     data WORK.Reg_FILTERSET;
MPRINT(EM_DIAGRAM):   length PORT $32 USE $1;
MPRINT(EM_DIAGRAM):   DROP DELTACODE APPLYDELTA APPLYSCORE IMPORTPORT;
MPRINT(EM_DIAGRAM):   set EMWS1.Impt_exportSet ;
MPRINT(EM_DIAGRAM):   PORT = '';
MPRINT(EM_DIAGRAM):   USE = '';
MPRINT(EM_DIAGRAM):   where role in( "RAW" "TRAIN" "VALIDATE" "TEST" ) and EXPORT = 'Y' ;
MPRINT(EM_DIAGRAM):   run;
16277      *------------------------------------------------------------*;
MPRINT(EM_DIAGRAM):    *------------------------------------------------------------*;
16278      * Reg: Update Variables Set;
MPRINT(EM_DIAGRAM):   * Reg: Update Variables Set;
16279      *------------------------------------------------------------*;
MPRINT(EM_DIAGRAM):   *------------------------------------------------------------*;

16280      proc sort data=EMWS1.Impt_CMeta_TRAIN out=_SortedVar;
MPRINT(EM_DIAGRAM):    proc sort data=EMWS1.Impt_CMeta_TRAIN out=_SortedVar;
16281      by name;
MPRINT(EM_DIAGRAM):   by name;
16282      run;
MPRINT(EM_DIAGRAM):   run;

NOTE: There were 30 observations read from the data set EMWS1.IMPT_CMETA_TRAIN.
NOTE: The data set WORK._SORTEDVAR has 30 observations and 20 variables.
NOTE: PROCEDURE SORT used (Total process time):
      real time           0.01 seconds
      cpu time            0.00 seconds
      

MPRINT(EM_DIAGRAM):    data _SortedVar;
MPRINT(EM_DIAGRAM):   set _SortedVar;
MPRINT(EM_DIAGRAM):   where (ROLE="TARGET" and LEVEL ne "UNARY") or ROLE in("INPUT" "REJECTED" "FREQ");
MPRINT(EM_DIAGRAM):   run;
16287      proc sort data=EMWS1.Reg_VariableSet;
MPRINT(EM_DIAGRAM):    proc sort data=EMWS1.Reg_VariableSet;
16288      by name;
MPRINT(EM_DIAGRAM):   by name;
16289      run;
MPRINT(EM_DIAGRAM):   run;

NOTE: There were 28 observations read from the data set EMWS1.REG_VARIABLESET.
NOTE: The data set EMWS1.REG_VARIABLESET has 28 observations and 21 variables.
NOTE: PROCEDURE SORT used (Total process time):
      real time           0.02 seconds
      cpu time            0.03 seconds
      

16290      data EMWS1.Reg_VariableSet;
MPRINT(EM_DIAGRAM):   data EMWS1.Reg_VariableSet;
16291      merge _SortedVar(in=_a) EMWS1.Reg_VariableSet(in=_b rename=(ROLE = OLDROLE) keep=NAME ROLE USE REPORT);
MPRINT(EM_DIAGRAM):   merge _SortedVar(in=_a) EMWS1.Reg_VariableSet(in=_b rename=(ROLE = OLDROLE) keep=NAME ROLE USE REPORT);
16292      by name;
MPRINT(EM_DIAGRAM):   by name;
16293      if (OLDROLE = 'TARGET' and use = 'Y') and ROLE = 'REJECTED' then USE = 'D';
MPRINT(EM_DIAGRAM):   if (OLDROLE = 'TARGET' and use = 'Y') and ROLE = 'REJECTED' then USE = 'D';
16294      drop OLDROLE;
MPRINT(EM_DIAGRAM):   drop OLDROLE;
16295      if _b and ^_a then delete;
MPRINT(EM_DIAGRAM):   if _b and ^_a then delete;
16296      run;
MPRINT(EM_DIAGRAM):   run;

NOTE: There were 28 observations read from the data set WORK._SORTEDVAR.
NOTE: There were 28 observations read from the data set EMWS1.REG_VARIABLESET.
NOTE: The data set EMWS1.REG_VARIABLESET has 28 observations and 21 variables.
NOTE: DATA statement used (Total process time):
      real time           0.00 seconds
      cpu time            0.00 seconds
      

16297      * Reg: End of Update Variables Set;
MPRINT(EM_DIAGRAM):    * Reg: End of Update Variables Set;
16298      *------------------------------------------------------------*;
MPRINT(EM_DIAGRAM):   *------------------------------------------------------------*;

MPRINT(EM_DIAGRAM):    filename _emtool_ 'C:\Users\Gaurav\Desktop\second sem\Data Mining\Project 2\Automobile Insurance Claim\Workspaces\EMWS1\Reg\PROPERTIES.xml' encoding="UTF-8" NOBOM;
16300      %let _HPDMGRIDHOST=;
16301      %let _HPDMGRIDINSTALLLOC=;
16302      %let _HPDMGRIDDATASERVER=;
16303      %hpdm_gridSetOPtions;
MPRINT(EM_DIAGRAM):   
MPRINT(HPDM_GRIDSETOPTIONS):   data _null_;
MPRINT(HPDM_GRIDSETOPTIONS):   length optionString string $2000;
MPRINT(HPDM_GRIDSETOPTIONS):   optionString = reverse(getoption('SET'));
MPRINT(HPDM_GRIDSETOPTIONS):   index = index(optionString, reverse('GRIDHOST'));
MPRINT(HPDM_GRIDSETOPTIONS):   if index then do;
MPRINT(HPDM_GRIDSETOPTIONS):   string = reverse(substr(optionString, 1, index-4));
MPRINT(HPDM_GRIDSETOPTIONS):   host = '"'!!strip(tranwrd(scan(string, 1, ']'), '"', ''))!!'"';
MPRINT(HPDM_GRIDSETOPTIONS):   call symput('_HPDMGRIDHOST', strip(host));
MPRINT(HPDM_GRIDSETOPTIONS):   end;
MPRINT(HPDM_GRIDSETOPTIONS):   index = index(optionString, reverse('GRIDINSTALLLOC'));
MPRINT(HPDM_GRIDSETOPTIONS):   if index then do;
MPRINT(HPDM_GRIDSETOPTIONS):   string = reverse(substr(optionString, 1, index-4));
MPRINT(HPDM_GRIDSETOPTIONS):   install = '"'!!strip(tranwrd(scan(string, 1, ']'), '"', ''))!!'"';
MPRINT(HPDM_GRIDSETOPTIONS):   call symput('_HPDMGRIDINSTALLLOC', strip(install));
MPRINT(HPDM_GRIDSETOPTIONS):   end;
MPRINT(HPDM_GRIDSETOPTIONS):   index = index(optionString, reverse('GRIDDATASERVER'));
MPRINT(HPDM_GRIDSETOPTIONS):   if index then do;
MPRINT(HPDM_GRIDSETOPTIONS):   string = reverse(substr(optionString, 1, index-4));
MPRINT(HPDM_GRIDSETOPTIONS):   server = '"'!!strip(tranwrd(scan(string, 1, ']'), '"', ''))!!'"';
MPRINT(HPDM_GRIDSETOPTIONS):   call symput('_HPDMGRIDDATASERVER', strip(server));
MPRINT(HPDM_GRIDSETOPTIONS):   end;
MPRINT(HPDM_GRIDSETOPTIONS):   run;

NOTE: DATA statement used (Total process time):
      real time           0.00 seconds
      cpu time            0.00 seconds
      

MPRINT(EM_DIAGRAM):  ;

*------------------------------------------------------------* 
* 
* Reg : End update 
* datetime : 01MAR2017:17:30:29 
* 
*------------------------------------------------------------* 
16304      %em_getactionstatus(emlib =EMWS1, nodeid=Reg);
MPRINT(EM_DIAGRAM):   
MPRINT(EM_GETACTIONSTATUS):   proc display c=sashelp.emutil.getactionstatus.scl;
MPRINT(EM_GETACTIONSTATUS):   run;

16305      proc compare base=EMWS1.Reg_emtrainvariable compare=EMWS1.Reg_variableSet out=diffDS noprint outnoequal outbase outcomp outdiff;
MPRINT(EM_GETACTIONSTATUS):   proc compare base=EMWS1.Reg_emtrainvariable compare=EMWS1.Reg_variableSet out=diffDS noprint outnoequal outbase outcomp outdiff;
16306      run;
MPRINT(EM_GETACTIONSTATUS):   run;

NOTE: There were 28 observations read from the data set EMWS1.REG_EMTRAINVARIABLE.
NOTE: There were 28 observations read from the data set EMWS1.REG_VARIABLESET.
NOTE: The data set WORK.DIFFDS has 0 observations and 8 variables.
NOTE: PROCEDURE COMPARE used (Total process time):
      real time           0.00 seconds
      cpu time            0.00 seconds
      

16307      %let diffVar = N;
16308      data _null_;
MPRINT(EM_GETACTIONSTATUS):   data _null_;
16309      set diffDs end=eof;
MPRINT(EM_GETACTIONSTATUS):   set diffDs end=eof;
16310      if eof and _N_>0 then call symput('diffVar', 'Y');
MPRINT(EM_GETACTIONSTATUS):   if eof and _N_>0 then call symput('diffVar', 'Y');
16311      run;
MPRINT(EM_GETACTIONSTATUS):   run;

NOTE: There were 0 observations read from the data set WORK.DIFFDS.
NOTE: DATA statement used (Total process time):
      real time           0.00 seconds
      cpu time            0.00 seconds
      

16312      %let em_Train = N;
16313      %let em_Score = N;
16314      %let em_Report = N;
16315      %let em_Run = N;
NOTE: PROCEDURE DISPLAY used (Total process time):
      real time           0.03 seconds
      cpu time            0.03 seconds
      

MPRINT(EM_GETACTIONSTATUS):    
MPRINT(EM_DIAGRAM):  ;

Node "Reg" has already run. 
Node "Reg" succeeded. 
16316      data _null_;
MPRINT(EM_DIAGRAM):    data _null_;
16317      file emwipmsg;
MPRINT(EM_DIAGRAM):   file emwipmsg;
16318      put '<Node Id="Reg" Event="Complete" Pid="6652" Gridid=""/>';
MPRINT(EM_DIAGRAM):   put '<Node Id="Reg" Event="Complete" Pid="6652" Gridid=""/>';
16319      run;
MPRINT(EM_DIAGRAM):   run;

NOTE: The file EMWIPMSG is:
      Local Host Name=DESKTOP-8598PS1,
      Local Host IP addr=fe80::98f7:4ba2:b4a4:2933%19,
      Peer Hostname Name=DESKTOP-8598PS1,
      Peer IP addr=127.0.0.1,Peer Name=N/A,
      Peer Portno=53012,Lrecl=32767,Recfm=Variable

NOTE: 1 record was written to the file EMWIPMSG.
      The minimum record length was 54.
      The maximum record length was 54.
NOTE: DATA statement used (Total process time):
      real time           0.00 seconds
      cpu time            0.00 seconds
      

Traverser: Run Completed 
16320      data _null_;
MPRINT(EM_DIAGRAM):    data _null_;
16321      file emwipmsg;
MPRINT(EM_DIAGRAM):   file emwipmsg;
16322      put '<Diagram Event="Complete"/>';
MPRINT(EM_DIAGRAM):   put '<Diagram Event="Complete"/>';
16323      run;
MPRINT(EM_DIAGRAM):   run;

NOTE: The file EMWIPMSG is:
      Local Host Name=DESKTOP-8598PS1,
      Local Host IP addr=fe80::98f7:4ba2:b4a4:2933%19,
      Peer Hostname Name=DESKTOP-8598PS1,
      Peer IP addr=127.0.0.1,Peer Name=N/A,
      Peer Portno=53012,Lrecl=32767,Recfm=Variable

NOTE: 1 record was written to the file EMWIPMSG.
      The minimum record length was 27.
      The maximum record length was 27.
NOTE: DATA statement used (Total process time):
      real time           0.00 seconds
      cpu time            0.00 seconds
      

16324      filename emwipmsg;
MPRINT(EM_DIAGRAM):    filename emwipmsg;
NOTE: Fileref EMWIPMSG has been deassigned.
16325      proc printto;
MPRINT(EM_DIAGRAM):    proc printto;
16326      run;
MPRINT(EM_DIAGRAM):   run;

