MPRINT(EM_DIAGRAM):    data _null_;
MPRINT(EM_DIAGRAM):   call symput('NLDATE', strip(put(date(), NLDATE.)));
MPRINT(EM_DIAGRAM):   call symput('NLTIME', strip(put(datetime(), NLTIME.)));
MPRINT(EM_DIAGRAM):   run;
MPRINT(EM_DIAGRAM):   data _null_;
MPRINT(EM_DIAGRAM):   nldate= sasmsg("sashelp.dmine", "log_date_note", 'N', "April 28, 2017" );
MPRINT(EM_DIAGRAM):   nltime= sasmsg("sashelp.dmine", "log_time_note", 'N', "16:21:50" );
MPRINT(EM_DIAGRAM):   put "*------------------------------------------------------------*";
MPRINT(EM_DIAGRAM):   put "* Training Log";
MPRINT(EM_DIAGRAM):   put nldate;
MPRINT(EM_DIAGRAM):   put nltime;
MPRINT(EM_DIAGRAM):   put "*------------------------------------------------------------*";
MPRINT(EM_DIAGRAM):   run;
*------------------------------------------------------------*
* Training Log
Date:                April 28, 2017
Time:                16:21:50
*------------------------------------------------------------*
MPRINT(EM_DIAGRAM):    filename O0WDIPJL "C:\Users\Gaurav\Desktop\second sem\Data Mining\Project 3\Insurance Claim\Workspaces\EMWS1\Reg\EMTRAIN.out" encoding="UTF-8" NOBOM;
MPRINT(EM_DIAGRAM):   proc printto print=O0WDIPJL new;
MPRINT(EM_DIAGRAM):   run;
MPRINT(EM_DIAGRAM):    filename _LOG "C:\Users\Gaurav\Desktop\second sem\Data Mining\Project 3\Insurance Claim\Workspaces\EMWS1\Reg\EMLOG.log" encoding="UTF-8" NOBOM;
MPRINT(EM_DIAGRAM):    data _null_;
MPRINT(EM_DIAGRAM):   call symput('NLDATE', strip(put(date(), NLDATE.)));
MPRINT(EM_DIAGRAM):   call symput('NLTIME', strip(put(datetime(), NLTIME.)));
MPRINT(EM_DIAGRAM):   run;
MPRINT(EM_DIAGRAM):   data _null_;
MPRINT(EM_DIAGRAM):   nldate= sasmsg("sashelp.dmine", "log_date_note", 'N', "April 28, 2017" );
MPRINT(EM_DIAGRAM):   nltime= sasmsg("sashelp.dmine", "log_time_note", 'N', "16:21:50" );
MPRINT(EM_DIAGRAM):   file _LOG;
MPRINT(EM_DIAGRAM):   put "*------------------------------------------------------------*";
MPRINT(EM_DIAGRAM):   put "User:                Gaurav";
MPRINT(EM_DIAGRAM):   put nldate;
MPRINT(EM_DIAGRAM):   put nltime;
MPRINT(EM_DIAGRAM):   put "Site:                70125477";
MPRINT(EM_DIAGRAM):   put "Platform:            X64_8HOME";
MPRINT(EM_DIAGRAM):   put "Maintenance Release: 9.04.01M3P062415";
MPRINT(EM_DIAGRAM):   put "EM Version:          14.1";
MPRINT(EM_DIAGRAM):   put "* ";
MPRINT(EM_DIAGRAM):   run;
MPRINT(EM_DIAGRAM):    filename _LOGIN "C:\Users\Gaurav\Desktop\second sem\Data Mining\Project 3\Insurance Claim\Workspaces\EMWS1\Reg\EMTRAIN.log" encoding="UTF-8" NOBOM;
MPRINT(EM_COPYFILE):   data _null_;
MPRINT(EM_COPYFILE):   length line $20000;
MPRINT(EM_COPYFILE):   file _LOG MOD lrecl=20000;
MPRINT(EM_COPYFILE):   fid=fopen("_LOGIN",'i',20000,'v');
MPRINT(EM_COPYFILE):   if fid > 0 then do;
MPRINT(EM_COPYFILE):   do while(^fread(fid));
MPRINT(EM_COPYFILE):   rlen = frlen(fid);
MPRINT(EM_COPYFILE):   rc= fget(fid,line,20000);
MPRINT(EM_COPYFILE):   start = length(line)-length(left(line))+1;
MPRINT(EM_COPYFILE):   line=strip(line);
MPRINT(EM_COPYFILE):   put @start line;
MPRINT(EM_COPYFILE):   end;
MPRINT(EM_COPYFILE):   if fid > 0 then rc=fclose(fid);
MPRINT(EM_COPYFILE):   end;
MPRINT(EM_COPYFILE):   run;
MPRINT(EM_DIAGRAM):  ;
MPRINT(EM_DIAGRAM):   filename _LOGIN;
MPRINT(EM_DIAGRAM):    data _null_;
MPRINT(EM_DIAGRAM):   file _LOG mod;
MPRINT(EM_DIAGRAM):   put _page_;
MPRINT(EM_DIAGRAM):   run;
MPRINT(EM_DIAGRAM):   filename _LOGIN "C:\Users\Gaurav\Desktop\second sem\Data Mining\Project 3\Insurance Claim\Workspaces\EMWS1\Reg\EMSCORE.log" encoding="UTF-8" NOBOM;
MPRINT(EM_DIAGRAM):  ;
MPRINT(EM_DIAGRAM):   data _null_;
MPRINT(EM_DIAGRAM):   file _LOG mod;
MPRINT(EM_DIAGRAM):   put _page_;
MPRINT(EM_DIAGRAM):   run;
MPRINT(EM_DIAGRAM):    filename _LOGIN "C:\Users\Gaurav\Desktop\second sem\Data Mining\Project 3\Insurance Claim\Workspaces\EMWS1\Reg\EMREPORT.log" encoding="UTF-8" NOBOM;
MPRINT(EM_DIAGRAM):  ;
MPRINT(EM_DIAGRAM):   filename _LOGIN;
MPRINT(EM_DIAGRAM):    filename _LOG;
MPRINT(EM_DIAGRAM):    filename _OUT "C:\Users\Gaurav\Desktop\second sem\Data Mining\Project 3\Insurance Claim\Workspaces\EMWS1\Reg\EMOUTPUT.out" encoding="UTF-8" NOBOM;
MPRINT(EM_DIAGRAM):    data _null_;
MPRINT(EM_DIAGRAM):   call symput('NLDATE', strip(put(date(), NLDATE.)));
MPRINT(EM_DIAGRAM):   call symput('NLTIME', strip(put(datetime(), NLTIME.)));
MPRINT(EM_DIAGRAM):   run;
MPRINT(EM_DIAGRAM):   data _null_;
MPRINT(EM_DIAGRAM):   nldate= sasmsg("sashelp.dmine", "log_date_note", 'N', "April 28, 2017" );
MPRINT(EM_DIAGRAM):   nltime= sasmsg("sashelp.dmine", "log_time_note", 'N', "16:21:50" );
MPRINT(EM_DIAGRAM):   file _OUT;
MPRINT(EM_DIAGRAM):   put "*------------------------------------------------------------*";
MPRINT(EM_DIAGRAM):   put "User:                Gaurav";
MPRINT(EM_DIAGRAM):   put nldate;
MPRINT(EM_DIAGRAM):   put nltime;
MPRINT(EM_DIAGRAM):   put "*------------------------------------------------------------*";
MPRINT(EM_DIAGRAM):   put "* Training Output";
MPRINT(EM_DIAGRAM):   put "*------------------------------------------------------------*";
MPRINT(EM_DIAGRAM):   run;
MPRINT(EM_DIAGRAM):    filename _OUTIN "C:\Users\Gaurav\Desktop\second sem\Data Mining\Project 3\Insurance Claim\Workspaces\EMWS1\Reg\EMTRAIN.out" encoding="UTF-8" NOBOM;
MPRINT(EM_DIAGRAM):   ;
MPRINT(EM_COPYFILE):   data _null_;
MPRINT(EM_COPYFILE):   length line $20000;
MPRINT(EM_COPYFILE):   file _OUT MOD lrecl=20000;
MPRINT(EM_COPYFILE):   fid=fopen("_OUTIN",'i',20000,'v');
MPRINT(EM_COPYFILE):   if fid > 0 then do;
MPRINT(EM_COPYFILE):   do while(^fread(fid));
MPRINT(EM_COPYFILE):   rlen = frlen(fid);
MPRINT(EM_COPYFILE):   rc= fget(fid,line,20000);
MPRINT(EM_COPYFILE):   start = length(line)-length(left(line))+1;
MPRINT(EM_COPYFILE):   line=strip(line);
MPRINT(EM_COPYFILE):   put @start line;
MPRINT(EM_COPYFILE):   end;
MPRINT(EM_COPYFILE):   if fid > 0 then rc=fclose(fid);
MPRINT(EM_COPYFILE):   end;
MPRINT(EM_COPYFILE):   run;
MPRINT(EM_DIAGRAM):  ;
MPRINT(EM_DIAGRAM):   filename _OUTIN;
MPRINT(EM_DIAGRAM):    data _null_;
MPRINT(EM_DIAGRAM):   file _OUT mod;
MPRINT(EM_DIAGRAM):   put _page_;
MPRINT(EM_DIAGRAM):   put // "*------------------------------------------------------------*";
MPRINT(EM_DIAGRAM):   put "* Score Output";
MPRINT(EM_DIAGRAM):   put "*------------------------------------------------------------*";
MPRINT(EM_DIAGRAM):   run;
MPRINT(EM_DIAGRAM):    filename _OUTIN "C:\Users\Gaurav\Desktop\second sem\Data Mining\Project 3\Insurance Claim\Workspaces\EMWS1\Reg\EMSCORE.out" encoding="UTF-8" NOBOM;
MPRINT(EM_DIAGRAM):  ;
MPRINT(EM_DIAGRAM):   filename _OUTIN;
MPRINT(EM_DIAGRAM):    data _null_;
MPRINT(EM_DIAGRAM):   file _OUT mod;
MPRINT(EM_DIAGRAM):   put _page_;
MPRINT(EM_DIAGRAM):   put // "*------------------------------------------------------------*";
MPRINT(EM_DIAGRAM):   put "* Report Output";
MPRINT(EM_DIAGRAM):   put "*------------------------------------------------------------*";
MPRINT(EM_DIAGRAM):   run;
MPRINT(EM_DIAGRAM):    filename _OUTIN "C:\Users\Gaurav\Desktop\second sem\Data Mining\Project 3\Insurance Claim\Workspaces\EMWS1\Reg\EMREPORT.out" encoding="UTF-8" NOBOM;
MPRINT(EM_DIAGRAM):  ;
MPRINT(EM_DIAGRAM):   filename _OUTIN;
MPRINT(EM_DIAGRAM):    filename _OUT;
MPRINT(EM_DIAGRAM):    filename _emtool_ 'C:\Users\Gaurav\Desktop\second sem\Data Mining\Project 3\Insurance Claim\Workspaces\EMWS1\Reg\EMRUNSTATUS.xml' encoding="UTF-8" NOBOM;
25248      proc freq data=EMWS1.Reg_VariableSet noprint;
MPRINT(EM_DIAGRAM):    proc freq data=EMWS1.Reg_VariableSet noprint;
25249      table ROLE*LEVEL/out=WORK.RegMETA;
MPRINT(EM_DIAGRAM):   table ROLE*LEVEL/out=WORK.RegMETA;
25250      run;
MPRINT(EM_DIAGRAM):   run;

NOTE: There were 35 observations read from the data set EMWS1.REG_VARIABLESET.
NOTE: The data set WORK.REGMETA has 5 observations and 4 variables.
NOTE: PROCEDURE FREQ used (Total process time):
      real time           0.25 seconds
      cpu time            0.04 seconds
      

25251      proc print data=WORK.RegMETA label noobs;
MPRINT(EM_DIAGRAM):   proc print data=WORK.RegMETA label noobs;
25252      var ROLE LEVEL COUNT;
MPRINT(EM_DIAGRAM):   var ROLE LEVEL COUNT;
25253      label ROLE = "%sysfunc(sasmsg(sashelp.dmine, meta_role_vlabel, NOQUOTE))" LEVEL = "%sysfunc(sasmsg(sashelp.dmine, meta_level_vlabel, NOQUOTE))" COUNT = "%sysfunc(sasmsg(sashelp.dmine, rpt_count_vlabel, NOQUOTE))";
MPRINT(EM_DIAGRAM):   label ROLE = "Role" LEVEL = "Measurement Level" COUNT = "Frequency Count";
25254      title9 ' ';
MPRINT(EM_DIAGRAM):   title9 ' ';
25255      title10 "%sysfunc(sasmsg(sashelp.dmine, rpt_varSummary_title  , NOQUOTE))";
MPRINT(EM_DIAGRAM):   title10 "Variable Summary";
MPRINT(EM_DIAGRAM):   run;
25256      run;

NOTE: There were 5 observations read from the data set WORK.REGMETA.
NOTE: The PROCEDURE PRINT printed page 1.
NOTE: PROCEDURE PRINT used (Total process time):
      real time           0.03 seconds
      cpu time            0.04 seconds
      

25257      title10;
MPRINT(EM_DIAGRAM):   title10;
25258      %let EMNORLEN = %DMNORLEN;
MPRINT(EM_DIAGRAM):   
EMWS1.TextTopic_TRAIN EMWS1.TextTopic_TRAIN 
EMWS1.TextTopic_TRAIN EMWS1.TextTopic_TRAIN EMWS1 TextTopic_TRAIN 
EMWS1.TextTopic_TRAIN EMWS1.TextTopic_TRAIN 
EMWS1.TextTopic_TRAIN EMWS1.TextTopic_TRAIN EMWS1 TextTopic_TRAIN 
MPRINT(EM_DIAGRAM):    proc dmdb data=EMWS1.TextTopic_TRAIN classout=WORK._DMDBCLASSTARGET(keep=NAME NRAW CRAW LEVEL FREQUENCY NMISSPERCENT);
MPRINT(EM_DIAGRAM):   class SubroFlag(DESC) ;
MPRINT(EM_DIAGRAM):   run;
Executing  SASHELP.EMCORE.EMINFOITERATOR.SCL _INIT >> 
Executing  SASHELP.EMCORE.EMINFOITERATOR.SCL setMetaData >> 
Executing  SASHELP.EMCORE.EMINFOITERATOR.SCL next >> 
Executing  SASHELP.EMCORE.EMINFOITERATOR.SCL next >> 
Executing  SASHELP.EMCORE.EMINFOITERATOR.SCL setMetaData >> 
Executing  SASHELP.EMCORE.EMINFOITERATOR.SCL next >> 
Executing  SASHELP.EMCORE.EMINFOITERATOR.SCL next >> 
Executing  SASHELP.EMCORE.EMINFOITERATOR.SCL _term >> 
MPRINT(EM_DIAGRAM):    data _null_;
MPRINT(EM_DIAGRAM):   set WORK._DMDBCLASSTARGET;
MPRINT(EM_DIAGRAM):   where ^(NRAW eq . and CRAW eq '') and NAME="SubroFlag";
MPRINT(EM_DIAGRAM):   if _N_=1 then call symput('_newevent', strip(LEVEL));
MPRINT(EM_DIAGRAM):   run;
MPRINT(EM_DIAGRAM):   proc sort data=WORK._DMDBCLASSTARGET out=_TEMPCLASS(keep=LEVEL FREQUENCY NMISSPERCENT rename=(LEVEL=SubroFlag));
MPRINT(EM_DIAGRAM):   by LEVEL;
MPRINT(EM_DIAGRAM):   where ^(NRAW eq . and CRAW eq '') and NAME="SubroFlag";
MPRINT(EM_DIAGRAM):   run;
MPRINT(EM_DIAGRAM):   data _TEMPCLASS;
MPRINT(EM_DIAGRAM):   set _TEMPCLASS;
MPRINT(EM_DIAGRAM):   NMISSPERCENT= NMISSPERCENT/100;
MPRINT(EM_DIAGRAM):   run;
MPRINT(EM_DIAGRAM):    proc sort data=EMWS1.Ids_SubroFlag_DD out=_sortedDecdata;
MPRINT(EM_DIAGRAM):   by SubroFlag;
MPRINT(EM_DIAGRAM):   run;
MPRINT(EM_DIAGRAM):   data _null_;
MPRINT(EM_DIAGRAM):   merge _TEMPCLASS(in=_a) _sortedDecdata(in=_b);
MPRINT(EM_DIAGRAM):   by SubroFlag;
MPRINT(EM_DIAGRAM):   if (_a and ^_b) or (^_a and _b) then call symput('_emresetDec', '1');
MPRINT(EM_DIAGRAM):   run;
25287      data WORK.Reg_EVENT(KEEP=VARIABLE LABEL LEVEL EVENT NUMLEVELS ORDER);
MPRINT(EM_DIAGRAM):    data WORK.Reg_EVENT(KEEP=VARIABLE LABEL LEVEL EVENT NUMLEVELS ORDER);
25288      length ORDER $20;
MPRINT(EM_DIAGRAM):   length ORDER $20;
25289      label VARIABLE = "%sysfunc(sasmsg(sashelp.dmine, rpt_target_vlabel,  NOQUOTE))" EVENT = "%sysfunc(sasmsg(sashelp.dmine, assmt_event_vlabel, NOQUOTE))" NUMLEVELS = "%sysfunc(sasmsg(sashelp.dmine, rpt_numcat_vlabel, NOQUOTE))" LEVEL =
25290         "%sysfunc(sasmsg(sashelp.dmine, meta_level_vlabel, NOQUOTE))" ORDER = "%sysfunc(sasmsg(sashelp.dmine, meta_order_vlabel, NOQUOTE))" LABEL = "%sysfunc(sasmsg(sashelp.dmine, meta_label_vlabel, NOQUOTE))";
MPRINT(EM_DIAGRAM):   label VARIABLE = "Target" EVENT = "Event" NUMLEVELS = "Number of Levels" LEVEL = "Measurement Level" ORDER = "Order" LABEL = "Label";
25291      set EMWS1.IDS_SUBROFLAG_DM( where=(_TYPE_="TARGET"));
MPRINT(EM_DIAGRAM):   set EMWS1.IDS_SUBROFLAG_DM( where=(_TYPE_="TARGET"));
25292      NumLevels=2;
MPRINT(EM_DIAGRAM):   NumLevels=2;
25293      select(upcase(ORDER));
MPRINT(EM_DIAGRAM):   select(upcase(ORDER));
25294      when('DESC') ORDER = 'Descending';
MPRINT(EM_DIAGRAM):   when('DESC') ORDER = 'Descending';
25295      when('ASC') ORDER = 'Ascending';
MPRINT(EM_DIAGRAM):   when('ASC') ORDER = 'Ascending';
25296      when('FMTDESC') ORDER = 'Formatted Descending';
MPRINT(EM_DIAGRAM):   when('FMTDESC') ORDER = 'Formatted Descending';
25297      when('FMTASC') ORDER = 'Formatted Ascending';
MPRINT(EM_DIAGRAM):   when('FMTASC') ORDER = 'Formatted Ascending';
25298      otherwise ORDER = 'Descending';
MPRINT(EM_DIAGRAM):   otherwise ORDER = 'Descending';
25299      end;
MPRINT(EM_DIAGRAM):   end;
25300      output;
MPRINT(EM_DIAGRAM):   output;
25301      run;
MPRINT(EM_DIAGRAM):   run;

NOTE: There were 1 observations read from the data set EMWS1.IDS_SUBROFLAG_DM.
      WHERE _TYPE_='TARGET';
NOTE: The data set WORK.REG_EVENT has 1 observations and 6 variables.
NOTE: DATA statement used (Total process time):
      real time           0.04 seconds
      cpu time            0.04 seconds
      

25302      title9 ' ';
MPRINT(EM_DIAGRAM):   title9 ' ';
25303      proc print data=WORK.Reg_EVENT noobs label;
MPRINT(EM_DIAGRAM):   proc print data=WORK.Reg_EVENT noobs label;
25304      var VARIABLE EVENT LEVEL NUMLEVELS ORDER LABEL;
MPRINT(EM_DIAGRAM):   var VARIABLE EVENT LEVEL NUMLEVELS ORDER LABEL;
25305      title9 ' ';
MPRINT(EM_DIAGRAM):   title9 ' ';
25306      title10 "%sysfunc(sasmsg(sashelp.dmine, rpt_modelEvent_title  , NOQUOTE))";
MPRINT(EM_DIAGRAM):   title10 "Model Events";
MPRINT(EM_DIAGRAM):   run;
25307      run;

NOTE: There were 1 observations read from the data set WORK.REG_EVENT.
NOTE: The PROCEDURE PRINT printed page 2.
NOTE: PROCEDURE PRINT used (Total process time):
      real time           0.01 seconds
      cpu time            0.01 seconds
      

25308      title10;
MPRINT(EM_DIAGRAM):   title10;
"No decisions defined for target "SubroFlag"." 
25309      proc print data = EMWS1.Ids_SubroFlag_DM noobs label;
MPRINT(EM_DIAGRAM):    proc print data = EMWS1.Ids_SubroFlag_DM noobs label;
25310      var _type_ variable label;
MPRINT(EM_DIAGRAM):   var _type_ variable label;
25311      where _type_ ^in('MATRIX', 'DECISION', 'TRAINPRIOR', 'DATAPRIOR', 'DECPRIOR');
MPRINT(EM_DIAGRAM):   where _type_ ^in('MATRIX', 'DECISION', 'TRAINPRIOR', 'DATAPRIOR', 'DECPRIOR');
25312      label _TYPE_ = "%sysfunc(sasmsg(sashelp.dmine, rpt_type_vlabel,     NOQUOTE))" VARIABLE = "%sysfunc(sasmsg(sashelp.dmine, rpt_variable_vlabel, NOQUOTE))" LABEL = "%sysfunc(sasmsg(sashelp.dmine, meta_label_vlabel, NOQUOTE))";
MPRINT(EM_DIAGRAM):   label _TYPE_ = "Type" VARIABLE = "Variable" LABEL = "Label";
25313      title9 ' ';
MPRINT(EM_DIAGRAM):   title9 ' ';
25314      title10 "%sysfunc(sasmsg(sashelp.dmine, rpt_predDecVars_title  , NOQUOTE))";
MPRINT(EM_DIAGRAM):   title10 "Predicted and decision variables";
MPRINT(EM_DIAGRAM):   run;
25315      run;

NOTE: There were 7 observations read from the data set EMWS1.IDS_SUBROFLAG_DM.
      WHERE _type_ not in ('DATAPRIOR', 'DECISION', 'DECPRIOR', 'MATRIX', 'TRAINPRIOR');
NOTE: The PROCEDURE PRINT printed page 3.
NOTE: PROCEDURE PRINT used (Total process time):
      real time           0.01 seconds
      cpu time            0.01 seconds
      

25316      title10;
MPRINT(EM_DIAGRAM):   title10;
MPRINT(EM_DIAGRAM):    *------------------------------------------------------------*;
MPRINT(EM_DIAGRAM):   * Reg: Preparing metadata for Training *------------------------------------------------------------*;
MPRINT(EM_DIAGRAM):   data WORK.M3L5FRU7;
MPRINT(EM_DIAGRAM):   set WORK.M3L5FRU7;
MPRINT(EM_DIAGRAM):   where use = 'Y' or (role = 'INPUT' and use = 'D') ;
MPRINT(EM_DIAGRAM):   if (role = 'REJECTED') then role = 'INPUT';
MPRINT(EM_DIAGRAM):   if use = 'D' then use = 'Y';
MPRINT(EM_DIAGRAM):   run;
25326      data WORK.M3L5FRU7;
MPRINT(EM_DIAGRAM):    data WORK.M3L5FRU7;
25327      set WORK.M3L5FRU7 end=eof;
MPRINT(EM_DIAGRAM):   set WORK.M3L5FRU7 end=eof;
25328      output;
MPRINT(EM_DIAGRAM):   output;
25329      if eof then do;
MPRINT(EM_DIAGRAM):   if eof then do;
25330      NAME="";
MPRINT(EM_DIAGRAM):   NAME="";
25331      ROLE="COST";
MPRINT(EM_DIAGRAM):   ROLE="COST";
25332      LEVEL="INTERVAL";
MPRINT(EM_DIAGRAM):   LEVEL="INTERVAL";
25333      TYPE="N";
MPRINT(EM_DIAGRAM):   TYPE="N";
25334      output;
MPRINT(EM_DIAGRAM):   output;
25335      end;
MPRINT(EM_DIAGRAM):   end;
25336      run;
MPRINT(EM_DIAGRAM):   run;

NOTE: There were 16 observations read from the data set WORK.M3L5FRU7.
NOTE: The data set WORK.M3L5FRU7 has 17 observations and 21 variables.
NOTE: DATA statement used (Total process time):
      real time           0.02 seconds
      cpu time            0.01 seconds
      

NOTE: There were 2 observations read from the data set EMWS1.IDS_SUBROFLAG_DD.
NOTE: The data set WORK.SUBROFLAG has 2 observations and 7 variables.
NOTE: There were 2 observations read from the data set EMWS1.IDS_SUBROFLAG_DD.
NOTE: The data set WORK.SUBROFLAG has 2 observations and 7 variables.
25337      *------------------------------------------------------------*;
MPRINT(EM_DIAGRAM):    *------------------------------------------------------------*;
25338      * Reg: Create decision matrix;
MPRINT(EM_DIAGRAM):   * Reg: Create decision matrix;
25339      *------------------------------------------------------------*;
MPRINT(EM_DIAGRAM):   *------------------------------------------------------------*;
25340      data WORK.SubroFlag;
MPRINT(EM_DIAGRAM):   data WORK.SubroFlag;
25341        length   SubroFlag                        $  32
25342                 COUNT                                8
25343                 DATAPRIOR                            8
25344                 TRAINPRIOR                           8
25345                 DECPRIOR                             8
25346                 DECISION1                            8
25347                 DECISION2                            8
25348                 ;
MPRINT(EM_DIAGRAM):   length SubroFlag $ 32 COUNT 8 DATAPRIOR 8 TRAINPRIOR 8 DECPRIOR 8 DECISION1 8 DECISION2 8 ;
25349      
25350        label    COUNT="Level Counts"
25351                 DATAPRIOR="Data Proportions"
25352                 TRAINPRIOR="Training Proportions"
25353                 DECPRIOR="Decision Priors"
25354                 DECISION1="1"
25355                 DECISION2="0"
25356                 ;
MPRINT(EM_DIAGRAM):   label COUNT= "Level Counts" DATAPRIOR= "Data Proportions" TRAINPRIOR= "Training Proportions" DECPRIOR= "Decision Priors" DECISION1= "1" DECISION2= "0" ;
25357        format   COUNT 10.
25358                 ;
MPRINT(EM_DIAGRAM):   format COUNT 10. ;
25359      SubroFlag="1"; COUNT=1135; DATAPRIOR=0.37372406980572; TRAINPRIOR=0.37372406980572; DECPRIOR=.; DECISION1=1; DECISION2=0;
MPRINT(EM_DIAGRAM):   SubroFlag="1";
MPRINT(EM_DIAGRAM):   COUNT=1135;
MPRINT(EM_DIAGRAM):   DATAPRIOR=0.37372406980572;
MPRINT(EM_DIAGRAM):   TRAINPRIOR=0.37372406980572;
MPRINT(EM_DIAGRAM):   DECPRIOR=.;
MPRINT(EM_DIAGRAM):   DECISION1=1;
MPRINT(EM_DIAGRAM):   DECISION2=0;
25360      output;
MPRINT(EM_DIAGRAM):   output;
25361      SubroFlag="0"; COUNT=1902; DATAPRIOR=0.62627593019427; TRAINPRIOR=0.62627593019427; DECPRIOR=.; DECISION1=0; DECISION2=1;
MPRINT(EM_DIAGRAM):   SubroFlag="0";
MPRINT(EM_DIAGRAM):   COUNT=1902;
MPRINT(EM_DIAGRAM):   DATAPRIOR=0.62627593019427;
MPRINT(EM_DIAGRAM):   TRAINPRIOR=0.62627593019427;
MPRINT(EM_DIAGRAM):   DECPRIOR=.;
MPRINT(EM_DIAGRAM):   DECISION1=0;
MPRINT(EM_DIAGRAM):   DECISION2=1;
25362      output;
MPRINT(EM_DIAGRAM):   output;
25363      ;
MPRINT(EM_DIAGRAM):   ;
25364      run;
MPRINT(EM_DIAGRAM):   run;

NOTE: The data set WORK.SUBROFLAG has 2 observations and 7 variables.
NOTE: DATA statement used (Total process time):
      real time           0.03 seconds
      cpu time            0.01 seconds
      

25365      proc datasets lib=work nolist;
MPRINT(EM_DIAGRAM):   proc datasets lib=work nolist;
25366      modify SubroFlag(type=PROFIT label=SubroFlag);
MPRINT(EM_DIAGRAM):   modify SubroFlag(type=PROFIT label= SubroFlag);
MPRINT(EM_DIAGRAM):   label DECISION1= '1';
MPRINT(EM_DIAGRAM):   label DECISION2= '0';
MPRINT(EM_DIAGRAM):   run;
25367      label DECISION1= '1';
25368      label DECISION2= '0';
25369      run;

NOTE: MODIFY was successful for WORK.SUBROFLAG.DATA.
25370      quit;
MPRINT(EM_DIAGRAM):   quit;

NOTE: PROCEDURE DATASETS used (Total process time):
      real time           0.04 seconds
      cpu time            0.00 seconds
      

25371      data EM_DMREG / view=EM_DMREG;
MPRINT(EM_DIAGRAM):   data EM_DMREG / view=EM_DMREG;
25372      set EMWS1.TextTopic_TRAIN(keep=
25373      Body Cause Nature SubroFlag TextCluster_SVD1 TextCluster_SVD2 TextCluster_SVD3
25374      TextCluster_SVD4 TextCluster_SVD5 TextTopic_raw1 TextTopic_raw2 TextTopic_raw3
25375      TextTopic_raw4 TextTopic_raw5 TextTopic_raw6 VEHflag );
MPRINT(EM_DIAGRAM):   set EMWS1.TextTopic_TRAIN(keep= Body Cause Nature SubroFlag TextCluster_SVD1 TextCluster_SVD2 TextCluster_SVD3 TextCluster_SVD4 TextCluster_SVD5 TextTopic_raw1 TextTopic_raw2 TextTopic_raw3 TextTopic_raw4 TextTopic_raw5 
TextTopic_raw6 VEHflag );
25376      run;
MPRINT(EM_DIAGRAM):   run;

NOTE: DATA STEP view saved on file WORK.EM_DMREG.
NOTE: A stored DATA STEP view cannot run under a different operating system.
NOTE: DATA statement used (Total process time):
      real time           0.02 seconds
      cpu time            0.03 seconds
      

MPRINT(EM_DIAGRAM):   *------------------------------------------------------------* ;
MPRINT(EM_DIAGRAM):   * Reg: DMDBClass Macro ;
MPRINT(EM_DIAGRAM):   *------------------------------------------------------------* ;
25377      *------------------------------------------------------------* ;
25378      * Reg: DMDBClass Macro ;
25379      *------------------------------------------------------------* ;
25380      %macro DMDBClass;
25381          Body(ASC) Cause(ASC) Nature(ASC) SubroFlag(DESC) VEHflag(ASC)
25382      %mend DMDBClass;
25383      *------------------------------------------------------------* ;
MPRINT(EM_DIAGRAM):   *------------------------------------------------------------* ;
25384      * Reg: DMDBVar Macro ;
MPRINT(EM_DIAGRAM):   * Reg: DMDBVar Macro ;
25385      *------------------------------------------------------------* ;
MPRINT(EM_DIAGRAM):   *------------------------------------------------------------* ;
25386      %macro DMDBVar;
25387          TextCluster_SVD1 TextCluster_SVD2 TextCluster_SVD3 TextCluster_SVD4
25388         TextCluster_SVD5 TextTopic_raw1 TextTopic_raw2 TextTopic_raw3 TextTopic_raw4
25389         TextTopic_raw5 TextTopic_raw6
25390      %mend DMDBVar;
25391      *------------------------------------------------------------*;
MPRINT(EM_DIAGRAM):   *------------------------------------------------------------*;
25392      * Reg: Create DMDB;
MPRINT(EM_DIAGRAM):   * Reg: Create DMDB;
25393      *------------------------------------------------------------*;
MPRINT(EM_DIAGRAM):   *------------------------------------------------------------*;
25394      proc dmdb batch data=WORK.EM_DMREG
25395      dmdbcat=WORK.Reg_DMDB
25396      maxlevel = 513
25397      ;
MPRINT(EM_DIAGRAM):   proc dmdb batch data=WORK.EM_DMREG dmdbcat=WORK.Reg_DMDB maxlevel = 513 ;
MPRINT(EM_DIAGRAM):   class
25398      class %DMDBClass;
MPRINT(DMDBCLASS):   Body(ASC) Cause(ASC) Nature(ASC) SubroFlag(DESC) VEHflag(ASC)
MPRINT(EM_DIAGRAM):  ;
MPRINT(EM_DIAGRAM):   var
25399      var %DMDBVar;
MPRINT(DMDBVAR):   TextCluster_SVD1 TextCluster_SVD2 TextCluster_SVD3 TextCluster_SVD4 TextCluster_SVD5 TextTopic_raw1 TextTopic_raw2 TextTopic_raw3 TextTopic_raw4 TextTopic_raw5 TextTopic_raw6
MPRINT(EM_DIAGRAM):  ;
25400      target
25401      SubroFlag
25402      ;
MPRINT(EM_DIAGRAM):   target SubroFlag ;
25403      run;
MPRINT(EM_DIAGRAM):   run;

NOTE: Records processed = 302   Memory used = 511K.
NOTE: View WORK.EM_DMREG.VIEW used (Total process time):
      real time           0.09 seconds
      cpu time            0.09 seconds
      
NOTE: There were 302 observations read from the data set EMWS1.TEXTTOPIC_TRAIN.
NOTE: There were 302 observations read from the data set WORK.EM_DMREG.
NOTE: PROCEDURE DMDB used (Total process time):
      real time           0.11 seconds
      cpu time            0.10 seconds
      

MPRINT(EM_DIAGRAM):   quit;
MPRINT(EM_DIAGRAM):   *--- end code ---*;
25404      quit;
25405      *--- end code ---*;

25406      *------------------------------------------------------------*;
MPRINT(EM_DIAGRAM):    *------------------------------------------------------------*;
25407      * Reg: Run DMREG procedure;
MPRINT(EM_DIAGRAM):   * Reg: Run DMREG procedure;
25408      *------------------------------------------------------------*;
MPRINT(EM_DIAGRAM):   *------------------------------------------------------------*;
25409      proc dmreg data=EM_DMREG dmdbcat=WORK.Reg_DMDB
25410      validata = EMWS1.TextTopic_VALIDATE
25411      outest = EMWS1.Reg_EMESTIMATE
25412      outterms = EMWS1.Reg_OUTTERMS
25413      outmap= EMWS1.Reg_MAPDS namelen=200
25414      ;
MPRINT(EM_DIAGRAM):   proc dmreg data=EM_DMREG dmdbcat=WORK.Reg_DMDB validata = EMWS1.TextTopic_VALIDATE outest = EMWS1.Reg_EMESTIMATE outterms = EMWS1.Reg_OUTTERMS outmap= EMWS1.Reg_MAPDS namelen=200 ;
25415      class
25416      SubroFlag
25417      Body
25418      Cause
25419      Nature
25420      VEHflag
25421      ;
MPRINT(EM_DIAGRAM):   class SubroFlag Body Cause Nature VEHflag ;
25422      model SubroFlag =
25423      Body
25424      Cause
25425      Nature
25426      TextCluster_SVD1
25427      TextCluster_SVD2
25428      TextCluster_SVD3
25429      TextCluster_SVD4
25430      TextCluster_SVD5
25431      TextTopic_raw1
25432      TextTopic_raw2
25433      TextTopic_raw3
25434      TextTopic_raw4
25435      TextTopic_raw5
25436      TextTopic_raw6
25437      VEHflag
25438      /error=binomial link=LOGIT
25439      coding=DEVIATION
25440      nodesignprint
25441      selection=STEPWISE choose=VMISC
25442      Hierarchy=CLASS
25443      Rule=NONE
25444      SlEntry=0.15
25445      SlStay=0.15
25446      Start=0
25447      Stop=0
25448      include=0
25449      MaxStep=100
25450      ;
MPRINT(EM_DIAGRAM):   model SubroFlag = Body Cause Nature TextCluster_SVD1 TextCluster_SVD2 TextCluster_SVD3 TextCluster_SVD4 TextCluster_SVD5 TextTopic_raw1 TextTopic_raw2 TextTopic_raw3 TextTopic_raw4 TextTopic_raw5 TextTopic_raw6 VEHflag 
/error=binomial link=LOGIT coding=DEVIATION nodesignprint selection=STEPWISE choose=VMISC Hierarchy=CLASS Rule=NONE SlEntry=0.15 SlStay=0.15 Start=0 Stop=0 include=0 MaxStep=100 ;
25451      ;
MPRINT(EM_DIAGRAM):   ;
25452      code file="C:\Users\Gaurav\Desktop\second sem\Data Mining\Project 3\Insurance Claim\Workspaces\EMWS1\Reg\EMPUBLISHSCORE.sas"
25453      group=Reg
25454      ;
MPRINT(EM_DIAGRAM):   code file="C:\Users\Gaurav\Desktop\second sem\Data Mining\Project 3\Insurance Claim\Workspaces\EMWS1\Reg\EMPUBLISHSCORE.sas" group=Reg ;
25455      code file="C:\Users\Gaurav\Desktop\second sem\Data Mining\Project 3\Insurance Claim\Workspaces\EMWS1\Reg\EMFLOWSCORE.sas"
25456      group=Reg
25457      residual
25458      ;
MPRINT(EM_DIAGRAM):   code file="C:\Users\Gaurav\Desktop\second sem\Data Mining\Project 3\Insurance Claim\Workspaces\EMWS1\Reg\EMFLOWSCORE.sas" group=Reg residual ;
25459      run;
MPRINT(EM_DIAGRAM):   run;

NOTE: STOP= ignored.

NOTE: PROC DMREG is modeling the probability that SubroFlag=1.
NOTE: Convergence criterion (ABSGCONV=0.00001) satisfied.
NOTE: Convergence criterion (GCONV=1E-6) satisfied.
NOTE: Convergence criterion (GCONV=1E-6) satisfied.
NOTE: Convergence criterion (GCONV=1E-6) satisfied.
NOTE: Convergence criterion (GCONV=1E-6) satisfied.
NOTE: Convergence criterion (GCONV=1E-6) satisfied.
NOTE: Convergence criterion (GCONV=1E-6) satisfied.
NOTE: Convergence criterion (GCONV=1E-6) satisfied.
NOTE: Convergence criterion (GCONV=1E-6) satisfied.
NOTE: Convergence criterion (GCONV=1E-6) satisfied.
NOTE: Convergence criterion (GCONV=1E-6) satisfied.
NOTE: External file C:\Users\Gaurav\Desktop\second sem\Data Mining\Project 3\Insurance Claim\Workspaces\EMWS1\Reg\EMPUBLISHSCORE.sas opened.
NOTE: External file C:\Users\Gaurav\Desktop\second sem\Data Mining\Project 3\Insurance Claim\Workspaces\EMWS1\Reg\EMFLOWSCORE.sas opened.
NOTE: View WORK.EM_DMREG.VIEW used (Total process time):
      real time           1.30 seconds
      cpu time            0.53 seconds
      
NOTE: There were 302 observations read from the data set EMWS1.TEXTTOPIC_TRAIN.
NOTE: There were 302 observations read from the data set WORK.EM_DMREG.
NOTE: There were 305 observations read from the data set EMWS1.TEXTTOPIC_VALIDATE.
NOTE: The data set EMWS1.REG_EMESTIMATE has 36 observations and 100 variables.
NOTE: The data set EMWS1.REG_OUTTERMS has 5 observations and 6 variables.
NOTE: The data set EMWS1.REG_MAPDS has 2 observations and 65 variables.
NOTE: The PROCEDURE DMREG printed pages 4-15.
NOTE: PROCEDURE DMREG used (Total process time):
      real time           1.44 seconds
      cpu time            0.54 seconds
      

MPRINT(EM_DIAGRAM):   quit;
25460      quit;

25461      proc datasets lib=WORK nolist;
MPRINT(EM_DIAGRAM):    proc datasets lib=WORK nolist;
25462      delete Reg_DMDB;
MPRINT(EM_DIAGRAM):   delete Reg_DMDB;
25463      run;
MPRINT(EM_DIAGRAM):   run;

NOTE: The file WORK.REG_DMDB (memtype=DATA) was not found, but appears on a DELETE statement.
25464      quit;
MPRINT(EM_DIAGRAM):   quit;

NOTE: PROCEDURE DATASETS used (Total process time):
      real time           0.02 seconds
      cpu time            0.01 seconds
      

25465      proc datasets lib=WORK nolist;
MPRINT(EM_DIAGRAM):    proc datasets lib=WORK nolist;
25466      delete Reg_DMDB / memtype=catalog;
MPRINT(EM_DIAGRAM):   delete Reg_DMDB / memtype=catalog;
25467      run;
MPRINT(EM_DIAGRAM):   run;

NOTE: Deleting WORK.REG_DMDB (memtype=CATALOG).
25468      quit;
MPRINT(EM_DIAGRAM):   quit;

NOTE: PROCEDURE DATASETS used (Total process time):
      real time           0.02 seconds
      cpu time            0.01 seconds
      

25469      data WORK.ESTIMATE;
MPRINT(EM_DIAGRAM):    data WORK.ESTIMATE;
25470      length _NAME_ $32;
MPRINT(EM_DIAGRAM):   length _NAME_ $32;
25471      set EMWS1.Reg_EMESTIMATE;
MPRINT(EM_DIAGRAM):   set EMWS1.Reg_EMESTIMATE;
25472      drop _AIC_--_VMISC_
25473      ;
MPRINT(EM_DIAGRAM):   drop _AIC_--_VMISC_ ;
25474      where _CHOSEN_ ne '' and _TYPE_ in('PARMS', 'T', 'P');
MPRINT(EM_DIAGRAM):   where _CHOSEN_ ne '' and _TYPE_ in('PARMS', 'T', 'P');
25475      drop _STEP_ _CHOSEN_;
MPRINT(EM_DIAGRAM):   drop _STEP_ _CHOSEN_;
25476      select(_TYPE_);
MPRINT(EM_DIAGRAM):   select(_TYPE_);
25477      when('PARMS') _NAME_='Coefficient';
MPRINT(EM_DIAGRAM):   when('PARMS') _NAME_='Coefficient';
25478      when('T') _NAME_='tValue';
MPRINT(EM_DIAGRAM):   when('T') _NAME_='tValue';
25479      when('P') _NAME_='PValue';
MPRINT(EM_DIAGRAM):   when('P') _NAME_='PValue';
25480      otherwise;
MPRINT(EM_DIAGRAM):   otherwise;
25481      end;
MPRINT(EM_DIAGRAM):   end;
25482      run;
MPRINT(EM_DIAGRAM):   run;

NOTE: There were 3 observations read from the data set EMWS1.REG_EMESTIMATE.
      WHERE (_CHOSEN_ not = ' ') and _TYPE_ in ('P', 'PARMS', 'T');
NOTE: The data set WORK.ESTIMATE has 3 observations and 66 variables.
NOTE: DATA statement used (Total process time):
      real time           0.04 seconds
      cpu time            0.03 seconds
      

25483      proc transpose data=WORK.ESTIMATE out=WORK.ESTIMATE(rename=(_NAME_=Effect));
MPRINT(EM_DIAGRAM):   proc transpose data=WORK.ESTIMATE out=WORK.ESTIMATE(rename=(_NAME_=Effect));
25484      run;
MPRINT(EM_DIAGRAM):   run;

NOTE: There were 3 observations read from the data set WORK.ESTIMATE.
NOTE: The data set WORK.ESTIMATE has 64 observations and 5 variables.
NOTE: PROCEDURE TRANSPOSE used (Total process time):
      real time           0.04 seconds
      cpu time            0.00 seconds
      

25485      proc transpose data=EMWS1.Reg_MAPDS out=WORK.MAP(rename=(_NAME_=Effect INPUT=Variable
25486      ));
MPRINT(EM_DIAGRAM):   proc transpose data=EMWS1.Reg_MAPDS out=WORK.MAP(rename=(_NAME_=Effect INPUT=Variable ));
25487      var 'BodyANKLE'n--'VEHflag0'n;
MPRINT(EM_DIAGRAM):   var 'BodyANKLE'n--'VEHflag0'n;
25488      run;
MPRINT(EM_DIAGRAM):   run;

NOTE: There were 2 observations read from the data set EMWS1.REG_MAPDS.
NOTE: The data set WORK.MAP has 63 observations and 4 variables.
NOTE: PROCEDURE TRANSPOSE used (Total process time):
      real time           0.04 seconds
      cpu time            0.01 seconds
      

25489      proc sort data=WORK.MAP;
MPRINT(EM_DIAGRAM):   proc sort data=WORK.MAP;
25490      by Effect;
MPRINT(EM_DIAGRAM):   by Effect;
25491      run;
MPRINT(EM_DIAGRAM):   run;

NOTE: There were 63 observations read from the data set WORK.MAP.
NOTE: The data set WORK.MAP has 63 observations and 4 variables.
NOTE: PROCEDURE SORT used (Total process time):
      real time           0.01 seconds
      cpu time            0.01 seconds
      

25492      proc sort data=WORK.ESTIMATE;
MPRINT(EM_DIAGRAM):   proc sort data=WORK.ESTIMATE;
25493      by Effect;
MPRINT(EM_DIAGRAM):   by Effect;
25494      run;
MPRINT(EM_DIAGRAM):   run;

NOTE: There were 64 observations read from the data set WORK.ESTIMATE.
NOTE: The data set WORK.ESTIMATE has 64 observations and 5 variables.
NOTE: PROCEDURE SORT used (Total process time):
      real time           0.01 seconds
      cpu time            0.00 seconds
      

25495      data EMWS1.Reg_EFFECTS(rename=(_LABEL_=EffectLabel));
MPRINT(EM_DIAGRAM):   data EMWS1.Reg_EFFECTS(rename=(_LABEL_=EffectLabel));
25496      length Variable ClassLevel $32;
MPRINT(EM_DIAGRAM):   length Variable ClassLevel $32;
25497      merge WORK.ESTIMATE WORK.MAP;
MPRINT(EM_DIAGRAM):   merge WORK.ESTIMATE WORK.MAP;
25498      by Effect;
MPRINT(EM_DIAGRAM):   by Effect;
25499      label Effect = "%sysfunc(sasmsg(sashelp.dmine, rpt_effect_vlabel, NOQUOTE))" Variable = "%sysfunc(sasmsg(sashelp.dmine, rpt_variable_vlabel, NOQUOTE))" Sign = "%sysfunc(sasmsg(sashelp.dmine, rpt_sign_vlabel, NOQUOTE))" ClassLevel =
25500         "%sysfunc(sasmsg(sashelp.dmine, rpt_level_vlabel, NOQUOTE))" Abscoefficient = "%sysfunc(sasmsg(sashelp.dmine, rpt_abscoefficient_vlabel, NOQUOTE))" Coefficient = "%sysfunc(sasmsg(sashelp.dmine, rpt_coefficient_vlabel, NOQUOTE))" _LABEL_ =
25501         "%sysfunc(sasmsg(sashelp.dmine, rpt_effectLabel_vlabel, NOQUOTE))" CODE = "%sysfunc(sasmsg(sashelp.dmine, rpt_scorecodevar_vlabel, NOQUOTE))";
MPRINT(EM_DIAGRAM):   label Effect = "Effect" Variable = "Variable" Sign = "Sign" ClassLevel = "Level" Abscoefficient = "Absolute Coefficient" Coefficient = "Coefficient" _LABEL_ = "Effect Label" CODE = "Score Code Variable";
25502      label tvalue = "%sysfunc(sasmsg(sashelp.dmine, rpt_tvalue_vlabel,         NOQUOTE))" abstvalue = "%sysfunc(sasmsg(sashelp.dmine, rpt_absoluteTvalue_vlabel, NOQUOTE))" PValue = "%sysfunc(sasmsg(sashelp.dmine, rpt_pvalue_vlabel,         NOQUOTE))"
25502    ! ;
MPRINT(EM_DIAGRAM):   label tvalue = "T-value" abstvalue = "Absolute T-value" PValue = "P Value";
25503      abstvalue = abs(tValue);
MPRINT(EM_DIAGRAM):   abstvalue = abs(tValue);
25504      if index(Effect, 'Intercept') then do;
MPRINT(EM_DIAGRAM):   if index(Effect, 'Intercept') then do;
25505      variable = 'Intercept';
MPRINT(EM_DIAGRAM):   variable = 'Intercept';
25506      classLevel = scan(_LABEL_, 2, '=');
MPRINT(EM_DIAGRAM):   classLevel = scan(_LABEL_, 2, '=');
25507      end;
MPRINT(EM_DIAGRAM):   end;
25508      if ^indexc(variable, '*') then do;
MPRINT(EM_DIAGRAM):   if ^indexc(variable, '*') then do;
25509      if length(effect)>length(variable) then classlevel = substr(Effect, length(variable)+1);
MPRINT(EM_DIAGRAM):   if length(effect)>length(variable) then classlevel = substr(Effect, length(variable)+1);
25510      end;
MPRINT(EM_DIAGRAM):   end;
25511      if Effect eq '' then Effect = Variable;
MPRINT(EM_DIAGRAM):   if Effect eq '' then Effect = Variable;
25512      if coefficient < 0 then sign = '-';
MPRINT(EM_DIAGRAM):   if coefficient < 0 then sign = '-';
25513      else sign = '+';
MPRINT(EM_DIAGRAM):   else sign = '+';
25514      abscoefficient = abs(coefficient);
MPRINT(EM_DIAGRAM):   abscoefficient = abs(coefficient);
25515      if _LABEL_ = '' then _LABEL_ = Effect;
MPRINT(EM_DIAGRAM):   if _LABEL_ = '' then _LABEL_ = Effect;
25516      if coefficient ne . then output;
MPRINT(EM_DIAGRAM):   if coefficient ne . then output;
25517      run;
MPRINT(EM_DIAGRAM):   run;

NOTE: Missing values were generated as a result of performing an operation on missing values.
      Each place is given by: (Number of times) at (Line):(Column).
      59 at 25503:13   59 at 25514:18   
NOTE: There were 64 observations read from the data set WORK.ESTIMATE.
NOTE: There were 63 observations read from the data set WORK.MAP.
NOTE: The data set EMWS1.REG_EFFECTS has 5 observations and 11 variables.
NOTE: DATA statement used (Total process time):
      real time           0.05 seconds
      cpu time            0.06 seconds
      

25518      proc sort data =EMWS1.Reg_EFFECTS;
MPRINT(EM_DIAGRAM):    proc sort data =EMWS1.Reg_EFFECTS;
25519      by
25520      descending abstvalue;
MPRINT(EM_DIAGRAM):   by descending abstvalue;
25521      run;
MPRINT(EM_DIAGRAM):   run;

NOTE: There were 5 observations read from the data set EMWS1.REG_EFFECTS.
NOTE: The data set EMWS1.REG_EFFECTS has 5 observations and 11 variables.
NOTE: PROCEDURE SORT used (Total process time):
      real time           0.01 seconds
      cpu time            0.00 seconds
      

25522      data EMWS1.Reg_EFFECTS;
MPRINT(EM_DIAGRAM):   data EMWS1.Reg_EFFECTS;
25523      set EMWS1.Reg_EFFECTS;
MPRINT(EM_DIAGRAM):   set EMWS1.Reg_EFFECTS;
25524      format TEffectNum 3.;
MPRINT(EM_DIAGRAM):   format TEffectNum 3.;
25525      label TEffectNum = "%sysfunc(sasmsg(sashelp.dmine, rpt_teffectnum_vlabel, NOQUOTE))";
MPRINT(EM_DIAGRAM):   label TEffectNum = "TScore Number";
25526      retain TEffectNum;
MPRINT(EM_DIAGRAM):   retain TEffectNum;
25527      TEffectNum = _N_;
MPRINT(EM_DIAGRAM):   TEffectNum = _N_;
25528      run;
MPRINT(EM_DIAGRAM):   run;

NOTE: There were 5 observations read from the data set EMWS1.REG_EFFECTS.
NOTE: The data set EMWS1.REG_EFFECTS has 5 observations and 12 variables.
NOTE: DATA statement used (Total process time):
      real time           0.02 seconds
      cpu time            0.01 seconds
      

25529      proc sort data =EMWS1.Reg_EFFECTS;
MPRINT(EM_DIAGRAM):    proc sort data =EMWS1.Reg_EFFECTS;
25530      by
25531      descending absCoefficient;
MPRINT(EM_DIAGRAM):   by descending absCoefficient;
25532      run;
MPRINT(EM_DIAGRAM):   run;

NOTE: There were 5 observations read from the data set EMWS1.REG_EFFECTS.
NOTE: The data set EMWS1.REG_EFFECTS has 5 observations and 12 variables.
NOTE: PROCEDURE SORT used (Total process time):
      real time           0.01 seconds
      cpu time            0.03 seconds
      

25533      data EMWS1.Reg_EFFECTS;
MPRINT(EM_DIAGRAM):   data EMWS1.Reg_EFFECTS;
25534      set EMWS1.Reg_EFFECTS;
MPRINT(EM_DIAGRAM):   set EMWS1.Reg_EFFECTS;
25535      format EffectNum 3.;
MPRINT(EM_DIAGRAM):   format EffectNum 3.;
25536      label EffectNum = "%sysfunc(sasmsg(sashelp.dmine, rpt_effectnum_vlabel, NOQUOTE))";
MPRINT(EM_DIAGRAM):   label EffectNum = "Effect Number";
25537      retain EffectNum;
MPRINT(EM_DIAGRAM):   retain EffectNum;
25538      EffectNum = _N_;
MPRINT(EM_DIAGRAM):   EffectNum = _N_;
25539      run;
MPRINT(EM_DIAGRAM):   run;

NOTE: There were 5 observations read from the data set EMWS1.REG_EFFECTS.
NOTE: The data set EMWS1.REG_EFFECTS has 5 observations and 13 variables.
NOTE: DATA statement used (Total process time):
      real time           0.02 seconds
      cpu time            0.01 seconds
      

25540      proc transpose data=EMWS1.Reg_EMESTIMATE out=EMWS1.Reg_ESTIMATEGRID(rename=(PARMS=Coefficient T=TValue _NAME_=Effect _LABEL_=EffectLabel));
MPRINT(EM_DIAGRAM):    proc transpose data=EMWS1.Reg_EMESTIMATE out=EMWS1.Reg_ESTIMATEGRID(rename=(PARMS=Coefficient T=TValue _NAME_=Effect _LABEL_=EffectLabel));
25541      where _CHOSEN_ eq '' and _TYPE_ in('PARMS', 'T', 'P');
MPRINT(EM_DIAGRAM):   where _CHOSEN_ eq '' and _TYPE_ in('PARMS', 'T', 'P');
25542      var 'BodyANKLE'n--'VEHflag0'n;
MPRINT(EM_DIAGRAM):   var 'BodyANKLE'n--'VEHflag0'n;
25543      by _STEP_;
MPRINT(EM_DIAGRAM):   by _STEP_;
25544      id _TYPE_;
MPRINT(EM_DIAGRAM):   id _TYPE_;
25545      run;
MPRINT(EM_DIAGRAM):   run;

NOTE: There were 33 observations read from the data set EMWS1.REG_EMESTIMATE.
      WHERE (_CHOSEN_=' ') and _TYPE_ in ('P', 'PARMS', 'T');
NOTE: The data set EMWS1.REG_ESTIMATEGRID has 693 observations and 6 variables.
NOTE: PROCEDURE TRANSPOSE used (Total process time):
      real time           0.05 seconds
      cpu time            0.03 seconds
      

25546      data EMWS1.Reg_ESTIMATEGRID;
MPRINT(EM_DIAGRAM):    data EMWS1.Reg_ESTIMATEGRID;
25547      set EMWS1.Reg_ESTIMATEGRID;
MPRINT(EM_DIAGRAM):   set EMWS1.Reg_ESTIMATEGRID;
25548      if EffectLabel eq '' then EffectLabel = Effect;
MPRINT(EM_DIAGRAM):   if EffectLabel eq '' then EffectLabel = Effect;
25549      label EffectLabel = "%sysfunc(sasmsg(sashelp.dmine, rpt_effectLabel_vlabel, NOQUOTE))" Effect = "%sysfunc(sasmsg(sashelp.dmine, rpt_effect_vlabel, NOQUOTE))" Abscoefficient = "%sysfunc(sasmsg(sashelp.dmine, rpt_abscoefficient_vlabel, NOQUOTE))"
25550         Coefficient = "%sysfunc(sasmsg(sashelp.dmine, rpt_coefficient_vlabel, NOQUOTE))" tvalue = "%sysfunc(sasmsg(sashelp.dmine, rpt_tvalue_vlabel,         NOQUOTE))" abstvalue = "%sysfunc(sasmsg(sashelp.dmine, rpt_absoluteTvalue_vlabel, NOQUOTE))"
25550    ! PValue =
25551         "%sysfunc(sasmsg(sashelp.dmine, rpt_pvalue_vlabel,         NOQUOTE))";
MPRINT(EM_DIAGRAM):   label EffectLabel = "Effect Label" Effect = "Effect" Abscoefficient = "Absolute Coefficient" Coefficient = "Coefficient" tvalue = "T-value" abstvalue = "Absolute T-value" PValue = "P Value";
25552      AbsCoefficient = abs(Coefficient);
MPRINT(EM_DIAGRAM):   AbsCoefficient = abs(Coefficient);
25553      AbsTValue = abs(TValue);
MPRINT(EM_DIAGRAM):   AbsTValue = abs(TValue);
25554      where coefficient ne .;
MPRINT(EM_DIAGRAM):   where coefficient ne .;
25555      run;
MPRINT(EM_DIAGRAM):   run;

NOTE: Variable PValue is uninitialized.
NOTE: There were 87 observations read from the data set EMWS1.REG_ESTIMATEGRID.
      WHERE coefficient not = .;
NOTE: The data set EMWS1.REG_ESTIMATEGRID has 87 observations and 8 variables.
NOTE: DATA statement used (Total process time):
      real time           0.04 seconds
      cpu time            0.04 seconds
      

MPRINT(EM_DIAGRAM):    proc printto;
MPRINT(EM_DIAGRAM):   run;
