NOTE: PROCEDURE PRINTTO used (Total process time):
      real time           0.00 seconds
      cpu time            0.00 seconds
      

Traverser: Traverser invoked.  MPCONNECT command is !sascmdv -nosyntaxcheck -noasynchio -noobjectserver. 
Traverser: Beginning flow traversal 
16072      data _null_;
MPRINT(EM_DIAGRAM):    data _null_;
16073      file emwipmsg;
MPRINT(EM_DIAGRAM):   file emwipmsg;
16074      put '<Node Id="Ids2" Event="Run" Pid="17752" Gridid=""/>';
MPRINT(EM_DIAGRAM):   put '<Node Id="Ids2" Event="Run" Pid="17752" Gridid=""/>';
16075      run;
MPRINT(EM_DIAGRAM):   run;

NOTE: The file EMWIPMSG is:
      Local Host Name=DESKTOP-8598PS1,
      Local Host IP addr=fe80::98f7:4ba2:b4a4:2933%19,
      Peer Hostname Name=DESKTOP-8598PS1,
      Peer IP addr=127.0.0.1,Peer Name=N/A,
      Peer Portno=57414,Lrecl=32767,Recfm=Variable

NOTE: 1 record was written to the file EMWIPMSG.
      The minimum record length was 51.
      The maximum record length was 51.
NOTE: DATA statement used (Total process time):
      real time           0.01 seconds
      cpu time            0.01 seconds
      

16076      %let emloopmode =;
*------------------------------------------------------------* 
* 
* Ids2 : Beginning update before running 
* datetime : 28APR2017:16:26:22 
* 
*------------------------------------------------------------* 
MPRINT(EM_DIAGRAM):     filename _emtool_ 'C:\Users\Gaurav\Desktop\second sem\Data Mining\Project 3\Insurance Claim\Workspaces\EMWS1\Ids2\PROPERTIES.xml' encoding="UTF-8" NOBOM;
16078      %let _HPDMGRIDHOST=;
16079      %let _HPDMGRIDINSTALLLOC=;
16080      %let _HPDMGRIDDATASERVER=;
16081      %hpdm_gridSetOPtions;
MPRINT(EM_DIAGRAM):   
MPRINT(HPDM_GRIDSETOPTIONS):   data _null_;
MPRINT(HPDM_GRIDSETOPTIONS):   length optionString string $2000;
MPRINT(HPDM_GRIDSETOPTIONS):   optionString = reverse(getoption('SET'));
MPRINT(HPDM_GRIDSETOPTIONS):   index = index(optionString, reverse('GRIDHOST'));
MPRINT(HPDM_GRIDSETOPTIONS):   if index then do;
MPRINT(HPDM_GRIDSETOPTIONS):   string = reverse(substr(optionString, 1, index-4));
MPRINT(HPDM_GRIDSETOPTIONS):   host = '"'!!strip(tranwrd(scan(string, 1, ']'), '"', ''))!!'"';
MPRINT(HPDM_GRIDSETOPTIONS):   call symput('_HPDMGRIDHOST', strip(host));
MPRINT(HPDM_GRIDSETOPTIONS):   end;
MPRINT(HPDM_GRIDSETOPTIONS):   index = index(optionString, reverse('GRIDINSTALLLOC'));
MPRINT(HPDM_GRIDSETOPTIONS):   if index then do;
MPRINT(HPDM_GRIDSETOPTIONS):   string = reverse(substr(optionString, 1, index-4));
MPRINT(HPDM_GRIDSETOPTIONS):   install = '"'!!strip(tranwrd(scan(string, 1, ']'), '"', ''))!!'"';
MPRINT(HPDM_GRIDSETOPTIONS):   call symput('_HPDMGRIDINSTALLLOC', strip(install));
MPRINT(HPDM_GRIDSETOPTIONS):   end;
MPRINT(HPDM_GRIDSETOPTIONS):   index = index(optionString, reverse('GRIDDATASERVER'));
MPRINT(HPDM_GRIDSETOPTIONS):   if index then do;
MPRINT(HPDM_GRIDSETOPTIONS):   string = reverse(substr(optionString, 1, index-4));
MPRINT(HPDM_GRIDSETOPTIONS):   server = '"'!!strip(tranwrd(scan(string, 1, ']'), '"', ''))!!'"';
MPRINT(HPDM_GRIDSETOPTIONS):   call symput('_HPDMGRIDDATASERVER', strip(server));
MPRINT(HPDM_GRIDSETOPTIONS):   end;
MPRINT(HPDM_GRIDSETOPTIONS):   run;

NOTE: DATA statement used (Total process time):
      real time           0.01 seconds
      cpu time            0.01 seconds
      

MPRINT(EM_DIAGRAM):  ;

*------------------------------------------------------------* 
* 
* Ids2 : End update 
* datetime : 28APR2017:16:26:22 
* 
*------------------------------------------------------------* 
16082      %em_getactionstatus(emlib =EMWS1, nodeid=Ids2);
MPRINT(EM_DIAGRAM):   
MPRINT(EM_GETACTIONSTATUS):   proc display c=sashelp.emutil.getactionstatus.scl;
MPRINT(EM_GETACTIONSTATUS):   run;

16083      proc compare base=EMWS1.Ids2_emtrainvariable compare=EMWS1.Ids2_variableSet out=diffDS noprint outnoequal outbase outcomp outdiff;
MPRINT(EM_GETACTIONSTATUS):   proc compare base=EMWS1.Ids2_emtrainvariable compare=EMWS1.Ids2_variableSet out=diffDS noprint outnoequal outbase outcomp outdiff;
16084      run;
MPRINT(EM_GETACTIONSTATUS):   run;

NOTE: There were 7 observations read from the data set EMWS1.IDS2_EMTRAINVARIABLE.
NOTE: There were 7 observations read from the data set EMWS1.IDS2_VARIABLESET.
NOTE: The data set WORK.DIFFDS has 0 observations and 8 variables.
NOTE: PROCEDURE COMPARE used (Total process time):
      real time           0.01 seconds
      cpu time            0.01 seconds
      

16085      %let diffVar = N;
16086      data _null_;
MPRINT(EM_GETACTIONSTATUS):   data _null_;
16087      set diffDs end=eof;
MPRINT(EM_GETACTIONSTATUS):   set diffDs end=eof;
16088      if eof and _N_>0 then call symput('diffVar', 'Y');
MPRINT(EM_GETACTIONSTATUS):   if eof and _N_>0 then call symput('diffVar', 'Y');
16089      run;
MPRINT(EM_GETACTIONSTATUS):   run;

NOTE: There were 0 observations read from the data set WORK.DIFFDS.
NOTE: DATA statement used (Total process time):
      real time           0.01 seconds
      cpu time            0.01 seconds
      

16090      %let em_Train = N;
16091      %let em_Score = N;
16092      %let em_Report = N;
16093      %let em_Run = N;
NOTE: PROCEDURE DISPLAY used (Total process time):
      real time           0.05 seconds
      cpu time            0.06 seconds
      

MPRINT(EM_GETACTIONSTATUS):    
MPRINT(EM_DIAGRAM):  ;

Node "Ids2" has already run. 
Node "Ids2" succeeded. 
16094      data _null_;
MPRINT(EM_DIAGRAM):    data _null_;
16095      file emwipmsg;
MPRINT(EM_DIAGRAM):   file emwipmsg;
16096      put '<Node Id="Ids2" Event="Complete" Pid="17752" Gridid=""/>';
MPRINT(EM_DIAGRAM):   put '<Node Id="Ids2" Event="Complete" Pid="17752" Gridid=""/>';
16097      run;
MPRINT(EM_DIAGRAM):   run;

NOTE: The file EMWIPMSG is:
      Local Host Name=DESKTOP-8598PS1,
      Local Host IP addr=fe80::98f7:4ba2:b4a4:2933%19,
      Peer Hostname Name=DESKTOP-8598PS1,
      Peer IP addr=127.0.0.1,Peer Name=N/A,
      Peer Portno=57414,Lrecl=32767,Recfm=Variable

NOTE: 1 record was written to the file EMWIPMSG.
      The minimum record length was 56.
      The maximum record length was 56.
NOTE: DATA statement used (Total process time):
      real time           0.01 seconds
      cpu time            0.01 seconds
      

Traverser: WaitingNode "TREE5" 
Traverser: WaitingNode "TREE" 
Traverser: WaitingNode "TEXTCLUSTER" 
Traverser: WaitingNode "TEXTTOPIC" 
Traverser: WaitingNode "REG" 
Traverser: WaitingNode "REG2" 
Traverser: WaitingNode "TEXTCLUSTER2" 
Traverser: WaitingNode "TEXTTOPIC2" 
Traverser: WaitingNode "TREE4" 
Traverser: WaitingNode "PART" 
Traverser: WaitingNode "TEXTPARSING" 
Traverser: WaitingNode "TEXTFILTER" 
Traverser: WaitingNode "TEXTCLUSTER4" 
Traverser: WaitingNode "TEXTTOPIC3" 
Traverser: WaitingNode "REG3" 
Traverser: WaitingNode "TREE2" 
Traverser: WaitingNode "REG4" 
Traverser: WaitingNode "MDLCOMP" 
traverser_readyNode_note 
traverser_readyNode_note 
16098      data _null_;
MPRINT(EM_DIAGRAM):    data _null_;
16099      file emwipmsg;
MPRINT(EM_DIAGRAM):   file emwipmsg;
16100      put '<Node Id="Ids" Event="Run" Pid="17752" Gridid=""/>';
MPRINT(EM_DIAGRAM):   put '<Node Id="Ids" Event="Run" Pid="17752" Gridid=""/>';
16101      run;
MPRINT(EM_DIAGRAM):   run;

NOTE: The file EMWIPMSG is:
      Local Host Name=DESKTOP-8598PS1,
      Local Host IP addr=fe80::98f7:4ba2:b4a4:2933%19,
      Peer Hostname Name=DESKTOP-8598PS1,
      Peer IP addr=127.0.0.1,Peer Name=N/A,
      Peer Portno=57414,Lrecl=32767,Recfm=Variable

NOTE: 1 record was written to the file EMWIPMSG.
      The minimum record length was 50.
      The maximum record length was 50.
NOTE: DATA statement used (Total process time):
      real time           0.01 seconds
      cpu time            0.01 seconds
      

16102      %let emloopmode =;
*------------------------------------------------------------* 
* 
* Ids : Beginning update before running 
* datetime : 28APR2017:16:26:23 
* 
*------------------------------------------------------------* 
MPRINT(EM_DIAGRAM):     filename _emtool_ 'C:\Users\Gaurav\Desktop\second sem\Data Mining\Project 3\Insurance Claim\Workspaces\EMWS1\Ids\PROPERTIES.xml' encoding="UTF-8" NOBOM;
16104      %let _HPDMGRIDHOST=;
16105      %let _HPDMGRIDINSTALLLOC=;
16106      %let _HPDMGRIDDATASERVER=;
16107      %hpdm_gridSetOPtions;
MPRINT(EM_DIAGRAM):   
MPRINT(HPDM_GRIDSETOPTIONS):   data _null_;
MPRINT(HPDM_GRIDSETOPTIONS):   length optionString string $2000;
MPRINT(HPDM_GRIDSETOPTIONS):   optionString = reverse(getoption('SET'));
MPRINT(HPDM_GRIDSETOPTIONS):   index = index(optionString, reverse('GRIDHOST'));
MPRINT(HPDM_GRIDSETOPTIONS):   if index then do;
MPRINT(HPDM_GRIDSETOPTIONS):   string = reverse(substr(optionString, 1, index-4));
MPRINT(HPDM_GRIDSETOPTIONS):   host = '"'!!strip(tranwrd(scan(string, 1, ']'), '"', ''))!!'"';
MPRINT(HPDM_GRIDSETOPTIONS):   call symput('_HPDMGRIDHOST', strip(host));
MPRINT(HPDM_GRIDSETOPTIONS):   end;
MPRINT(HPDM_GRIDSETOPTIONS):   index = index(optionString, reverse('GRIDINSTALLLOC'));
MPRINT(HPDM_GRIDSETOPTIONS):   if index then do;
MPRINT(HPDM_GRIDSETOPTIONS):   string = reverse(substr(optionString, 1, index-4));
MPRINT(HPDM_GRIDSETOPTIONS):   install = '"'!!strip(tranwrd(scan(string, 1, ']'), '"', ''))!!'"';
MPRINT(HPDM_GRIDSETOPTIONS):   call symput('_HPDMGRIDINSTALLLOC', strip(install));
MPRINT(HPDM_GRIDSETOPTIONS):   end;
MPRINT(HPDM_GRIDSETOPTIONS):   index = index(optionString, reverse('GRIDDATASERVER'));
MPRINT(HPDM_GRIDSETOPTIONS):   if index then do;
MPRINT(HPDM_GRIDSETOPTIONS):   string = reverse(substr(optionString, 1, index-4));
MPRINT(HPDM_GRIDSETOPTIONS):   server = '"'!!strip(tranwrd(scan(string, 1, ']'), '"', ''))!!'"';
MPRINT(HPDM_GRIDSETOPTIONS):   call symput('_HPDMGRIDDATASERVER', strip(server));
MPRINT(HPDM_GRIDSETOPTIONS):   end;
MPRINT(HPDM_GRIDSETOPTIONS):   run;

NOTE: DATA statement used (Total process time):
      real time           0.02 seconds
      cpu time            0.03 seconds
      

MPRINT(EM_DIAGRAM):  ;

*------------------------------------------------------------* 
* 
* Ids : End update 
* datetime : 28APR2017:16:26:23 
* 
*------------------------------------------------------------* 
16108      %em_getactionstatus(emlib =EMWS1, nodeid=Ids);
MPRINT(EM_DIAGRAM):   
MPRINT(EM_GETACTIONSTATUS):   proc display c=sashelp.emutil.getactionstatus.scl;
MPRINT(EM_GETACTIONSTATUS):   run;

16109      %let em_Train = N;
16110      %let em_Score = N;
16111      %let em_Report = N;
16112      %let em_Run = N;
NOTE: PROCEDURE DISPLAY used (Total process time):
      real time           0.03 seconds
      cpu time            0.03 seconds
      

MPRINT(EM_GETACTIONSTATUS):   
MPRINT(EM_DIAGRAM):  ;

Node "Ids" has already run. 
Node "Ids" succeeded. 
16113      data _null_;
MPRINT(EM_DIAGRAM):    data _null_;
16114      file emwipmsg;
MPRINT(EM_DIAGRAM):   file emwipmsg;
16115      put '<Node Id="Ids" Event="Complete" Pid="17752" Gridid=""/>';
MPRINT(EM_DIAGRAM):   put '<Node Id="Ids" Event="Complete" Pid="17752" Gridid=""/>';
16116      run;
MPRINT(EM_DIAGRAM):   run;

NOTE: The file EMWIPMSG is:
      Local Host Name=DESKTOP-8598PS1,
      Local Host IP addr=fe80::98f7:4ba2:b4a4:2933%19,
      Peer Hostname Name=DESKTOP-8598PS1,
      Peer IP addr=127.0.0.1,Peer Name=N/A,
      Peer Portno=57414,Lrecl=32767,Recfm=Variable

NOTE: 1 record was written to the file EMWIPMSG.
      The minimum record length was 55.
      The maximum record length was 55.
NOTE: DATA statement used (Total process time):
      real time           0.02 seconds
      cpu time            0.01 seconds
      

Traverser: WaitingNode "TREE5" 
Traverser: WaitingNode "TREE" 
Traverser: WaitingNode "TEXTCLUSTER" 
Traverser: WaitingNode "TEXTTOPIC" 
Traverser: WaitingNode "REG" 
Traverser: WaitingNode "REG2" 
Traverser: WaitingNode "TEXTCLUSTER2" 
Traverser: WaitingNode "TEXTTOPIC2" 
Traverser: WaitingNode "TREE4" 
Traverser: WaitingNode "TEXTPARSING" 
Traverser: WaitingNode "TEXTFILTER" 
Traverser: WaitingNode "TEXTCLUSTER4" 
Traverser: WaitingNode "TEXTTOPIC3" 
Traverser: WaitingNode "REG3" 
Traverser: WaitingNode "TREE2" 
Traverser: WaitingNode "REG4" 
Traverser: WaitingNode "MDLCOMP" 
traverser_readyNode_note 
traverser_readyNode_note 
16117      data _null_;
MPRINT(EM_DIAGRAM):    data _null_;
16118      file emwipmsg;
MPRINT(EM_DIAGRAM):   file emwipmsg;
16119      put '<Node Id="Part2" Event="Run" Pid="17752" Gridid=""/>';
MPRINT(EM_DIAGRAM):   put '<Node Id="Part2" Event="Run" Pid="17752" Gridid=""/>';
16120      run;
MPRINT(EM_DIAGRAM):   run;

NOTE: The file EMWIPMSG is:
      Local Host Name=DESKTOP-8598PS1,
      Local Host IP addr=fe80::98f7:4ba2:b4a4:2933%19,
      Peer Hostname Name=DESKTOP-8598PS1,
      Peer IP addr=127.0.0.1,Peer Name=N/A,
      Peer Portno=57414,Lrecl=32767,Recfm=Variable

NOTE: 1 record was written to the file EMWIPMSG.
      The minimum record length was 52.
      The maximum record length was 52.
NOTE: DATA statement used (Total process time):
      real time           0.01 seconds
      cpu time            0.01 seconds
      

16121      %let emloopmode =;
*------------------------------------------------------------* 
* 
* Part2 : Beginning update before running 
* datetime : 28APR2017:16:26:24 
* 
*------------------------------------------------------------* 
MPRINT(EM_DIAGRAM):     data WORK.Part2_FILTERSET;
MPRINT(EM_DIAGRAM):   length PORT $32 USE $1;
MPRINT(EM_DIAGRAM):   DROP DELTACODE APPLYDELTA APPLYSCORE IMPORTPORT;
MPRINT(EM_DIAGRAM):   set EMWS1.Ids2_exportSet ;
MPRINT(EM_DIAGRAM):   PORT = '';
MPRINT(EM_DIAGRAM):   USE = '';
MPRINT(EM_DIAGRAM):   where role in( "RAW" "TRAIN" "DOCUMENT" ) and EXPORT = 'Y' ;
MPRINT(EM_DIAGRAM):   run;
MPRINT(EM_DIAGRAM):    filename _emtool_ 'C:\Users\Gaurav\Desktop\second sem\Data Mining\Project 3\Insurance Claim\Workspaces\EMWS1\Part2\PROPERTIES.xml' encoding="UTF-8" NOBOM;
16140      %let _HPDMGRIDHOST=;
16141      %let _HPDMGRIDINSTALLLOC=;
16142      %let _HPDMGRIDDATASERVER=;
16143      %hpdm_gridSetOPtions;
MPRINT(EM_DIAGRAM):   
MPRINT(HPDM_GRIDSETOPTIONS):   data _null_;
MPRINT(HPDM_GRIDSETOPTIONS):   length optionString string $2000;
MPRINT(HPDM_GRIDSETOPTIONS):   optionString = reverse(getoption('SET'));
MPRINT(HPDM_GRIDSETOPTIONS):   index = index(optionString, reverse('GRIDHOST'));
MPRINT(HPDM_GRIDSETOPTIONS):   if index then do;
MPRINT(HPDM_GRIDSETOPTIONS):   string = reverse(substr(optionString, 1, index-4));
MPRINT(HPDM_GRIDSETOPTIONS):   host = '"'!!strip(tranwrd(scan(string, 1, ']'), '"', ''))!!'"';
MPRINT(HPDM_GRIDSETOPTIONS):   call symput('_HPDMGRIDHOST', strip(host));
MPRINT(HPDM_GRIDSETOPTIONS):   end;
MPRINT(HPDM_GRIDSETOPTIONS):   index = index(optionString, reverse('GRIDINSTALLLOC'));
MPRINT(HPDM_GRIDSETOPTIONS):   if index then do;
MPRINT(HPDM_GRIDSETOPTIONS):   string = reverse(substr(optionString, 1, index-4));
MPRINT(HPDM_GRIDSETOPTIONS):   install = '"'!!strip(tranwrd(scan(string, 1, ']'), '"', ''))!!'"';
MPRINT(HPDM_GRIDSETOPTIONS):   call symput('_HPDMGRIDINSTALLLOC', strip(install));
MPRINT(HPDM_GRIDSETOPTIONS):   end;
MPRINT(HPDM_GRIDSETOPTIONS):   index = index(optionString, reverse('GRIDDATASERVER'));
MPRINT(HPDM_GRIDSETOPTIONS):   if index then do;
MPRINT(HPDM_GRIDSETOPTIONS):   string = reverse(substr(optionString, 1, index-4));
MPRINT(HPDM_GRIDSETOPTIONS):   server = '"'!!strip(tranwrd(scan(string, 1, ']'), '"', ''))!!'"';
MPRINT(HPDM_GRIDSETOPTIONS):   call symput('_HPDMGRIDDATASERVER', strip(server));
MPRINT(HPDM_GRIDSETOPTIONS):   end;
MPRINT(HPDM_GRIDSETOPTIONS):   run;

NOTE: DATA statement used (Total process time):
      real time           0.01 seconds
      cpu time            0.00 seconds
      

MPRINT(EM_DIAGRAM):  ;

*------------------------------------------------------------* 
* 
* Part2 : End update 
* datetime : 28APR2017:16:26:25 
* 
*------------------------------------------------------------* 
16144      %em_getactionstatus(emlib =EMWS1, nodeid=Part2);
MPRINT(EM_DIAGRAM):   
MPRINT(EM_GETACTIONSTATUS):   proc display c=sashelp.emutil.getactionstatus.scl;
MPRINT(EM_GETACTIONSTATUS):   run;

16145      %let em_Train = N;
16146      %let em_Score = N;
16147      %let em_Report = N;
16148      %let em_Run = N;
NOTE: PROCEDURE DISPLAY used (Total process time):
      real time           0.02 seconds
      cpu time            0.01 seconds
      

MPRINT(EM_GETACTIONSTATUS):   
MPRINT(EM_DIAGRAM):  ;

Node "Part2" has already run. 
Node "Part2" succeeded. 
16149      data _null_;
MPRINT(EM_DIAGRAM):    data _null_;
16150      file emwipmsg;
MPRINT(EM_DIAGRAM):   file emwipmsg;
16151      put '<Node Id="Part2" Event="Complete" Pid="17752" Gridid=""/>';
MPRINT(EM_DIAGRAM):   put '<Node Id="Part2" Event="Complete" Pid="17752" Gridid=""/>';
16152      run;
MPRINT(EM_DIAGRAM):   run;

NOTE: The file EMWIPMSG is:
      Local Host Name=DESKTOP-8598PS1,
      Local Host IP addr=fe80::98f7:4ba2:b4a4:2933%19,
      Peer Hostname Name=DESKTOP-8598PS1,
      Peer IP addr=127.0.0.1,Peer Name=N/A,
      Peer Portno=57414,Lrecl=32767,Recfm=Variable

NOTE: 1 record was written to the file EMWIPMSG.
      The minimum record length was 57.
      The maximum record length was 57.
NOTE: DATA statement used (Total process time):
      real time           0.02 seconds
      cpu time            0.03 seconds
      

Traverser: WaitingNode "TREE5" 
Traverser: WaitingNode "TREE" 
Traverser: WaitingNode "TEXTCLUSTER" 
Traverser: WaitingNode "TEXTTOPIC" 
Traverser: WaitingNode "REG" 
Traverser: WaitingNode "REG2" 
Traverser: WaitingNode "TEXTCLUSTER2" 
Traverser: WaitingNode "TEXTTOPIC2" 
Traverser: WaitingNode "TREE4" 
Traverser: WaitingNode "TEXTPARSING" 
Traverser: WaitingNode "TEXTFILTER" 
Traverser: WaitingNode "TEXTCLUSTER4" 
Traverser: WaitingNode "TEXTTOPIC3" 
Traverser: WaitingNode "REG3" 
Traverser: WaitingNode "MDLCOMP" 
traverser_readyNode_note 
traverser_readyNode_note 
traverser_readyNode_note 
16153      data _null_;
MPRINT(EM_DIAGRAM):    data _null_;
16154      file emwipmsg;
MPRINT(EM_DIAGRAM):   file emwipmsg;
16155      put '<Node Id="Part" Event="Run" Pid="17752" Gridid=""/>';
MPRINT(EM_DIAGRAM):   put '<Node Id="Part" Event="Run" Pid="17752" Gridid=""/>';
16156      run;
MPRINT(EM_DIAGRAM):   run;

NOTE: The file EMWIPMSG is:
      Local Host Name=DESKTOP-8598PS1,
      Local Host IP addr=fe80::98f7:4ba2:b4a4:2933%19,
      Peer Hostname Name=DESKTOP-8598PS1,
      Peer IP addr=127.0.0.1,Peer Name=N/A,
      Peer Portno=57414,Lrecl=32767,Recfm=Variable

NOTE: 1 record was written to the file EMWIPMSG.
      The minimum record length was 51.
      The maximum record length was 51.
NOTE: DATA statement used (Total process time):
      real time           0.01 seconds
      cpu time            0.01 seconds
      

16157      %let emloopmode =;
*------------------------------------------------------------* 
* 
* Part : Beginning update before running 
* datetime : 28APR2017:16:26:25 
* 
*------------------------------------------------------------* 
MPRINT(EM_DIAGRAM):     data WORK.Part_FILTERSET;
MPRINT(EM_DIAGRAM):   length PORT $32 USE $1;
MPRINT(EM_DIAGRAM):   DROP DELTACODE APPLYDELTA APPLYSCORE IMPORTPORT;
MPRINT(EM_DIAGRAM):   set EMWS1.Ids_exportSet ;
MPRINT(EM_DIAGRAM):   PORT = '';
MPRINT(EM_DIAGRAM):   USE = '';
MPRINT(EM_DIAGRAM):   where role in( "RAW" "TRAIN" "DOCUMENT" ) and EXPORT = 'Y' ;
MPRINT(EM_DIAGRAM):   run;
MPRINT(EM_DIAGRAM):    filename _emtool_ 'C:\Users\Gaurav\Desktop\second sem\Data Mining\Project 3\Insurance Claim\Workspaces\EMWS1\Part\PROPERTIES.xml' encoding="UTF-8" NOBOM;
16176      %let _HPDMGRIDHOST=;
16177      %let _HPDMGRIDINSTALLLOC=;
16178      %let _HPDMGRIDDATASERVER=;
16179      %hpdm_gridSetOPtions;
MPRINT(EM_DIAGRAM):   
MPRINT(HPDM_GRIDSETOPTIONS):   data _null_;
MPRINT(HPDM_GRIDSETOPTIONS):   length optionString string $2000;
MPRINT(HPDM_GRIDSETOPTIONS):   optionString = reverse(getoption('SET'));
MPRINT(HPDM_GRIDSETOPTIONS):   index = index(optionString, reverse('GRIDHOST'));
MPRINT(HPDM_GRIDSETOPTIONS):   if index then do;
MPRINT(HPDM_GRIDSETOPTIONS):   string = reverse(substr(optionString, 1, index-4));
MPRINT(HPDM_GRIDSETOPTIONS):   host = '"'!!strip(tranwrd(scan(string, 1, ']'), '"', ''))!!'"';
MPRINT(HPDM_GRIDSETOPTIONS):   call symput('_HPDMGRIDHOST', strip(host));
MPRINT(HPDM_GRIDSETOPTIONS):   end;
MPRINT(HPDM_GRIDSETOPTIONS):   index = index(optionString, reverse('GRIDINSTALLLOC'));
MPRINT(HPDM_GRIDSETOPTIONS):   if index then do;
MPRINT(HPDM_GRIDSETOPTIONS):   string = reverse(substr(optionString, 1, index-4));
MPRINT(HPDM_GRIDSETOPTIONS):   install = '"'!!strip(tranwrd(scan(string, 1, ']'), '"', ''))!!'"';
MPRINT(HPDM_GRIDSETOPTIONS):   call symput('_HPDMGRIDINSTALLLOC', strip(install));
MPRINT(HPDM_GRIDSETOPTIONS):   end;
MPRINT(HPDM_GRIDSETOPTIONS):   index = index(optionString, reverse('GRIDDATASERVER'));
MPRINT(HPDM_GRIDSETOPTIONS):   if index then do;
MPRINT(HPDM_GRIDSETOPTIONS):   string = reverse(substr(optionString, 1, index-4));
MPRINT(HPDM_GRIDSETOPTIONS):   server = '"'!!strip(tranwrd(scan(string, 1, ']'), '"', ''))!!'"';
MPRINT(HPDM_GRIDSETOPTIONS):   call symput('_HPDMGRIDDATASERVER', strip(server));
MPRINT(HPDM_GRIDSETOPTIONS):   end;
MPRINT(HPDM_GRIDSETOPTIONS):   run;

NOTE: DATA statement used (Total process time):
      real time           0.01 seconds
      cpu time            0.01 seconds
      

MPRINT(EM_DIAGRAM):  ;

*------------------------------------------------------------* 
* 
* Part : End update 
* datetime : 28APR2017:16:26:26 
* 
*------------------------------------------------------------* 
16180      %em_getactionstatus(emlib =EMWS1, nodeid=Part);
MPRINT(EM_DIAGRAM):   
MPRINT(EM_GETACTIONSTATUS):   proc display c=sashelp.emutil.getactionstatus.scl;
MPRINT(EM_GETACTIONSTATUS):   run;

16181      %let em_Train = N;
16182      %let em_Score = N;
16183      %let em_Report = N;
16184      %let em_Run = N;
NOTE: PROCEDURE DISPLAY used (Total process time):
      real time           0.01 seconds
      cpu time            0.01 seconds
      

MPRINT(EM_GETACTIONSTATUS):   
MPRINT(EM_DIAGRAM):  ;

Node "Part" has already run. 
Node "Part" succeeded. 
16185      data _null_;
MPRINT(EM_DIAGRAM):    data _null_;
16186      file emwipmsg;
MPRINT(EM_DIAGRAM):   file emwipmsg;
16187      put '<Node Id="Part" Event="Complete" Pid="17752" Gridid=""/>';
MPRINT(EM_DIAGRAM):   put '<Node Id="Part" Event="Complete" Pid="17752" Gridid=""/>';
16188      run;
MPRINT(EM_DIAGRAM):   run;

NOTE: The file EMWIPMSG is:
      Local Host Name=DESKTOP-8598PS1,
      Local Host IP addr=fe80::98f7:4ba2:b4a4:2933%19,
      Peer Hostname Name=DESKTOP-8598PS1,
      Peer IP addr=127.0.0.1,Peer Name=N/A,
      Peer Portno=57414,Lrecl=32767,Recfm=Variable

NOTE: 1 record was written to the file EMWIPMSG.
      The minimum record length was 56.
      The maximum record length was 56.
NOTE: DATA statement used (Total process time):
      real time           0.01 seconds
      cpu time            0.01 seconds
      

Traverser: WaitingNode "TREE5" 
Traverser: WaitingNode "TREE" 
Traverser: WaitingNode "TEXTCLUSTER" 
Traverser: WaitingNode "TEXTTOPIC" 
Traverser: WaitingNode "REG" 
Traverser: WaitingNode "REG2" 
Traverser: WaitingNode "TEXTCLUSTER2" 
Traverser: WaitingNode "TEXTTOPIC2" 
Traverser: WaitingNode "TREE4" 
Traverser: WaitingNode "TEXTFILTER" 
Traverser: WaitingNode "TEXTCLUSTER4" 
Traverser: WaitingNode "TEXTTOPIC3" 
Traverser: WaitingNode "REG3" 
Traverser: WaitingNode "MDLCOMP" 
traverser_readyNode_note 
traverser_readyNode_note 
traverser_readyNode_note 
16189      data _null_;
MPRINT(EM_DIAGRAM):    data _null_;
16190      file emwipmsg;
MPRINT(EM_DIAGRAM):   file emwipmsg;
16191      put '<Node Id="Reg4" Event="Run" Pid="17752" Gridid=""/>';
MPRINT(EM_DIAGRAM):   put '<Node Id="Reg4" Event="Run" Pid="17752" Gridid=""/>';
16192      run;
MPRINT(EM_DIAGRAM):   run;

NOTE: The file EMWIPMSG is:
      Local Host Name=DESKTOP-8598PS1,
      Local Host IP addr=fe80::98f7:4ba2:b4a4:2933%19,
      Peer Hostname Name=DESKTOP-8598PS1,
      Peer IP addr=127.0.0.1,Peer Name=N/A,
      Peer Portno=57414,Lrecl=32767,Recfm=Variable

NOTE: 1 record was written to the file EMWIPMSG.
      The minimum record length was 51.
      The maximum record length was 51.
NOTE: DATA statement used (Total process time):
      real time           0.01 seconds
      cpu time            0.00 seconds
      

16193      %let emloopmode =;
*------------------------------------------------------------* 
* 
* Reg4 : Beginning update before running 
* datetime : 28APR2017:16:26:26 
* 
*------------------------------------------------------------* 
MPRINT(EM_DIAGRAM):     data WORK.Reg4_FILTERSET;
MPRINT(EM_DIAGRAM):   length PORT $32 USE $1;
MPRINT(EM_DIAGRAM):   DROP DELTACODE APPLYDELTA APPLYSCORE IMPORTPORT;
MPRINT(EM_DIAGRAM):   set EMWS1.Part2_exportSet ;
MPRINT(EM_DIAGRAM):   PORT = '';
MPRINT(EM_DIAGRAM):   USE = '';
MPRINT(EM_DIAGRAM):   where role in( "RAW" "TRAIN" "VALIDATE" "TEST" ) and EXPORT = 'Y' ;
MPRINT(EM_DIAGRAM):   run;
MPRINT(EM_DIAGRAM):    filename _emtool_ 'C:\Users\Gaurav\Desktop\second sem\Data Mining\Project 3\Insurance Claim\Workspaces\EMWS1\Reg4\PROPERTIES.xml' encoding="UTF-8" NOBOM;
16213      %let _HPDMGRIDHOST=;
16214      %let _HPDMGRIDINSTALLLOC=;
16215      %let _HPDMGRIDDATASERVER=;
16216      %hpdm_gridSetOPtions;
MPRINT(EM_DIAGRAM):   
MPRINT(HPDM_GRIDSETOPTIONS):   data _null_;
MPRINT(HPDM_GRIDSETOPTIONS):   length optionString string $2000;
MPRINT(HPDM_GRIDSETOPTIONS):   optionString = reverse(getoption('SET'));
MPRINT(HPDM_GRIDSETOPTIONS):   index = index(optionString, reverse('GRIDHOST'));
MPRINT(HPDM_GRIDSETOPTIONS):   if index then do;
MPRINT(HPDM_GRIDSETOPTIONS):   string = reverse(substr(optionString, 1, index-4));
MPRINT(HPDM_GRIDSETOPTIONS):   host = '"'!!strip(tranwrd(scan(string, 1, ']'), '"', ''))!!'"';
MPRINT(HPDM_GRIDSETOPTIONS):   call symput('_HPDMGRIDHOST', strip(host));
MPRINT(HPDM_GRIDSETOPTIONS):   end;
MPRINT(HPDM_GRIDSETOPTIONS):   index = index(optionString, reverse('GRIDINSTALLLOC'));
MPRINT(HPDM_GRIDSETOPTIONS):   if index then do;
MPRINT(HPDM_GRIDSETOPTIONS):   string = reverse(substr(optionString, 1, index-4));
MPRINT(HPDM_GRIDSETOPTIONS):   install = '"'!!strip(tranwrd(scan(string, 1, ']'), '"', ''))!!'"';
MPRINT(HPDM_GRIDSETOPTIONS):   call symput('_HPDMGRIDINSTALLLOC', strip(install));
MPRINT(HPDM_GRIDSETOPTIONS):   end;
MPRINT(HPDM_GRIDSETOPTIONS):   index = index(optionString, reverse('GRIDDATASERVER'));
MPRINT(HPDM_GRIDSETOPTIONS):   if index then do;
MPRINT(HPDM_GRIDSETOPTIONS):   string = reverse(substr(optionString, 1, index-4));
MPRINT(HPDM_GRIDSETOPTIONS):   server = '"'!!strip(tranwrd(scan(string, 1, ']'), '"', ''))!!'"';
MPRINT(HPDM_GRIDSETOPTIONS):   call symput('_HPDMGRIDDATASERVER', strip(server));
MPRINT(HPDM_GRIDSETOPTIONS):   end;
MPRINT(HPDM_GRIDSETOPTIONS):   run;

NOTE: DATA statement used (Total process time):
      real time           0.01 seconds
      cpu time            0.01 seconds
      

MPRINT(EM_DIAGRAM):  ;

*------------------------------------------------------------* 
* 
* Reg4 : End update 
* datetime : 28APR2017:16:26:27 
* 
*------------------------------------------------------------* 
16217      %em_getactionstatus(emlib =EMWS1, nodeid=Reg4);
MPRINT(EM_DIAGRAM):   
MPRINT(EM_GETACTIONSTATUS):   proc display c=sashelp.emutil.getactionstatus.scl;
MPRINT(EM_GETACTIONSTATUS):   run;

16218      %let em_Train = Y;
16219      %let em_Score = N;
16220      %let em_Report = N;
16221      %let em_Run = Y;
NOTE: PROCEDURE DISPLAY used (Total process time):
      real time           0.02 seconds
      cpu time            0.03 seconds
      

MPRINT(EM_GETACTIONSTATUS):   
MPRINT(EM_DIAGRAM):  ;

16222      %let emloopmode =;
16223      %let emloopnumber =0;
16224      %let emloopId =Reg4;
*------------------------------------------------------------* 
* 
* Reg4 : Running 
* datetime : 28APR2017:16:26:27 
* 
*------------------------------------------------------------* 
16225      %let SYSCC =0;
16226      %let EMGROUPMODE =;
16227      %let EMGROUPID =;
MPRINT(EM_DIAGRAM):      filename temp catalog 'sashelp.emutil.em_vardist.source';
MPRINT(EM_DIAGRAM):   filename temp;
MPRINT(EM_DIAGRAM):   filename temp catalog 'sashelp.emutil.em_classdist.source';
MPRINT(EM_DIAGRAM):   filename temp;
MPRINT(EM_DIAGRAM):   filename temp catalog 'sashelp.emutil.em_checksetinit.source';
MPRINT(EM_DIAGRAM):   filename temp;
MPRINT(EM_DIAGRAM):   filename temp catalog 'sashelp.emutil.em_checkerror.source';
MPRINT(EM_DIAGRAM):   filename temp;
MPRINT(EM_DIAGRAM):   filename temp catalog 'sashelp.emutil.em_odsliston.source';
MPRINT(EM_DIAGRAM):   filename temp;
MPRINT(EM_DIAGRAM):   filename temp catalog 'sashelp.emutil.em_odslistoff.source';
MPRINT(EM_DIAGRAM):   filename temp;
MPRINT(EM_DIAGRAM):   filename temp catalog 'sashelp.emutil.em_getvarname.source';
MPRINT(EM_DIAGRAM):   filename temp;
MPRINT(EM_DIAGRAM):   filename temp catalog 'sashelp.emassmt.em_assess.source';
MPRINT(EM_DIAGRAM):   filename temp;
MPRINT(EM_DIAGRAM):    filename L0AEHFV9 "C:\Users\Gaurav\Desktop\second sem\Data Mining\Project 3\Insurance Claim\Workspaces\EMWS1\Reg4\EMTRAIN.log" encoding="UTF-8" NOBOM;
MPRINT(EM_DIAGRAM):   proc printto log=L0AEHFV9 new;
MPRINT(EM_DIAGRAM):   run;
