MPRINT(EM_DIAGRAM):    data _null_;
MPRINT(EM_DIAGRAM):   call symput('NLDATE', strip(put(date(), NLDATE.)));
MPRINT(EM_DIAGRAM):   call symput('NLTIME', strip(put(datetime(), NLTIME.)));
MPRINT(EM_DIAGRAM):   run;
MPRINT(EM_DIAGRAM):   data _null_;
MPRINT(EM_DIAGRAM):   nldate= sasmsg("sashelp.dmine", "log_date_note", 'N', "April 27, 2017" );
MPRINT(EM_DIAGRAM):   nltime= sasmsg("sashelp.dmine", "log_time_note", 'N', "12:33:40" );
MPRINT(EM_DIAGRAM):   put "*------------------------------------------------------------*";
MPRINT(EM_DIAGRAM):   put "* Score Log";
MPRINT(EM_DIAGRAM):   put nldate;
MPRINT(EM_DIAGRAM):   put nltime;
MPRINT(EM_DIAGRAM):   put "*------------------------------------------------------------*";
MPRINT(EM_DIAGRAM):   run;
*------------------------------------------------------------*
* Score Log
Date:                April 27, 2017
Time:                12:33:40
*------------------------------------------------------------*
MPRINT(EM_DIAGRAM):    filename O3X5XRFV "C:\Users\Gaurav\Desktop\second sem\Data Mining\Project 3\Insurance Claim\Workspaces\EMWS1\Ids\EMSCORE.out" encoding="UTF-8" NOBOM;
MPRINT(EM_DIAGRAM):   proc printto print=O3X5XRFV new;
MPRINT(EM_DIAGRAM):   run;
22360      *------------------------------------------------------------*;
MPRINT(EM_DIAGRAM):    *------------------------------------------------------------*;
22361      * Ids: Computing metadata for DATA data;
MPRINT(EM_DIAGRAM):   * Ids: Computing metadata for DATA data;
22362      *------------------------------------------------------------*;
MPRINT(EM_DIAGRAM):   *------------------------------------------------------------*;

22363      data EMWS1.Ids_EMINFO;
MPRINT(EM_DIAGRAM):    data EMWS1.Ids_EMINFO;
22364      length TARGET KEY $32 DATA $43;
MPRINT(EM_DIAGRAM):   length TARGET KEY $32 DATA $43;
22365      TARGET="";
MPRINT(EM_DIAGRAM):   TARGET="";
22366      KEY="IDSTABLE";
MPRINT(EM_DIAGRAM):   KEY="IDSTABLE";
22367      DATA="INSUR.SUBROGATENEW";
MPRINT(EM_DIAGRAM):   DATA="INSUR.SUBROGATENEW";
22368      output;
MPRINT(EM_DIAGRAM):   output;
22369      TARGET="SubroFlag";
MPRINT(EM_DIAGRAM):   TARGET="SubroFlag";
22370      KEY="DECDATA";
MPRINT(EM_DIAGRAM):   KEY="DECDATA";
22371      DATA="EMWS1.Ids_SubroFlag_DD";
MPRINT(EM_DIAGRAM):   DATA="EMWS1.Ids_SubroFlag_DD";
22372      output;
MPRINT(EM_DIAGRAM):   output;
22373      TARGET="SubroFlag";
MPRINT(EM_DIAGRAM):   TARGET="SubroFlag";
22374      KEY="DECMETA";
MPRINT(EM_DIAGRAM):   KEY="DECMETA";
22375      DATA="EMWS1.Ids_SubroFlag_DM";
MPRINT(EM_DIAGRAM):   DATA="EMWS1.Ids_SubroFlag_DM";
22376      output;
MPRINT(EM_DIAGRAM):   output;
22377      run;
MPRINT(EM_DIAGRAM):   run;

NOTE: The data set EMWS1.IDS_EMINFO has 3 observations and 3 variables.
NOTE: DATA statement used (Total process time):
      real time           0.02 seconds
      cpu time            0.03 seconds
      

22378      data EMWS1.Ids_CMeta_DATA;
MPRINT(EM_DIAGRAM):    data EMWS1.Ids_CMeta_DATA;
22379      set EMWS1.Ids_VariableSet;
MPRINT(EM_DIAGRAM):   set EMWS1.Ids_VariableSet;
22380      drop DROP;
MPRINT(EM_DIAGRAM):   drop DROP;
22381      where DROP='N';
MPRINT(EM_DIAGRAM):   where DROP='N';
22382      run;
MPRINT(EM_DIAGRAM):   run;

NOTE: There were 7 observations read from the data set EMWS1.IDS_VARIABLESET.
      WHERE DROP='N';
NOTE: The data set EMWS1.IDS_CMETA_DATA has 7 observations and 20 variables.
NOTE: DATA statement used (Total process time):
      real time           0.03 seconds
      cpu time            0.03 seconds
      

MPRINT(EM_DIAGRAM):    proc printto;
MPRINT(EM_DIAGRAM):   run;
