 
                                                                                               
 
 
Fit Statistics

Target=SubroFlag Target Label=Subrogation (1=Yes 0=No)

   Fit
Statistics    Statistics Label                    Train    Validation

 _AIC_        Akaike's Information Criterion    309.023         .    
 _ASE_        Average Squared Error               0.163        0.188 
 _AVERR_      Average Error Function              0.495        0.606 
 _DFE_        Degrees of Freedom for Error      297.000         .    
 _DFM_        Model Degrees of Freedom            5.000         .    
 _DFT_        Total Degrees of Freedom          302.000         .    
 _DIV_        Divisor for ASE                   604.000      610.000 
 _ERR_        Error Function                    299.023      369.624 
 _FPE_        Final Prediction Error              0.168         .    
 _MAX_        Maximum Absolute Error              0.902        1.000 
 _MSE_        Mean Square Error                   0.166        0.188 
 _NOBS_       Sum of Frequencies                302.000      305.000 
 _NW_         Number of Estimate Weights          5.000         .    
 _RASE_       Root Average Sum of Squares         0.404        0.434 
 _RFPE_       Root Final Prediction Error         0.410         .    
 _RMSE_       Root Mean Squared Error             0.407        0.434 
 _SBC_        Schwarz's Bayesian Criterion      327.575         .    
 _SSE_        Sum of Squared Errors              98.381      114.939 
 _SUMW_       Sum of Case Weights Times Freq    604.000      610.000 
 _MISC_       Misclassification Rate              0.222        0.272 
 
                                                                                               
 
 
Classification Table

Data Role=TRAIN Target Variable=SubroFlag Target Label=Subrogation (1=Yes 0=No)

                       Target        Outcome     Frequency       Total
Target    Outcome    Percentage    Percentage      Count      Percentage

  0          0         76.9912       92.0635        174         57.6159 
  1          0         23.0088       46.0177         52         17.2185 
  0          1         19.7368        7.9365         15          4.9669 
  1          1         80.2632       53.9823         61         20.1987 


Data Role=VALIDATE Target Variable=SubroFlag Target Label=Subrogation (1=Yes 0=No)

                       Target        Outcome     Frequency       Total
Target    Outcome    Percentage    Percentage      Count      Percentage

  0          0         73.2759       89.0052        170         55.7377 
  1          0         26.7241       54.3860         62         20.3279 
  0          1         28.7671       10.9948         21          6.8852 
  1          1         71.2329       45.6140         52         17.0492 
 
                                                                                               
 
 
Event Classification Table

Data Role=TRAIN Target=SubroFlag Target Label=Subrogation (1=Yes 0=No)

  False       True        False       True
Negative    Negative    Positive    Positive

   52          174         15          61   


Data Role=VALIDATE Target=SubroFlag Target Label=Subrogation (1=Yes 0=No)

  False       True        False       True
Negative    Negative    Positive    Positive

   62          170         21          52   
 
                                                                                               
 
 
Assessment Score Rankings

Data Role=TRAIN Target Variable=SubroFlag Target Label=Subrogation (1=Yes 0=No)

                                                                                    Mean
                            Cumulative       %      Cumulative     Number of     Posterior
Depth      Gain     Lift       Lift      Response   % Response   Observations   Probability

   5    167.257   2.67257     2.67257     100.000     100.000         16          0.99946  
  10    167.257   2.67257     2.67257     100.000     100.000         15          0.90132  
  15    132.397   1.60354     2.32397      60.000      86.957         15          0.76731  
  20    127.825   2.13805     2.27825      80.000      85.246         15          0.68805  
  25    114.509   1.60354     2.14509      60.000      80.263         15          0.55659  
  30     93.834   0.89086     1.93834      33.333      72.527         15          0.44120  
  35     79.012   0.89086     1.79012      33.333      66.981         15          0.38693  
  40     72.281   1.24720     1.72281      46.667      64.463         15          0.34341  
  45     61.140   0.71268     1.61140      26.667      60.294         15          0.30096  
  50     50.442   0.53451     1.50442      20.000      56.291         15          0.27021  
  55     44.031   0.83518     1.44031      31.250      53.892         16          0.24758  
  60     39.502   0.89086     1.39502      33.333      52.198         15          0.23833  
  65     32.950   0.53451     1.32950      20.000      49.746         15          0.22810  
  70     23.543   0.00000     1.23543       0.000      46.226         15          0.21346  
  75     18.912   0.53451     1.18912      20.000      44.493         15          0.19320  
  80     12.645   0.17817     1.12645       6.667      42.149         15          0.17737  
  85      9.190   0.53451     1.09190      20.000      40.856         15          0.15056  
  90      5.134   0.35634     1.05134      13.333      39.338         15          0.13218  
  95      1.502   0.35634     1.01502      13.333      37.979         15          0.11614  
 100      0.000   0.71268     1.00000      26.667      37.417         15          0.09783  


Data Role=VALIDATE Target Variable=SubroFlag Target Label=Subrogation (1=Yes 0=No)

                                                                                    Mean
                            Cumulative       %      Cumulative     Number of     Posterior
Depth      Gain     Lift       Lift      Response   % Response   Observations   Probability

   5    117.379   2.17379     2.17379     81.2500     81.2500         16          0.99969  
  10    133.022   2.49708     2.33022     93.3333     87.0968         15          0.89477  
  15    115.198   1.78363     2.15198     66.6667     80.4348         15          0.76934  
  20    110.526   1.96199     2.10526     73.3333     78.6885         15          0.68137  
  25     84.154   0.83607     1.84154     31.2500     68.8312         16          0.53095  
  30     77.393   1.42690     1.77393     53.3333     66.3043         15          0.44834  
  35     65.027   0.89181     1.65027     33.3333     61.6822         15          0.39356  
  40     57.895   1.07018     1.57895     40.0000     59.0164         15          0.35101  
  45     51.220   1.00329     1.51220     37.5000     56.5217         16          0.32718  
  50     39.892   0.35673     1.39892     13.3333     52.2876         15          0.29863  
  55     33.772   0.71345     1.33772     26.6667     50.0000         15          0.27617  
  60     28.655   0.71345     1.28655     26.6667     48.0874         15          0.25575  
  65     26.378   1.00329     1.26378     37.5000     47.2362         16          0.24369  
  70     22.520   0.71345     1.22520     26.6667     45.7944         15          0.23248  
  75     16.831   0.35673     1.16831     13.3333     43.6681         15          0.21801  
  80     16.228   1.07018     1.16228     40.0000     43.4426         15          0.19270  
  85     11.134   0.33443     1.11134     12.5000     41.5385         16          0.16546  
  90      7.990   0.53509     1.07990     20.0000     40.3636         15          0.14068  
  95      4.250   0.35673     1.04250     13.3333     38.9655         15          0.12598  
 100      0.000   0.17836     1.00000      6.6667     37.3770         15          0.10161  
 
                                                                                               
 
 
Assessment Score Distribution

Data Role=TRAIN Target Variable=SubroFlag Target Label=Subrogation (1=Yes 0=No)

 Posterior     Number                     Mean
Probability      of      Number of     Posterior
   Range       Events    Nonevents    Probability    Percentage

 0.95-1.00       22           0         0.99760         7.2848 
 0.85-0.90        2           0         0.89535         0.6623 
 0.80-0.85        9           1         0.81809         3.3113 
 0.75-0.80        4           3         0.76902         2.3179 
 0.70-0.75        9           3         0.73064         3.9735 
 0.65-0.70        5           1         0.66530         1.9868 
 0.60-0.65        2           2         0.62848         1.3245 
 0.55-0.60        6           1         0.57192         2.3179 
 0.50-0.55        2           4         0.51863         1.9868 
 0.45-0.50        3           2         0.46879         1.6556 
 0.40-0.45        3           8         0.42529         3.6424 
 0.35-0.40        4          12         0.38164         5.2980 
 0.30-0.35        9          10         0.33424         6.2914 
 0.25-0.30        6          23         0.27308         9.6026 
 0.20-0.25       13          45         0.22941        19.2053 
 0.15-0.20        5          30         0.17865        11.5894 
 0.10-0.15        7          38         0.12489        14.9007 
 0.05-0.10        2           6         0.09161         2.6490 


Data Role=VALIDATE Target Variable=SubroFlag Target Label=Subrogation (1=Yes 0=No)

 Posterior     Number                     Mean
Probability      of      Number of     Posterior
   Range       Events    Nonevents    Probability    Percentage

 0.95-1.00       18           3         0.99704         6.8852 
 0.90-0.95        3           0         0.92871         0.9836 
 0.80-0.85        5           1         0.81596         1.9672 
 0.75-0.80       10           5         0.77269         4.9180 
 0.70-0.75        7           2         0.72877         2.9508 
 0.65-0.70        1           1         0.66115         0.6557 
 0.60-0.65        3           1         0.62192         1.3115 
 0.55-0.60        2           4         0.57283         1.9672 
 0.50-0.55        3           4         0.52518         2.2951 
 0.45-0.50        4           7         0.47282         3.6066 
 0.40-0.45        7           7         0.42597         4.5902 
 0.35-0.40        6          11         0.37023         5.5738 
 0.30-0.35       10          20         0.32556         9.8361 
 0.25-0.30        9          28         0.27274        12.1311 
 0.20-0.25       14          37         0.22981        16.7213 
 0.15-0.20        6          21         0.17496         8.8525 
 0.10-0.15        6          35         0.12626        13.4426 
 0.05-0.10        0           4         0.08690         1.3115 
