MPRINT(EM_DIAGRAM):    data _null_;
MPRINT(EM_DIAGRAM):   call symput('NLDATE', strip(put(date(), NLDATE.)));
MPRINT(EM_DIAGRAM):   call symput('NLTIME', strip(put(datetime(), NLTIME.)));
MPRINT(EM_DIAGRAM):   run;
MPRINT(EM_DIAGRAM):   data _null_;
MPRINT(EM_DIAGRAM):   nldate= sasmsg("sashelp.dmine", "log_date_note", 'N', "February 25, 2017" );
MPRINT(EM_DIAGRAM):   nltime= sasmsg("sashelp.dmine", "log_time_note", 'N', "16:20:25" );
MPRINT(EM_DIAGRAM):   put "*------------------------------------------------------------*";
MPRINT(EM_DIAGRAM):   put "* Training Log";
MPRINT(EM_DIAGRAM):   put nldate;
MPRINT(EM_DIAGRAM):   put nltime;
MPRINT(EM_DIAGRAM):   put "*------------------------------------------------------------*";
MPRINT(EM_DIAGRAM):   run;
*------------------------------------------------------------*
* Training Log
Date:                February 25, 2017
Time:                16:20:25
*------------------------------------------------------------*
MPRINT(EM_DIAGRAM):    filename O2P6_UXX "C:\Users\Gaurav\Desktop\second sem\Data Mining\Project 2\Automobile Insurance Claim\Workspaces\EMWS1\Impt\EMTRAIN.out" encoding="UTF-8" NOBOM;
MPRINT(EM_DIAGRAM):   proc printto print=O2P6_UXX new;
MPRINT(EM_DIAGRAM):   run;
MPRINT(EM_DIAGRAM):    filename _LOG "C:\Users\Gaurav\Desktop\second sem\Data Mining\Project 2\Automobile Insurance Claim\Workspaces\EMWS1\Impt\EMLOG.log" encoding="UTF-8" NOBOM;
MPRINT(EM_DIAGRAM):    data _null_;
MPRINT(EM_DIAGRAM):   call symput('NLDATE', strip(put(date(), NLDATE.)));
MPRINT(EM_DIAGRAM):   call symput('NLTIME', strip(put(datetime(), NLTIME.)));
MPRINT(EM_DIAGRAM):   run;
MPRINT(EM_DIAGRAM):   data _null_;
MPRINT(EM_DIAGRAM):   nldate= sasmsg("sashelp.dmine", "log_date_note", 'N', "February 25, 2017" );
MPRINT(EM_DIAGRAM):   nltime= sasmsg("sashelp.dmine", "log_time_note", 'N', "16:20:25" );
MPRINT(EM_DIAGRAM):   file _LOG;
MPRINT(EM_DIAGRAM):   put "*------------------------------------------------------------*";
MPRINT(EM_DIAGRAM):   put "User:                Gaurav";
MPRINT(EM_DIAGRAM):   put nldate;
MPRINT(EM_DIAGRAM):   put nltime;
MPRINT(EM_DIAGRAM):   put "Site:                70125477";
MPRINT(EM_DIAGRAM):   put "Platform:            X64_8HOME";
MPRINT(EM_DIAGRAM):   put "Maintenance Release: 9.04.01M3P062415";
MPRINT(EM_DIAGRAM):   put "EM Version:          14.1";
MPRINT(EM_DIAGRAM):   put "* ";
MPRINT(EM_DIAGRAM):   run;
MPRINT(EM_DIAGRAM):    filename _LOGIN "C:\Users\Gaurav\Desktop\second sem\Data Mining\Project 2\Automobile Insurance Claim\Workspaces\EMWS1\Impt\EMTRAIN.log" encoding="UTF-8" NOBOM;
MPRINT(EM_COPYFILE):   data _null_;
MPRINT(EM_COPYFILE):   length line $20000;
MPRINT(EM_COPYFILE):   file _LOG MOD lrecl=20000;
MPRINT(EM_COPYFILE):   fid=fopen("_LOGIN",'i',20000,'v');
MPRINT(EM_COPYFILE):   if fid > 0 then do;
MPRINT(EM_COPYFILE):   do while(^fread(fid));
MPRINT(EM_COPYFILE):   rlen = frlen(fid);
MPRINT(EM_COPYFILE):   rc= fget(fid,line,20000);
MPRINT(EM_COPYFILE):   start = length(line)-length(left(line))+1;
MPRINT(EM_COPYFILE):   line=strip(line);
MPRINT(EM_COPYFILE):   put @start line;
MPRINT(EM_COPYFILE):   end;
MPRINT(EM_COPYFILE):   if fid > 0 then rc=fclose(fid);
MPRINT(EM_COPYFILE):   end;
MPRINT(EM_COPYFILE):   run;
MPRINT(EM_DIAGRAM):  ;
MPRINT(EM_DIAGRAM):   filename _LOGIN;
MPRINT(EM_DIAGRAM):    data _null_;
MPRINT(EM_DIAGRAM):   file _LOG mod;
MPRINT(EM_DIAGRAM):   put _page_;
MPRINT(EM_DIAGRAM):   run;
MPRINT(EM_DIAGRAM):   filename _LOGIN "C:\Users\Gaurav\Desktop\second sem\Data Mining\Project 2\Automobile Insurance Claim\Workspaces\EMWS1\Impt\EMSCORE.log" encoding="UTF-8" NOBOM;
MPRINT(EM_DIAGRAM):  ;
MPRINT(EM_DIAGRAM):   data _null_;
MPRINT(EM_DIAGRAM):   file _LOG mod;
MPRINT(EM_DIAGRAM):   put _page_;
MPRINT(EM_DIAGRAM):   run;
MPRINT(EM_DIAGRAM):    filename _LOGIN "C:\Users\Gaurav\Desktop\second sem\Data Mining\Project 2\Automobile Insurance Claim\Workspaces\EMWS1\Impt\EMREPORT.log" encoding="UTF-8" NOBOM;
MPRINT(EM_DIAGRAM):  ;
MPRINT(EM_DIAGRAM):   filename _LOGIN;
MPRINT(EM_DIAGRAM):    filename _LOG;
MPRINT(EM_DIAGRAM):    filename _OUT "C:\Users\Gaurav\Desktop\second sem\Data Mining\Project 2\Automobile Insurance Claim\Workspaces\EMWS1\Impt\EMOUTPUT.out" encoding="UTF-8" NOBOM;
MPRINT(EM_DIAGRAM):    data _null_;
MPRINT(EM_DIAGRAM):   call symput('NLDATE', strip(put(date(), NLDATE.)));
MPRINT(EM_DIAGRAM):   call symput('NLTIME', strip(put(datetime(), NLTIME.)));
MPRINT(EM_DIAGRAM):   run;
MPRINT(EM_DIAGRAM):   data _null_;
MPRINT(EM_DIAGRAM):   nldate= sasmsg("sashelp.dmine", "log_date_note", 'N', "February 25, 2017" );
MPRINT(EM_DIAGRAM):   nltime= sasmsg("sashelp.dmine", "log_time_note", 'N', "16:20:26" );
MPRINT(EM_DIAGRAM):   file _OUT;
MPRINT(EM_DIAGRAM):   put "*------------------------------------------------------------*";
MPRINT(EM_DIAGRAM):   put "User:                Gaurav";
MPRINT(EM_DIAGRAM):   put nldate;
MPRINT(EM_DIAGRAM):   put nltime;
MPRINT(EM_DIAGRAM):   put "*------------------------------------------------------------*";
MPRINT(EM_DIAGRAM):   put "* Training Output";
MPRINT(EM_DIAGRAM):   put "*------------------------------------------------------------*";
MPRINT(EM_DIAGRAM):   run;
MPRINT(EM_DIAGRAM):    filename _OUTIN "C:\Users\Gaurav\Desktop\second sem\Data Mining\Project 2\Automobile Insurance Claim\Workspaces\EMWS1\Impt\EMTRAIN.out" encoding="UTF-8" NOBOM;
MPRINT(EM_DIAGRAM):   ;
MPRINT(EM_COPYFILE):   data _null_;
MPRINT(EM_COPYFILE):   length line $20000;
MPRINT(EM_COPYFILE):   file _OUT MOD lrecl=20000;
MPRINT(EM_COPYFILE):   fid=fopen("_OUTIN",'i',20000,'v');
MPRINT(EM_COPYFILE):   if fid > 0 then do;
MPRINT(EM_COPYFILE):   do while(^fread(fid));
MPRINT(EM_COPYFILE):   rlen = frlen(fid);
MPRINT(EM_COPYFILE):   rc= fget(fid,line,20000);
MPRINT(EM_COPYFILE):   start = length(line)-length(left(line))+1;
MPRINT(EM_COPYFILE):   line=strip(line);
MPRINT(EM_COPYFILE):   put @start line;
MPRINT(EM_COPYFILE):   end;
MPRINT(EM_COPYFILE):   if fid > 0 then rc=fclose(fid);
MPRINT(EM_COPYFILE):   end;
MPRINT(EM_COPYFILE):   run;
MPRINT(EM_DIAGRAM):  ;
MPRINT(EM_DIAGRAM):   filename _OUTIN;
MPRINT(EM_DIAGRAM):    data _null_;
MPRINT(EM_DIAGRAM):   file _OUT mod;
MPRINT(EM_DIAGRAM):   put _page_;
MPRINT(EM_DIAGRAM):   put // "*------------------------------------------------------------*";
MPRINT(EM_DIAGRAM):   put "* Score Output";
MPRINT(EM_DIAGRAM):   put "*------------------------------------------------------------*";
MPRINT(EM_DIAGRAM):   run;
MPRINT(EM_DIAGRAM):    filename _OUTIN "C:\Users\Gaurav\Desktop\second sem\Data Mining\Project 2\Automobile Insurance Claim\Workspaces\EMWS1\Impt\EMSCORE.out" encoding="UTF-8" NOBOM;
MPRINT(EM_DIAGRAM):  ;
MPRINT(EM_DIAGRAM):   filename _OUTIN;
MPRINT(EM_DIAGRAM):    data _null_;
MPRINT(EM_DIAGRAM):   file _OUT mod;
MPRINT(EM_DIAGRAM):   put _page_;
MPRINT(EM_DIAGRAM):   put // "*------------------------------------------------------------*";
MPRINT(EM_DIAGRAM):   put "* Report Output";
MPRINT(EM_DIAGRAM):   put "*------------------------------------------------------------*";
MPRINT(EM_DIAGRAM):   run;
MPRINT(EM_DIAGRAM):    filename _OUTIN "C:\Users\Gaurav\Desktop\second sem\Data Mining\Project 2\Automobile Insurance Claim\Workspaces\EMWS1\Impt\EMREPORT.out" encoding="UTF-8" NOBOM;
MPRINT(EM_DIAGRAM):  ;
MPRINT(EM_DIAGRAM):   filename _OUTIN;
MPRINT(EM_DIAGRAM):    filename _OUT;
MPRINT(EM_DIAGRAM):    filename _emtool_ 'C:\Users\Gaurav\Desktop\second sem\Data Mining\Project 2\Automobile Insurance Claim\Workspaces\EMWS1\Impt\EMRUNSTATUS.xml' encoding="UTF-8" NOBOM;
27730      proc freq data=EMWS1.Impt_VariableSet noprint;
MPRINT(EM_DIAGRAM):    proc freq data=EMWS1.Impt_VariableSet noprint;
27731      table ROLE*LEVEL/out=WORK.ImptMETA;
MPRINT(EM_DIAGRAM):   table ROLE*LEVEL/out=WORK.ImptMETA;
27732      run;
MPRINT(EM_DIAGRAM):   run;

NOTE: There were 22 observations read from the data set EMWS1.IMPT_VARIABLESET.
NOTE: The data set WORK.IMPTMETA has 5 observations and 4 variables.
NOTE: PROCEDURE FREQ used (Total process time):
      real time           0.07 seconds
      cpu time            0.03 seconds
      

27733      proc print data=WORK.ImptMETA label noobs;
MPRINT(EM_DIAGRAM):   proc print data=WORK.ImptMETA label noobs;
27734      var ROLE LEVEL COUNT;
MPRINT(EM_DIAGRAM):   var ROLE LEVEL COUNT;
27735      label ROLE = "%sysfunc(sasmsg(sashelp.dmine, meta_role_vlabel, NOQUOTE))" LEVEL = "%sysfunc(sasmsg(sashelp.dmine, meta_level_vlabel, NOQUOTE))" COUNT = "%sysfunc(sasmsg(sashelp.dmine, rpt_count_vlabel, NOQUOTE))";
MPRINT(EM_DIAGRAM):   label ROLE = "Role" LEVEL = "Measurement Level" COUNT = "Frequency Count";
27736      title9 ' ';
MPRINT(EM_DIAGRAM):   title9 ' ';
27737      title10 "%sysfunc(sasmsg(sashelp.dmine, rpt_varSummary_title  , NOQUOTE))";
MPRINT(EM_DIAGRAM):   title10 "Variable Summary";
MPRINT(EM_DIAGRAM):   run;
27738      run;

NOTE: There were 5 observations read from the data set WORK.IMPTMETA.
NOTE: The PROCEDURE PRINT printed page 3.
NOTE: PROCEDURE PRINT used (Total process time):
      real time           0.01 seconds
      cpu time            0.01 seconds
      

27739      title10;
MPRINT(EM_DIAGRAM):   title10;
MPRINT(EM_DIAGRAM):    *------------------------------------------------------------*;
MPRINT(EM_DIAGRAM):   * Impt: Preparing metadata for training;
MPRINT(EM_DIAGRAM):   ;
MPRINT(EM_DIAGRAM):   *------------------------------------------------------------*;
MPRINT(EM_DIAGRAM):   data WORK.M0_KEZ0D;
MPRINT(EM_DIAGRAM):   set WORK.M0_KEZ0D;
MPRINT(EM_DIAGRAM):   where(use = 'Y' or (ROLE ne 'REJECTED' and USE = 'D'));
MPRINT(EM_DIAGRAM):   if (role = 'REJECTED') then role = 'INPUT';
MPRINT(EM_DIAGRAM):   if role = 'INPUT' and METHOD='DEFAULT' then do;
MPRINT(EM_DIAGRAM):   if level ne 'INTERVAL' then METHOD = "COUNT";
MPRINT(EM_DIAGRAM):   else METHOD = "MEAN";
MPRINT(EM_DIAGRAM):   end;
MPRINT(EM_DIAGRAM):   else if role = 'TARGET' and METHOD='DEFAULT' then do;
MPRINT(EM_DIAGRAM):   if level ne 'INTERVAL' then METHOD = "NONE";
MPRINT(EM_DIAGRAM):   else METHOD = "NONE";
MPRINT(EM_DIAGRAM):   end;
MPRINT(EM_DIAGRAM):   run;
27757      data WORK.Impt_TREEINPUTS;
MPRINT(EM_DIAGRAM):    data WORK.Impt_TREEINPUTS;
27758      set WORK.M1B9IQP0;
MPRINT(EM_DIAGRAM):   set WORK.M1B9IQP0;
27759      if ROLE ne 'FREQ' then do;
MPRINT(EM_DIAGRAM):   if ROLE ne 'FREQ' then do;
27760      if ((ROLE in('TARGET','REJECTED') and useTree='D') or useTree='N') then delete;
MPRINT(EM_DIAGRAM):   if ((ROLE in('TARGET','REJECTED') and useTree='D') or useTree='N') then delete;
27761      ROLE = 'INPUT';
MPRINT(EM_DIAGRAM):   ROLE = 'INPUT';
27762      end;
MPRINT(EM_DIAGRAM):   end;
27763      run;
MPRINT(EM_DIAGRAM):   run;

NOTE: There were 21 observations read from the data set WORK.M1B9IQP0.
NOTE: The data set WORK.IMPT_TREEINPUTS has 20 observations and 23 variables.
NOTE: DATA statement used (Total process time):
      real time           0.01 seconds
      cpu time            0.00 seconds
      

27764      data WORK.M1B9IQP0;
MPRINT(EM_DIAGRAM):   data WORK.M1B9IQP0;
27765      set WORK.M1B9IQP0;
MPRINT(EM_DIAGRAM):   set WORK.M1B9IQP0;
27766      if METHOD in("TREE", "TREESURR") then role = 'TARGET';
MPRINT(EM_DIAGRAM):   if METHOD in("TREE", "TREESURR") then role = 'TARGET';
27767      else if (role = 'REJECTED') then role = 'INPUT';
MPRINT(EM_DIAGRAM):   else if (role = 'REJECTED') then role = 'INPUT';
27768      run;
MPRINT(EM_DIAGRAM):   run;

NOTE: There were 21 observations read from the data set WORK.M1B9IQP0.
NOTE: The data set WORK.M1B9IQP0 has 21 observations and 23 variables.
NOTE: DATA statement used (Total process time):
      real time           0.01 seconds
      cpu time            0.00 seconds
      

27769      *------------------------------------------------------------* ;
MPRINT(EM_DIAGRAM):    *------------------------------------------------------------* ;
27770      * Impt: DMDBClass Macro ;
MPRINT(EM_DIAGRAM):   * Impt: DMDBClass Macro ;
27771      *------------------------------------------------------------* ;
MPRINT(EM_DIAGRAM):   *------------------------------------------------------------* ;
27772      %macro DMDBClass;
27773          AREA(ASC) CAR_USE(ASC) CLAIM_IND(DESC) EDU_LEVEL(ASC) GENDER(ASC) JOB(ASC)
27774         REVOKED(ASC) STATE_CODE(ASC) STATUS(ASC) VEHICLE_TYPE(ASC)
27775      %mend DMDBClass;
27776      *------------------------------------------------------------* ;
MPRINT(EM_DIAGRAM):   *------------------------------------------------------------* ;
27777      * Impt: DMDBVar Macro ;
MPRINT(EM_DIAGRAM):   * Impt: DMDBVar Macro ;
27778      *------------------------------------------------------------* ;
MPRINT(EM_DIAGRAM):   *------------------------------------------------------------* ;
27779      %macro DMDBVar;
27780          AGE CHILDREN CHILD_DRIV CLM_FREQ DISTANCE LOG_HOUSE_VAL LOG_INCOME
27781         LOG_VEHICLE_VAL MVR_PTS VEHICLE_AGE YOJ
27782      %mend DMDBVar;
27783      *------------------------------------------------------------*;
MPRINT(EM_DIAGRAM):   *------------------------------------------------------------*;
27784      * Impt: Create DMDB;
MPRINT(EM_DIAGRAM):   * Impt: Create DMDB;
27785      *------------------------------------------------------------*;
MPRINT(EM_DIAGRAM):   *------------------------------------------------------------*;
27786      proc dmdb batch data=EMWS1.Trans_TRAIN
27787      dmdbcat=WORK.Impt_DMDB
27788      classout=WORK.Impt_DMDBCLASSOUT
27789      varout=WORK.IMPUTE_3VY_SRH_DMDBVAROUT
27790      maxlevel = 513
27791      ;
MPRINT(EM_DIAGRAM):   proc dmdb batch data=EMWS1.Trans_TRAIN dmdbcat=WORK.Impt_DMDB classout=WORK.Impt_DMDBCLASSOUT varout=WORK.IMPUTE_3VY_SRH_DMDBVAROUT maxlevel = 513 ;
MPRINT(EM_DIAGRAM):   class
27792      class %DMDBClass;
MPRINT(DMDBCLASS):   AREA(ASC) CAR_USE(ASC) CLAIM_IND(DESC) EDU_LEVEL(ASC) GENDER(ASC) JOB(ASC) REVOKED(ASC) STATE_CODE(ASC) STATUS(ASC) VEHICLE_TYPE(ASC)
MPRINT(EM_DIAGRAM):  ;
MPRINT(EM_DIAGRAM):   var
27793      var %DMDBVar;
MPRINT(DMDBVAR):   AGE CHILDREN CHILD_DRIV CLM_FREQ DISTANCE LOG_HOUSE_VAL LOG_INCOME LOG_VEHICLE_VAL MVR_PTS VEHICLE_AGE YOJ
MPRINT(EM_DIAGRAM):  ;
27794      target
27795      CLAIM_IND
27796      ;
MPRINT(EM_DIAGRAM):   target CLAIM_IND ;
27797      run;
MPRINT(EM_DIAGRAM):   run;

NOTE: Records processed = 4118   Memory used = 511K.
NOTE: View EMWS1.TRANS_TRAIN.VIEW used (Total process time):
      real time           0.04 seconds
      cpu time            0.03 seconds
      
NOTE: There were 4118 observations read from the data set EMWS1.PART_TRAIN.
NOTE: There were 4118 observations read from the data set EMWS1.TRANS_TRAIN.
NOTE: The data set WORK.IMPT_DMDBCLASSOUT has 47 observations and 9 variables.
NOTE: The data set WORK.IMPUTE_3VY_SRH_DMDBVAROUT has 11 observations and 9 variables.
NOTE: PROCEDURE DMDB used (Total process time):
      real time           0.06 seconds
      cpu time            0.03 seconds
      

MPRINT(EM_DIAGRAM):   quit;
MPRINT(EM_DIAGRAM):   *--- end code ---*;
27798      quit;
27799      *--- end code ---*;

27800      proc sort data=WORK.Impt_DMDBCLASSOUT;
MPRINT(EM_DIAGRAM):    proc sort data=WORK.Impt_DMDBCLASSOUT;
27801      by NAME;
MPRINT(EM_DIAGRAM):   by NAME;
27802      run;
MPRINT(EM_DIAGRAM):   run;

NOTE: There were 47 observations read from the data set WORK.IMPT_DMDBCLASSOUT.
NOTE: The data set WORK.IMPT_DMDBCLASSOUT has 47 observations and 9 variables.
NOTE: PROCEDURE SORT used (Total process time):
      real time           0.00 seconds
      cpu time            0.01 seconds
      

27803      data WORK.Impt_DMDBCLASSOUT;
MPRINT(EM_DIAGRAM):   data WORK.Impt_DMDBCLASSOUT;
27804      retain missFlag;
MPRINT(EM_DIAGRAM):   retain missFlag;
27805      set WORK.Impt_DMDBCLASSOUT;
MPRINT(EM_DIAGRAM):   set WORK.Impt_DMDBCLASSOUT;
27806      by NAME;
MPRINT(EM_DIAGRAM):   by NAME;
27807      output;
MPRINT(EM_DIAGRAM):   output;
27808      if first.name then missflag = 0;
MPRINT(EM_DIAGRAM):   if first.name then missflag = 0;
27809      if (TYPE='C' and CRAW='') or (TYPE='N' and NRAW=.) then missflag = 1;
MPRINT(EM_DIAGRAM):   if (TYPE='C' and CRAW='') or (TYPE='N' and NRAW=.) then missflag = 1;
27810      if last.name and ^missFlag then do;
MPRINT(EM_DIAGRAM):   if last.name and ^missFlag then do;
27811      if type = 'C' then do;
MPRINT(EM_DIAGRAM):   if type = 'C' then do;
27812      LEVEL= '';
MPRINT(EM_DIAGRAM):   LEVEL= '';
27813      CRAW = '';
MPRINT(EM_DIAGRAM):   CRAW = '';
27814      NRAW = .;
MPRINT(EM_DIAGRAM):   NRAW = .;
27815      end;
MPRINT(EM_DIAGRAM):   end;
27816      else do;
MPRINT(EM_DIAGRAM):   else do;
27817      LEVEL='.';
MPRINT(EM_DIAGRAM):   LEVEL='.';
27818      CRAW = '.';
MPRINT(EM_DIAGRAM):   CRAW = '.';
27819      NRAW= .;
MPRINT(EM_DIAGRAM):   NRAW= .;
27820      end;
MPRINT(EM_DIAGRAM):   end;
27821      FREQUENCY = 0;
MPRINT(EM_DIAGRAM):   FREQUENCY = 0;
27822      FREQPERCENT = 0;
MPRINT(EM_DIAGRAM):   FREQPERCENT = 0;
27823      NMISSPERCENT = 0;
MPRINT(EM_DIAGRAM):   NMISSPERCENT = 0;
27824      output;
MPRINT(EM_DIAGRAM):   output;
27825      end;
MPRINT(EM_DIAGRAM):   end;
27826      run;
MPRINT(EM_DIAGRAM):   run;

NOTE: There were 47 observations read from the data set WORK.IMPT_DMDBCLASSOUT.
NOTE: The data set WORK.IMPT_DMDBCLASSOUT has 56 observations and 10 variables.
NOTE: DATA statement used (Total process time):
      real time           0.00 seconds
      cpu time            0.00 seconds
      

27827      data WORK.Impt_MISS(KEEP=NAME NMISS PERCENTMISS);
MPRINT(EM_DIAGRAM):    data WORK.Impt_MISS(KEEP=NAME NMISS PERCENTMISS);
27828      length NAME $32;
MPRINT(EM_DIAGRAM):   length NAME $32;
27829      set
27830      WORK.Impt_DMDBCLASSOUT(rename=(freqpercent=PERCENTMISS frequency=NMISS) where=((TYPE='C' and CRAW='') or (TYPE='N' and NRAW=.)))
27831      WORK.IMPUTE_3VY_SRH_DMDBVAROUT
27832      ;
MPRINT(EM_DIAGRAM):   set WORK.Impt_DMDBCLASSOUT(rename=(freqpercent=PERCENTMISS frequency=NMISS) where=((TYPE='C' and CRAW='') or (TYPE='N' and NRAW=.))) WORK.IMPUTE_3VY_SRH_DMDBVAROUT ;
27833      if (NMISS ne . and N ne .) then PERCENTMISS = (NMISS/(NMISS+N))*100;
MPRINT(EM_DIAGRAM):   if (NMISS ne . and N ne .) then PERCENTMISS = (NMISS/(NMISS+N))*100;
27834      run;
MPRINT(EM_DIAGRAM):   run;

NOTE: There were 10 observations read from the data set WORK.IMPT_DMDBCLASSOUT.
      WHERE ((TYPE='C') and (CRAW=' ')) or ((TYPE='N') and (NRAW=.));
NOTE: There were 11 observations read from the data set WORK.IMPUTE_3VY_SRH_DMDBVAROUT.
NOTE: The data set WORK.IMPT_MISS has 21 observations and 3 variables.
NOTE: DATA statement used (Total process time):
      real time           0.00 seconds
      cpu time            0.00 seconds
      

27835      proc sort data=WORK.M0_KEZ0D NOTHREADS;
MPRINT(EM_DIAGRAM):   proc sort data=WORK.M0_KEZ0D NOTHREADS;
27836      by NAME;
MPRINT(EM_DIAGRAM):   by NAME;
27837      run;
MPRINT(EM_DIAGRAM):   run;

NOTE: There were 21 observations read from the data set WORK.M0_KEZ0D.
NOTE: The data set WORK.M0_KEZ0D has 21 observations and 23 variables.
NOTE: PROCEDURE SORT used (Total process time):
      real time           0.01 seconds
      cpu time            0.01 seconds
      

27838      proc sort data=WORK.Impt_MISS NOTHREADS;
MPRINT(EM_DIAGRAM):   proc sort data=WORK.Impt_MISS NOTHREADS;
27839      by NAME;
MPRINT(EM_DIAGRAM):   by NAME;
27840      run;
MPRINT(EM_DIAGRAM):   run;

NOTE: There were 21 observations read from the data set WORK.IMPT_MISS.
NOTE: The data set WORK.IMPT_MISS has 21 observations and 3 variables.
NOTE: PROCEDURE SORT used (Total process time):
      real time           0.00 seconds
      cpu time            0.00 seconds
      

27841      data WORK.M0_KEZ0D;
MPRINT(EM_DIAGRAM):   data WORK.M0_KEZ0D;
27842      merge WORK.M0_KEZ0D WORK.Impt_MISS(in=_b);
MPRINT(EM_DIAGRAM):   merge WORK.M0_KEZ0D WORK.Impt_MISS(in=_b);
27843      by NAME;
MPRINT(EM_DIAGRAM):   by NAME;
27844      if _b then output;
MPRINT(EM_DIAGRAM):   if _b then output;
27845      run;
MPRINT(EM_DIAGRAM):   run;

NOTE: There were 21 observations read from the data set WORK.M0_KEZ0D.
NOTE: There were 21 observations read from the data set WORK.IMPT_MISS.
NOTE: The data set WORK.M0_KEZ0D has 21 observations and 25 variables.
NOTE: DATA statement used (Total process time):
      real time           0.00 seconds
      cpu time            0.00 seconds
      

27846      data WORK.M0_KEZ0D;
MPRINT(EM_DIAGRAM):   data WORK.M0_KEZ0D;
27847      set WORK.M0_KEZ0D;
MPRINT(EM_DIAGRAM):   set WORK.M0_KEZ0D;
27848      if 0<PERCENTMISS<50 and method ne 'NONE' then IMPUTE = 1;
MPRINT(EM_DIAGRAM):   if 0<PERCENTMISS<50 and method ne 'NONE' then IMPUTE = 1;
27849      else IMPUTE = 0;
MPRINT(EM_DIAGRAM):   else IMPUTE = 0;
27850      run;
MPRINT(EM_DIAGRAM):   run;

NOTE: There were 21 observations read from the data set WORK.M0_KEZ0D.
NOTE: The data set WORK.M0_KEZ0D has 21 observations and 26 variables.
NOTE: DATA statement used (Total process time):
      real time           0.01 seconds
      cpu time            0.01 seconds
      

27851      proc dmdb data=WORK.M0_KEZ0D outtable=WORK.NEWNAMES nameserver;
MPRINT(EM_DIAGRAM):    proc dmdb data=WORK.M0_KEZ0D outtable=WORK.NEWNAMES nameserver;
27852      names NAME;
MPRINT(EM_DIAGRAM):   names NAME;
27853      prefix M_ IMP_;
MPRINT(EM_DIAGRAM):   prefix M_ IMP_;
27854      where IMPUTE=1;
MPRINT(EM_DIAGRAM):   where IMPUTE=1;
27855      run;
MPRINT(EM_DIAGRAM):   run;

NOTE: There were 6 observations read from the data set WORK.M0_KEZ0D.
      WHERE IMPUTE=1;
NOTE: The data set WORK.NEWNAMES has 6 observations and 3 variables.
NOTE: PROCEDURE DMDB used (Total process time):
      real time           0.01 seconds
      cpu time            0.00 seconds
      

27856      data WORK.M0_KEZ0D;
MPRINT(EM_DIAGRAM):   data WORK.M0_KEZ0D;
27857      merge WORK.M0_KEZ0D WORK.NEWNAMES;
MPRINT(EM_DIAGRAM):   merge WORK.M0_KEZ0D WORK.NEWNAMES;
27858      by NAME;
MPRINT(EM_DIAGRAM):   by NAME;
27859      run;
MPRINT(EM_DIAGRAM):   run;

NOTE: There were 21 observations read from the data set WORK.M0_KEZ0D.
NOTE: There were 6 observations read from the data set WORK.NEWNAMES.
NOTE: The data set WORK.M0_KEZ0D has 21 observations and 28 variables.
NOTE: DATA statement used (Total process time):
      real time           0.00 seconds
      cpu time            0.00 seconds
      

27860      proc dmdb data=WORK.M0_KEZ0D outtable=WORK.NEWNAMES nameserver;
MPRINT(EM_DIAGRAM):   proc dmdb data=WORK.M0_KEZ0D outtable=WORK.NEWNAMES nameserver;
27861      names NAME;
MPRINT(EM_DIAGRAM):   names NAME;
27862      prefix M_;
MPRINT(EM_DIAGRAM):   prefix M_;
27863      where IMPUTE=0;
MPRINT(EM_DIAGRAM):   where IMPUTE=0;
27864      run;
MPRINT(EM_DIAGRAM):   run;

NOTE: There were 15 observations read from the data set WORK.M0_KEZ0D.
      WHERE IMPUTE=0;
NOTE: The data set WORK.NEWNAMES has 15 observations and 2 variables.
NOTE: PROCEDURE DMDB used (Total process time):
      real time           0.00 seconds
      cpu time            0.00 seconds
      

27865      data WORK.M0_KEZ0D;
MPRINT(EM_DIAGRAM):   data WORK.M0_KEZ0D;
27866      merge WORK.M0_KEZ0D WORK.NEWNAMES;
MPRINT(EM_DIAGRAM):   merge WORK.M0_KEZ0D WORK.NEWNAMES;
27867      by NAME;
MPRINT(EM_DIAGRAM):   by NAME;
27868      run;
MPRINT(EM_DIAGRAM):   run;

NOTE: There were 21 observations read from the data set WORK.M0_KEZ0D.
NOTE: There were 15 observations read from the data set WORK.NEWNAMES.
NOTE: The data set WORK.M0_KEZ0D has 21 observations and 28 variables.
NOTE: DATA statement used (Total process time):
      real time           0.00 seconds
      cpu time            0.00 seconds
      

27869      data WORK.Impt;
MPRINT(EM_DIAGRAM):    data WORK.Impt;
27870      run;
MPRINT(EM_DIAGRAM):   run;

NOTE: The data set WORK.IMPT has 1 observations and 0 variables.
NOTE: DATA statement used (Total process time):
      real time           0.00 seconds
      cpu time            0.00 seconds
      

27871      data WORK._IMPUTEDS;
MPRINT(EM_DIAGRAM):    data WORK._IMPUTEDS;
27872      JOB = 'Teacher';
MPRINT(EM_DIAGRAM):   JOB = 'Teacher';
27873      run;
MPRINT(EM_DIAGRAM):   run;

NOTE: The data set WORK._IMPUTEDS has 1 observations and 1 variables.
NOTE: DATA statement used (Total process time):
      real time           0.00 seconds
      cpu time            0.00 seconds
      

27874      data WORK.Impt;
MPRINT(EM_DIAGRAM):   data WORK.Impt;
27875      merge WORK.Impt WORK._IMPUTEDS;
MPRINT(EM_DIAGRAM):   merge WORK.Impt WORK._IMPUTEDS;
27876      run;
MPRINT(EM_DIAGRAM):   run;

NOTE: There were 1 observations read from the data set WORK.IMPT.
NOTE: There were 1 observations read from the data set WORK._IMPUTEDS.
NOTE: The data set WORK.IMPT has 1 observations and 1 variables.
NOTE: DATA statement used (Total process time):
      real time           0.01 seconds
      cpu time            0.01 seconds
      

27877      proc sort data=WORK.METASET2T5UMDG out=_imputevar(keep=NAME METHOD);
MPRINT(EM_DIAGRAM):    proc sort data=WORK.METASET2T5UMDG out=_imputevar(keep=NAME METHOD);
27878      by NAME;
MPRINT(EM_DIAGRAM):   by NAME;
27879      run;
MPRINT(EM_DIAGRAM):   run;

NOTE: There were 5 observations read from the data set WORK.METASET2T5UMDG.
NOTE: The data set WORK._IMPUTEVAR has 5 observations and 2 variables.
NOTE: PROCEDURE SORT used (Total process time):
      real time           0.00 seconds
      cpu time            0.00 seconds
      

27880      proc sort data=WORK.IMPUTE_3VY_SRH_DMDBVAROUT;
MPRINT(EM_DIAGRAM):   proc sort data=WORK.IMPUTE_3VY_SRH_DMDBVAROUT;
27881      by NAME;
MPRINT(EM_DIAGRAM):   by NAME;
27882      run;
MPRINT(EM_DIAGRAM):   run;

NOTE: There were 11 observations read from the data set WORK.IMPUTE_3VY_SRH_DMDBVAROUT.
NOTE: The data set WORK.IMPUTE_3VY_SRH_DMDBVAROUT has 11 observations and 9 variables.
NOTE: PROCEDURE SORT used (Total process time):
      real time           0.02 seconds
      cpu time            0.03 seconds
      

27883      data _null_;
MPRINT(EM_DIAGRAM):   data _null_;
27884      merge WORK.IMPUTE_3VY_SRH_DMDBVAROUT(in=_a) _imputeVar(in=_b);
MPRINT(EM_DIAGRAM):   merge WORK.IMPUTE_3VY_SRH_DMDBVAROUT(in=_a) _imputeVar(in=_b);
27885      by NAME;
MPRINT(EM_DIAGRAM):   by NAME;
27886      if _N_=1 then do;
MPRINT(EM_DIAGRAM):   if _N_=1 then do;
27887      call execute("data WORK._IMPUTEDMDB;");
MPRINT(EM_DIAGRAM):   call execute("data WORK._IMPUTEDMDB;");
27888      end;
MPRINT(EM_DIAGRAM):   end;
27889      if _a and _b then do;
MPRINT(EM_DIAGRAM):   if _a and _b then do;
27890      select(METHOD);
MPRINT(EM_DIAGRAM):   select(METHOD);
27891      when('MEAN') value=mean;
MPRINT(EM_DIAGRAM):   when('MEAN') value=mean;
27892      when('MIN') value=min;
MPRINT(EM_DIAGRAM):   when('MIN') value=min;
27893      when('MAX') value=max;
MPRINT(EM_DIAGRAM):   when('MAX') value=max;
27894      when('RANGE') value=(max-min);
MPRINT(EM_DIAGRAM):   when('RANGE') value=(max-min);
27895      when('MIDRANGE') value=(max+min)/2;
MPRINT(EM_DIAGRAM):   when('MIDRANGE') value=(max+min)/2;
27896      otherwise;
MPRINT(EM_DIAGRAM):   otherwise;
27897      end;
MPRINT(EM_DIAGRAM):   end;
27898      call execute(NAME!!'='!!strip(put(value, best.))!!';');
MPRINT(EM_DIAGRAM):   call execute(NAME!!'='!!strip(put(value, best.))!!';');
27899      end;
MPRINT(EM_DIAGRAM):   end;
27900      run;
MPRINT(EM_DIAGRAM):   run;

WARNING: Multiple lengths were specified for the BY variable NAME by input data sets. This might cause unexpected results.
MPRINT(EM_DIAGRAM):   data WORK._IMPUTEDMDB;
MPRINT(EM_DIAGRAM):   AGE =53.745808019;
MPRINT(EM_DIAGRAM):   LOG_HOUSE_VAL =12.68340528;
MPRINT(EM_DIAGRAM):   LOG_INCOME =10.5053851;
MPRINT(EM_DIAGRAM):   VEHICLE_AGE =10.19524179;
MPRINT(EM_DIAGRAM):   YOJ =13.45563488;
NOTE: There were 11 observations read from the data set WORK.IMPUTE_3VY_SRH_DMDBVAROUT.
NOTE: There were 5 observations read from the data set WORK._IMPUTEVAR.
NOTE: DATA statement used (Total process time):
      real time           0.00 seconds
      cpu time            0.00 seconds
      

NOTE: CALL EXECUTE generated line.
1         + data WORK._IMPUTEDMDB;
2         + AGE                             =53.745808019;
3         + LOG_HOUSE_VAL                   =12.68340528;
4         + LOG_INCOME                      =10.5053851;
5         + VEHICLE_AGE                     =10.19524179;
6         + YOJ                             =13.45563488;

NOTE: The data set WORK._IMPUTEDMDB has 1 observations and 5 variables.
NOTE: DATA statement used (Total process time):
      real time           0.01 seconds
      cpu time            0.01 seconds
      

27901      data WORK.Impt;
MPRINT(EM_DIAGRAM):   data WORK.Impt;
27902      merge WORK.Impt WORK._IMPUTEDMDB;
MPRINT(EM_DIAGRAM):   merge WORK.Impt WORK._IMPUTEDMDB;
27903      run;
MPRINT(EM_DIAGRAM):   run;

NOTE: There were 1 observations read from the data set WORK.IMPT.
NOTE: There were 1 observations read from the data set WORK._IMPUTEDMDB.
NOTE: The data set WORK.IMPT has 1 observations and 6 variables.
NOTE: DATA statement used (Total process time):
      real time           0.00 seconds
      cpu time            0.00 seconds
      

NOTE: View EMWS1.TRANS_TRAIN.VIEW used (Total process time):
      real time           0.01 seconds
      cpu time            0.01 seconds
      
27904      proc transpose data=WORK.Impt out=WORK._IMPVALUE(drop =_LABEL_ rename=(_NAME_=NAME COL1=VALUE));
MPRINT(EM_DIAGRAM):    proc transpose data=WORK.Impt out=WORK._IMPVALUE(drop =_LABEL_ rename=(_NAME_=NAME COL1=VALUE));
27905      var
27906      JOB
27907      AGE
27908      LOG_HOUSE_VAL
27909      LOG_INCOME
27910      VEHICLE_AGE
27911      YOJ
27912      ;
MPRINT(EM_DIAGRAM):   var JOB AGE LOG_HOUSE_VAL LOG_INCOME VEHICLE_AGE YOJ ;
27913      run;
MPRINT(EM_DIAGRAM):   run;

NOTE: Numeric variables in the input data set will be converted to character in the output data set.
WARNING: The variable _LABEL_ in the DROP, KEEP, or RENAME list has never been referenced.
NOTE: There were 1 observations read from the data set WORK.IMPT.
NOTE: The data set WORK._IMPVALUE has 6 observations and 2 variables.
NOTE: PROCEDURE TRANSPOSE used (Total process time):
      real time           0.01 seconds
      cpu time            0.00 seconds
      

27914      proc sort data=WORK._IMPVALUE NOTHREADS;
MPRINT(EM_DIAGRAM):   proc sort data=WORK._IMPVALUE NOTHREADS;
27915      by NAME;
MPRINT(EM_DIAGRAM):   by NAME;
27916      run;
MPRINT(EM_DIAGRAM):   run;

NOTE: There were 6 observations read from the data set WORK._IMPVALUE.
NOTE: The data set WORK._IMPVALUE has 6 observations and 2 variables.
NOTE: PROCEDURE SORT used (Total process time):
      real time           0.00 seconds
      cpu time            0.00 seconds
      

27917      data EMWS1.Impt_META;
MPRINT(EM_DIAGRAM):   data EMWS1.Impt_META;
27918      merge WORK.M0_KEZ0D WORK._IMPVALUE;
MPRINT(EM_DIAGRAM):   merge WORK.M0_KEZ0D WORK._IMPVALUE;
27919      by NAME;
MPRINT(EM_DIAGRAM):   by NAME;
27920      run;
MPRINT(EM_DIAGRAM):   run;

NOTE: There were 21 observations read from the data set WORK.M0_KEZ0D.
NOTE: There were 6 observations read from the data set WORK._IMPVALUE.
NOTE: The data set EMWS1.IMPT_META has 21 observations and 29 variables.
NOTE: DATA statement used (Total process time):
      real time           0.01 seconds
      cpu time            0.00 seconds
      

27921      proc print data=EMWS1.Impt_META(obs=500) label noobs;
MPRINT(EM_DIAGRAM):    proc print data=EMWS1.Impt_META(obs=500) label noobs;
27922      label NAME = "%sysfunc(sasmsg(sashelp.dmine, meta_name_vlabel,          NOQUOTE))" LABEL = "%sysfunc(sasmsg(sashelp.dmine, meta_label_vlabel,         NOQUOTE))" PERCENTMISS = "%sysfunc(sasmsg(sashelp.dmine, rpt_percentmissing_vlabel, NOQUOTE))";
MPRINT(EM_DIAGRAM):   label NAME = "Variable Name" LABEL = "Label" PERCENTMISS = "Percent Missing";
27923      var NAME LABEL PERCENTMISS;
MPRINT(EM_DIAGRAM):   var NAME LABEL PERCENTMISS;
27924      where IMP eq '' and PERCENTMISS>50;
MPRINT(EM_DIAGRAM):   where IMP eq '' and PERCENTMISS>50;
27925      title9 "%sysfunc(sasmsg(sashelp.dmine, rpt_rejectedsummary_title, NOQUOTE))";
MPRINT(EM_DIAGRAM):   title9 "Rejected Variables Summary";
27926      title10 "%sysfunc(sasmsg(sashelp.dmine, rpt_numberobs_title,         NOQUOTE))";
MPRINT(EM_DIAGRAM):   title10 "Number Of Observations";
MPRINT(EM_DIAGRAM):   run;
27927      run;

NOTE: No observations were selected from data set EMWS1.IMPT_META.
NOTE: There were 0 observations read from the data set EMWS1.IMPT_META.
      WHERE (IMP=' ') and (PERCENTMISS>50);
NOTE: PROCEDURE PRINT used (Total process time):
      real time           0.01 seconds
      cpu time            0.01 seconds
      

MPRINT(EM_DIAGRAM):    proc printto;
MPRINT(EM_DIAGRAM):   run;
