MPRINT(EM_DIAGRAM):    data _null_;
MPRINT(EM_DIAGRAM):   call symput('NLDATE', strip(put(date(), NLDATE.)));
MPRINT(EM_DIAGRAM):   call symput('NLTIME', strip(put(datetime(), NLTIME.)));
MPRINT(EM_DIAGRAM):   run;
MPRINT(EM_DIAGRAM):   data _null_;
MPRINT(EM_DIAGRAM):   nldate= sasmsg("sashelp.dmine", "log_date_note", 'N', "February 25, 2017" );
MPRINT(EM_DIAGRAM):   nltime= sasmsg("sashelp.dmine", "log_time_note", 'N', "15:06:15" );
MPRINT(EM_DIAGRAM):   put "*------------------------------------------------------------*";
MPRINT(EM_DIAGRAM):   put "* Score Log";
MPRINT(EM_DIAGRAM):   put nldate;
MPRINT(EM_DIAGRAM):   put nltime;
MPRINT(EM_DIAGRAM):   put "*------------------------------------------------------------*";
MPRINT(EM_DIAGRAM):   run;
*------------------------------------------------------------*
* Score Log
Date:                February 25, 2017
Time:                15:06:15
*------------------------------------------------------------*
MPRINT(EM_DIAGRAM):    filename O0T9N_ZZ "C:\Users\Gaurav\Desktop\second sem\Data Mining\Project 2\Automobile Insurance Claim\Workspaces\EMWS1\Ids\EMSCORE.out" encoding="UTF-8" NOBOM;
MPRINT(EM_DIAGRAM):   proc printto print=O0T9N_ZZ new;
MPRINT(EM_DIAGRAM):   run;
21656      *------------------------------------------------------------*;
MPRINT(EM_DIAGRAM):    *------------------------------------------------------------*;
21657      * Ids: Computing metadata for DATA data;
MPRINT(EM_DIAGRAM):   * Ids: Computing metadata for DATA data;
21658      *------------------------------------------------------------*;
MPRINT(EM_DIAGRAM):   *------------------------------------------------------------*;

NOTE: View EMWS1.IDS_DATA.VIEW used (Total process time):
      real time           0.03 seconds
      cpu time            0.04 seconds
      
21659      data EMWS1.Ids_EMINFO;
MPRINT(EM_DIAGRAM):    data EMWS1.Ids_EMINFO;
21660      length TARGET KEY $32 DATA $43;
MPRINT(EM_DIAGRAM):   length TARGET KEY $32 DATA $43;
21661      TARGET="";
MPRINT(EM_DIAGRAM):   TARGET="";
21662      KEY="IDSTABLE";
MPRINT(EM_DIAGRAM):   KEY="IDSTABLE";
21663      DATA="AIC.CLAIMRAWDATA";
MPRINT(EM_DIAGRAM):   DATA="AIC.CLAIMRAWDATA";
21664      output;
MPRINT(EM_DIAGRAM):   output;
21665      TARGET="CLAIM_IND";
MPRINT(EM_DIAGRAM):   TARGET="CLAIM_IND";
21666      KEY="DECDATA";
MPRINT(EM_DIAGRAM):   KEY="DECDATA";
21667      DATA="EMWS1.Ids_CLAIM_IND_DD";
MPRINT(EM_DIAGRAM):   DATA="EMWS1.Ids_CLAIM_IND_DD";
21668      output;
MPRINT(EM_DIAGRAM):   output;
21669      TARGET="CLAIM_IND";
MPRINT(EM_DIAGRAM):   TARGET="CLAIM_IND";
21670      KEY="DECMETA";
MPRINT(EM_DIAGRAM):   KEY="DECMETA";
21671      DATA="EMWS1.Ids_CLAIM_IND_DM";
MPRINT(EM_DIAGRAM):   DATA="EMWS1.Ids_CLAIM_IND_DM";
21672      output;
MPRINT(EM_DIAGRAM):   output;
21673      run;
MPRINT(EM_DIAGRAM):   run;

NOTE: The data set EMWS1.IDS_EMINFO has 3 observations and 3 variables.
NOTE: DATA statement used (Total process time):
      real time           0.01 seconds
      cpu time            0.00 seconds
      

NOTE: View EMWS1.IDS_DATA.VIEW used (Total process time):
      real time           0.03 seconds
      cpu time            0.03 seconds
      
21674      data EMWS1.Ids_CMeta_DATA;
MPRINT(EM_DIAGRAM):    data EMWS1.Ids_CMeta_DATA;
21675      set EMWS1.Ids_VariableSet;
MPRINT(EM_DIAGRAM):   set EMWS1.Ids_VariableSet;
21676      drop DROP;
MPRINT(EM_DIAGRAM):   drop DROP;
21677      where DROP='N';
MPRINT(EM_DIAGRAM):   where DROP='N';
21678      run;
MPRINT(EM_DIAGRAM):   run;

NOTE: There were 24 observations read from the data set EMWS1.IDS_VARIABLESET.
      WHERE DROP='N';
NOTE: The data set EMWS1.IDS_CMETA_DATA has 24 observations and 20 variables.
NOTE: DATA statement used (Total process time):
      real time           0.00 seconds
      cpu time            0.00 seconds
      

MPRINT(EM_DIAGRAM):    proc printto;
MPRINT(EM_DIAGRAM):   run;
