 
                                                                                                                                                                                                                                                                
 
 
Variable Summary

          Measurement    Frequency
Role         Level         Count

ID         INTERVAL           1   
INPUT      BINARY             3   
INPUT      INTERVAL          13   
INPUT      NOMINAL           21   
TARGET     BINARY             1   
 
                                                                                                                                                                                                                                                                
 
 
Model Events

                                  Number
                   Measurement      of
Target    Event       Level       Levels      Order       Label

 LBWT       1        BINARY          2      Descending         
 
                                                                                                                                                                                                                                                                
 
 
Predicted and decision variables

Type         Variable    Label

TARGET       LBWT                         
PREDICTED    P_LBWT1     Predicted: LBWT=1
RESIDUAL     R_LBWT1     Residual: LBWT=1 
PREDICTED    P_LBWT0     Predicted: LBWT=0
RESIDUAL     R_LBWT0     Residual: LBWT=0 
FROM         F_LBWT      From: LBWT       
INTO         I_LBWT      Into: LBWT       
