MPRINT(EM_DIAGRAM):    data _null_;
MPRINT(EM_DIAGRAM):   call symput('NLDATE', strip(put(date(), NLDATE.)));
MPRINT(EM_DIAGRAM):   call symput('NLTIME', strip(put(datetime(), NLTIME.)));
MPRINT(EM_DIAGRAM):   run;
MPRINT(EM_DIAGRAM):   data _null_;
MPRINT(EM_DIAGRAM):   nldate= sasmsg("sashelp.dmine", "log_date_note", 'N', "February 08, 2017" );
MPRINT(EM_DIAGRAM):   nltime= sasmsg("sashelp.dmine", "log_time_note", 'N', "14:49:15" );
MPRINT(EM_DIAGRAM):   put "*------------------------------------------------------------*";
MPRINT(EM_DIAGRAM):   put "* Report Log";
MPRINT(EM_DIAGRAM):   put nldate;
MPRINT(EM_DIAGRAM):   put nltime;
MPRINT(EM_DIAGRAM):   put "*------------------------------------------------------------*";
MPRINT(EM_DIAGRAM):   run;
*------------------------------------------------------------*
* Report Log
Date:                February 08, 2017
Time:                14:49:15
*------------------------------------------------------------*
MPRINT(EM_DIAGRAM):    filename O1O_RRN5 "C:\Users\Gaurav\Desktop\second sem\Data Mining\Project 1\Group13_Project1\Workspaces\EMWS1\Part\EMREPORT.out" encoding="UTF-8" NOBOM;
MPRINT(EM_DIAGRAM):   proc printto print=O1O_RRN5 new;
MPRINT(EM_DIAGRAM):   run;
MPRINT(EM_DIAGRAM):    data WORK.M060GAQ_;
MPRINT(EM_DIAGRAM):   set WORK.M060GAQ_;
MPRINT(EM_DIAGRAM):   where(ROLE = "TARGET" or ROLE = "FREQ");
MPRINT(EM_DIAGRAM):   run;
23677      *------------------------------------------------------------*;
MPRINT(EM_DIAGRAM):    *------------------------------------------------------------*;
23678      * Part: Computing statistics for class target variables;
MPRINT(EM_DIAGRAM):   * Part: Computing statistics for class target variables;
23679      *------------------------------------------------------------*;
MPRINT(EM_DIAGRAM):   *------------------------------------------------------------*;
23680      ods listing close;
MPRINT(EM_DIAGRAM):   ods listing close;
23681      ods output onewayfreqs=WORK.TEMPFREQ;
MPRINT(EM_DIAGRAM):   ods output onewayfreqs=WORK.TEMPFREQ;
23682      proc freq data = EMWS1.Ids_DATA order=formatted addnames;
MPRINT(EM_DIAGRAM):   proc freq data = EMWS1.Ids_DATA order=formatted addnames;
23683      table LBWT / missing;
MPRINT(EM_DIAGRAM):   table LBWT / missing;
23684      run;
MPRINT(EM_DIAGRAM):   run;

NOTE: View EMWS1.IDS_DATA.VIEW used (Total process time):
      real time           0.04 seconds
      cpu time            0.03 seconds
      
NOTE: There were 17097 observations read from the data set L_B_W.LOWBIRTHWEIGHT.
NOTE: The data set WORK.TEMPFREQ has 2 observations and 8 variables.
NOTE: There were 17097 observations read from the data set EMWS1.IDS_DATA.
NOTE: PROCEDURE FREQ used (Total process time):
      real time           0.06 seconds
      cpu time            0.03 seconds
      

MPRINT(EM_DIAGRAM):   quit;
23685      quit;
23686      ods listing;
MPRINT(EM_DIAGRAM):   ods listing;
23687      data WORK.Part_BAR(keep=_VARIABLE_ TYPE COUNT PERCENT _X_ _XLABEL_);
MPRINT(EM_DIAGRAM):    data WORK.Part_BAR(keep=_VARIABLE_ TYPE COUNT PERCENT _X_ _XLABEL_);
23688      label _VARIABLE_ = "%sysfunc(sasmsg(sashelp.dmine, rpt_variable_vlabel, NOQUOTE))" Type = "%sysfunc(sasmsg(sashelp.dmine, rpt_type_vlabel,         NOQUOTE))" _X_ = "%sysfunc(sasmsg(sashelp.dmine, rpt_numValue_vlabel, NOQUOTE))" _XLABEL_ =
23689         "%sysfunc(sasmsg(sashelp.dmine, rpt_fmtValue_vlabel ,    NOQUOTE))" COUNT = "%sysfunc(sasmsg(sashelp.dmine, rpt_count_vlabel,        NOQUOTE))" PERCENT = "%sysfunc(sasmsg(sashelp.dmine, rpt_percent_vlabel,      NOQUOTE))";
MPRINT(EM_DIAGRAM):   label _VARIABLE_ = "Variable" Type = "Type" _X_ = "Numeric Value" _XLABEL_ = "Formatted Value" COUNT = "Frequency Count" PERCENT = "Percent";
23690      dsid = open("WORK.TEMPFREQ");
MPRINT(EM_DIAGRAM):   dsid = open("WORK.TEMPFREQ");
23691      varnum = varnum(dsid, 'VARIABLE');
MPRINT(EM_DIAGRAM):   varnum = varnum(dsid, 'VARIABLE');
23692      freqnum = varnum(dsid, 'FREQUENCY');
MPRINT(EM_DIAGRAM):   freqnum = varnum(dsid, 'FREQUENCY');
23693      pvarnum = varnum(dsid, 'PERCENT');
MPRINT(EM_DIAGRAM):   pvarnum = varnum(dsid, 'PERCENT');
23694      typenum = varnum(dsid, '_TYPE_');
MPRINT(EM_DIAGRAM):   typenum = varnum(dsid, '_TYPE_');
23695      length _VARIABLE_ $32 TYPE $1 _XLABEL_ $32;
MPRINT(EM_DIAGRAM):   length _VARIABLE_ $32 TYPE $1 _XLABEL_ $32;
23696      do while(^fetch(dsid));
MPRINT(EM_DIAGRAM):   do while(^fetch(dsid));
23697      _VARIABLE_ = strip(getvarc(dsid, varnum));
MPRINT(EM_DIAGRAM):   _VARIABLE_ = strip(getvarc(dsid, varnum));
23698      count = getvarn(dsid, freqnum);
MPRINT(EM_DIAGRAM):   count = getvarn(dsid, freqnum);
23699      percent= getvarn(dsid, pvarnum);
MPRINT(EM_DIAGRAM):   percent= getvarn(dsid, pvarnum);
23700      vvarnum = varnum(dsid, _VARIABLE_);
MPRINT(EM_DIAGRAM):   vvarnum = varnum(dsid, _VARIABLE_);
23701      type = vartype(dsid, vvarnum);
MPRINT(EM_DIAGRAM):   type = vartype(dsid, vvarnum);
23702      fvarnum = varnum(dsid, 'F_'!!substr(_VARIABLE_, 1, 30));
MPRINT(EM_DIAGRAM):   fvarnum = varnum(dsid, 'F_'!!substr(_VARIABLE_, 1, 30));
23703      _XLABEL_ = left(getvarc(dsid, fvarnum));
MPRINT(EM_DIAGRAM):   _XLABEL_ = left(getvarc(dsid, fvarnum));
23704      _X_ = .;
MPRINT(EM_DIAGRAM):   _X_ = .;
23705      if TYPE eq 'N' then _X_ = getvarn(dsid, vvarnum);
MPRINT(EM_DIAGRAM):   if TYPE eq 'N' then _X_ = getvarn(dsid, vvarnum);
23706      output;
MPRINT(EM_DIAGRAM):   output;
23707      end;
MPRINT(EM_DIAGRAM):   end;
23708      dsid = close(dsid);
MPRINT(EM_DIAGRAM):   dsid = close(dsid);
23709      run;
MPRINT(EM_DIAGRAM):   run;

NOTE: The data set WORK.PART_BAR has 2 observations and 6 variables.
NOTE: DATA statement used (Total process time):
      real time           0.01 seconds
      cpu time            0.01 seconds
      

23710      proc sort data=WORK.Part_BAR NOTHREADS;
MPRINT(EM_DIAGRAM):   proc sort data=WORK.Part_BAR NOTHREADS;
23711      by _VARIABLE_;
MPRINT(EM_DIAGRAM):   by _VARIABLE_;
23712      run;
MPRINT(EM_DIAGRAM):   run;

NOTE: There were 2 observations read from the data set WORK.PART_BAR.
NOTE: The data set WORK.PART_BAR has 2 observations and 6 variables.
NOTE: PROCEDURE SORT used (Total process time):
      real time           0.00 seconds
      cpu time            0.00 seconds
      

23713      proc sort data=WORK.M060GAQ_;
MPRINT(EM_DIAGRAM):   proc sort data=WORK.M060GAQ_;
23714      by Name;
MPRINT(EM_DIAGRAM):   by Name;
23715      run;
MPRINT(EM_DIAGRAM):   run;

NOTE: There were 1 observations read from the data set WORK.M060GAQ_.
NOTE: The data set WORK.M060GAQ_ has 1 observations and 21 variables.
NOTE: PROCEDURE SORT used (Total process time):
      real time           0.01 seconds
      cpu time            0.00 seconds
      

23716      data WORK.Part_BAR;
MPRINT(EM_DIAGRAM):   data WORK.Part_BAR;
23717      merge WORK.Part_BAR(in=_a) WORK.M060GAQ_(keep=Name Label Role rename=(Name=_Variable_ Label=_Label_));
MPRINT(EM_DIAGRAM):   merge WORK.Part_BAR(in=_a) WORK.M060GAQ_(keep=Name Label Role rename=(Name=_Variable_ Label=_Label_));
23718      by _Variable_;
MPRINT(EM_DIAGRAM):   by _Variable_;
23719      label Role = "%sysfunc(sasmsg(sashelp.dmine, meta_role_vlabel ,  NOQUOTE))";
MPRINT(EM_DIAGRAM):   label Role = "Role";
23720      label Label = "%sysfunc(sasmsg(sashelp.dmine, meta_label_vlabel , NOQUOTE))";
MPRINT(EM_DIAGRAM):   label Label = "Label";
23721      if _a then output;
MPRINT(EM_DIAGRAM):   if _a then output;
23722      run;
MPRINT(EM_DIAGRAM):   run;

NOTE: Variable Label is uninitialized.
WARNING: Multiple lengths were specified for the BY variable _VARIABLE_ by input data sets. This might cause unexpected results.
NOTE: There were 2 observations read from the data set WORK.PART_BAR.
NOTE: There were 1 observations read from the data set WORK.M060GAQ_.
NOTE: The data set WORK.PART_BAR has 2 observations and 8 variables.
NOTE: DATA statement used (Total process time):
      real time           0.01 seconds
      cpu time            0.01 seconds
      

23723      data EMWS1.Part_CLASS;
MPRINT(EM_DIAGRAM):    data EMWS1.Part_CLASS;
23724      length DATA $8;
MPRINT(EM_DIAGRAM):   length DATA $8;
23725      set WORK.Part_BAR;
MPRINT(EM_DIAGRAM):   set WORK.Part_BAR;
23726      DATA = "DATA";
MPRINT(EM_DIAGRAM):   DATA = "DATA";
23727      run;
MPRINT(EM_DIAGRAM):   run;

NOTE: There were 2 observations read from the data set WORK.PART_BAR.
NOTE: The data set EMWS1.PART_CLASS has 2 observations and 9 variables.
NOTE: DATA statement used (Total process time):
      real time           0.00 seconds
      cpu time            0.00 seconds
      

23728      *------------------------------------------------------------*;
MPRINT(EM_DIAGRAM):    *------------------------------------------------------------*;
23729      * Part: Computing statistics for interval target variables;
MPRINT(EM_DIAGRAM):   * Part: Computing statistics for interval target variables;
23730      *------------------------------------------------------------*;
MPRINT(EM_DIAGRAM):   *------------------------------------------------------------*;
23731      *------------------------------------------------------------*;
MPRINT(EM_DIAGRAM):   *------------------------------------------------------------*;
23732      * Part: Computing statistics for class target variables;
MPRINT(EM_DIAGRAM):   * Part: Computing statistics for class target variables;
23733      *------------------------------------------------------------*;
MPRINT(EM_DIAGRAM):   *------------------------------------------------------------*;
23734      ods listing close;
MPRINT(EM_DIAGRAM):   ods listing close;
23735      ods output onewayfreqs=WORK.TEMPFREQ;
MPRINT(EM_DIAGRAM):   ods output onewayfreqs=WORK.TEMPFREQ;
23736      proc freq data = EMWS1.Part_TRAIN order=formatted addnames;
MPRINT(EM_DIAGRAM):   proc freq data = EMWS1.Part_TRAIN order=formatted addnames;
23737      table LBWT / missing;
MPRINT(EM_DIAGRAM):   table LBWT / missing;
23738      run;
MPRINT(EM_DIAGRAM):   run;

NOTE: The data set WORK.TEMPFREQ has 2 observations and 8 variables.
NOTE: There were 8548 observations read from the data set EMWS1.PART_TRAIN.
NOTE: PROCEDURE FREQ used (Total process time):
      real time           0.01 seconds
      cpu time            0.00 seconds
      

MPRINT(EM_DIAGRAM):   quit;
23739      quit;
23740      ods listing;
MPRINT(EM_DIAGRAM):   ods listing;
23741      data WORK.Part_BAR(keep=_VARIABLE_ TYPE COUNT PERCENT _X_ _XLABEL_);
MPRINT(EM_DIAGRAM):    data WORK.Part_BAR(keep=_VARIABLE_ TYPE COUNT PERCENT _X_ _XLABEL_);
23742      label _VARIABLE_ = "%sysfunc(sasmsg(sashelp.dmine, rpt_variable_vlabel, NOQUOTE))" Type = "%sysfunc(sasmsg(sashelp.dmine, rpt_type_vlabel,         NOQUOTE))" _X_ = "%sysfunc(sasmsg(sashelp.dmine, rpt_numValue_vlabel, NOQUOTE))" _XLABEL_ =
23743         "%sysfunc(sasmsg(sashelp.dmine, rpt_fmtValue_vlabel ,    NOQUOTE))" COUNT = "%sysfunc(sasmsg(sashelp.dmine, rpt_count_vlabel,        NOQUOTE))" PERCENT = "%sysfunc(sasmsg(sashelp.dmine, rpt_percent_vlabel,      NOQUOTE))";
MPRINT(EM_DIAGRAM):   label _VARIABLE_ = "Variable" Type = "Type" _X_ = "Numeric Value" _XLABEL_ = "Formatted Value" COUNT = "Frequency Count" PERCENT = "Percent";
23744      dsid = open("WORK.TEMPFREQ");
MPRINT(EM_DIAGRAM):   dsid = open("WORK.TEMPFREQ");
23745      varnum = varnum(dsid, 'VARIABLE');
MPRINT(EM_DIAGRAM):   varnum = varnum(dsid, 'VARIABLE');
23746      freqnum = varnum(dsid, 'FREQUENCY');
MPRINT(EM_DIAGRAM):   freqnum = varnum(dsid, 'FREQUENCY');
23747      pvarnum = varnum(dsid, 'PERCENT');
MPRINT(EM_DIAGRAM):   pvarnum = varnum(dsid, 'PERCENT');
23748      typenum = varnum(dsid, '_TYPE_');
MPRINT(EM_DIAGRAM):   typenum = varnum(dsid, '_TYPE_');
23749      length _VARIABLE_ $32 TYPE $1 _XLABEL_ $32;
MPRINT(EM_DIAGRAM):   length _VARIABLE_ $32 TYPE $1 _XLABEL_ $32;
23750      do while(^fetch(dsid));
MPRINT(EM_DIAGRAM):   do while(^fetch(dsid));
23751      _VARIABLE_ = strip(getvarc(dsid, varnum));
MPRINT(EM_DIAGRAM):   _VARIABLE_ = strip(getvarc(dsid, varnum));
23752      count = getvarn(dsid, freqnum);
MPRINT(EM_DIAGRAM):   count = getvarn(dsid, freqnum);
23753      percent= getvarn(dsid, pvarnum);
MPRINT(EM_DIAGRAM):   percent= getvarn(dsid, pvarnum);
23754      vvarnum = varnum(dsid, _VARIABLE_);
MPRINT(EM_DIAGRAM):   vvarnum = varnum(dsid, _VARIABLE_);
23755      type = vartype(dsid, vvarnum);
MPRINT(EM_DIAGRAM):   type = vartype(dsid, vvarnum);
23756      fvarnum = varnum(dsid, 'F_'!!substr(_VARIABLE_, 1, 30));
MPRINT(EM_DIAGRAM):   fvarnum = varnum(dsid, 'F_'!!substr(_VARIABLE_, 1, 30));
23757      _XLABEL_ = left(getvarc(dsid, fvarnum));
MPRINT(EM_DIAGRAM):   _XLABEL_ = left(getvarc(dsid, fvarnum));
23758      _X_ = .;
MPRINT(EM_DIAGRAM):   _X_ = .;
23759      if TYPE eq 'N' then _X_ = getvarn(dsid, vvarnum);
MPRINT(EM_DIAGRAM):   if TYPE eq 'N' then _X_ = getvarn(dsid, vvarnum);
23760      output;
MPRINT(EM_DIAGRAM):   output;
23761      end;
MPRINT(EM_DIAGRAM):   end;
23762      dsid = close(dsid);
MPRINT(EM_DIAGRAM):   dsid = close(dsid);
23763      run;
MPRINT(EM_DIAGRAM):   run;

NOTE: The data set WORK.PART_BAR has 2 observations and 6 variables.
NOTE: DATA statement used (Total process time):
      real time           0.01 seconds
      cpu time            0.01 seconds
      

23764      proc sort data=WORK.Part_BAR NOTHREADS;
MPRINT(EM_DIAGRAM):   proc sort data=WORK.Part_BAR NOTHREADS;
23765      by _VARIABLE_;
MPRINT(EM_DIAGRAM):   by _VARIABLE_;
23766      run;
MPRINT(EM_DIAGRAM):   run;

NOTE: There were 2 observations read from the data set WORK.PART_BAR.
NOTE: The data set WORK.PART_BAR has 2 observations and 6 variables.
NOTE: PROCEDURE SORT used (Total process time):
      real time           0.02 seconds
      cpu time            0.01 seconds
      

23767      proc sort data=WORK.M060GAQ_;
MPRINT(EM_DIAGRAM):   proc sort data=WORK.M060GAQ_;
23768      by Name;
MPRINT(EM_DIAGRAM):   by Name;
23769      run;
MPRINT(EM_DIAGRAM):   run;

NOTE: Input data set is already sorted, no sorting done.
NOTE: PROCEDURE SORT used (Total process time):
      real time           0.00 seconds
      cpu time            0.00 seconds
      

23770      data WORK.Part_BAR;
MPRINT(EM_DIAGRAM):   data WORK.Part_BAR;
23771      merge WORK.Part_BAR(in=_a) WORK.M060GAQ_(keep=Name Label Role rename=(Name=_Variable_ Label=_Label_));
MPRINT(EM_DIAGRAM):   merge WORK.Part_BAR(in=_a) WORK.M060GAQ_(keep=Name Label Role rename=(Name=_Variable_ Label=_Label_));
23772      by _Variable_;
MPRINT(EM_DIAGRAM):   by _Variable_;
23773      label Role = "%sysfunc(sasmsg(sashelp.dmine, meta_role_vlabel ,  NOQUOTE))";
MPRINT(EM_DIAGRAM):   label Role = "Role";
23774      label Label = "%sysfunc(sasmsg(sashelp.dmine, meta_label_vlabel , NOQUOTE))";
MPRINT(EM_DIAGRAM):   label Label = "Label";
23775      if _a then output;
MPRINT(EM_DIAGRAM):   if _a then output;
23776      run;
MPRINT(EM_DIAGRAM):   run;

NOTE: Variable Label is uninitialized.
WARNING: Multiple lengths were specified for the BY variable _VARIABLE_ by input data sets. This might cause unexpected results.
NOTE: There were 2 observations read from the data set WORK.PART_BAR.
NOTE: There were 1 observations read from the data set WORK.M060GAQ_.
NOTE: The data set WORK.PART_BAR has 2 observations and 8 variables.
NOTE: DATA statement used (Total process time):
      real time           0.01 seconds
      cpu time            0.00 seconds
      

23777      data WORK.Part_BAR;
MPRINT(EM_DIAGRAM):    data WORK.Part_BAR;
23778      length DATA $8;
MPRINT(EM_DIAGRAM):   length DATA $8;
23779      set WORK.Part_BAR;
MPRINT(EM_DIAGRAM):   set WORK.Part_BAR;
23780      DATA = "TRAIN";
MPRINT(EM_DIAGRAM):   DATA = "TRAIN";
23781      run;
MPRINT(EM_DIAGRAM):   run;

NOTE: There were 2 observations read from the data set WORK.PART_BAR.
NOTE: The data set WORK.PART_BAR has 2 observations and 9 variables.
NOTE: DATA statement used (Total process time):
      real time           0.00 seconds
      cpu time            0.00 seconds
      

23782      data EMWS1.Part_CLASS;
MPRINT(EM_DIAGRAM):   data EMWS1.Part_CLASS;
23783      set EMWS1.Part_CLASS WORK.Part_BAR;
MPRINT(EM_DIAGRAM):   set EMWS1.Part_CLASS WORK.Part_BAR;
23784      run;
MPRINT(EM_DIAGRAM):   run;

NOTE: There were 2 observations read from the data set EMWS1.PART_CLASS.
NOTE: There were 2 observations read from the data set WORK.PART_BAR.
NOTE: The data set EMWS1.PART_CLASS has 4 observations and 9 variables.
NOTE: DATA statement used (Total process time):
      real time           0.01 seconds
      cpu time            0.00 seconds
      

23785      *------------------------------------------------------------*;
MPRINT(EM_DIAGRAM):    *------------------------------------------------------------*;
23786      * Part: Computing statistics for interval target variables;
MPRINT(EM_DIAGRAM):   * Part: Computing statistics for interval target variables;
23787      *------------------------------------------------------------*;
MPRINT(EM_DIAGRAM):   *------------------------------------------------------------*;
23788      *------------------------------------------------------------*;
MPRINT(EM_DIAGRAM):   *------------------------------------------------------------*;
23789      * Part: Computing statistics for class target variables;
MPRINT(EM_DIAGRAM):   * Part: Computing statistics for class target variables;
23790      *------------------------------------------------------------*;
MPRINT(EM_DIAGRAM):   *------------------------------------------------------------*;
23791      ods listing close;
MPRINT(EM_DIAGRAM):   ods listing close;
23792      ods output onewayfreqs=WORK.TEMPFREQ;
MPRINT(EM_DIAGRAM):   ods output onewayfreqs=WORK.TEMPFREQ;
23793      proc freq data = EMWS1.Part_VALIDATE order=formatted addnames;
MPRINT(EM_DIAGRAM):   proc freq data = EMWS1.Part_VALIDATE order=formatted addnames;
23794      table LBWT / missing;
MPRINT(EM_DIAGRAM):   table LBWT / missing;
23795      run;
MPRINT(EM_DIAGRAM):   run;

NOTE: The data set WORK.TEMPFREQ has 2 observations and 8 variables.
NOTE: There were 8549 observations read from the data set EMWS1.PART_VALIDATE.
NOTE: PROCEDURE FREQ used (Total process time):
      real time           0.06 seconds
      cpu time            0.01 seconds
      

MPRINT(EM_DIAGRAM):   quit;
23796      quit;
23797      ods listing;
MPRINT(EM_DIAGRAM):   ods listing;
23798      data WORK.Part_BAR(keep=_VARIABLE_ TYPE COUNT PERCENT _X_ _XLABEL_);
MPRINT(EM_DIAGRAM):    data WORK.Part_BAR(keep=_VARIABLE_ TYPE COUNT PERCENT _X_ _XLABEL_);
23799      label _VARIABLE_ = "%sysfunc(sasmsg(sashelp.dmine, rpt_variable_vlabel, NOQUOTE))" Type = "%sysfunc(sasmsg(sashelp.dmine, rpt_type_vlabel,         NOQUOTE))" _X_ = "%sysfunc(sasmsg(sashelp.dmine, rpt_numValue_vlabel, NOQUOTE))" _XLABEL_ =
23800         "%sysfunc(sasmsg(sashelp.dmine, rpt_fmtValue_vlabel ,    NOQUOTE))" COUNT = "%sysfunc(sasmsg(sashelp.dmine, rpt_count_vlabel,        NOQUOTE))" PERCENT = "%sysfunc(sasmsg(sashelp.dmine, rpt_percent_vlabel,      NOQUOTE))";
MPRINT(EM_DIAGRAM):   label _VARIABLE_ = "Variable" Type = "Type" _X_ = "Numeric Value" _XLABEL_ = "Formatted Value" COUNT = "Frequency Count" PERCENT = "Percent";
23801      dsid = open("WORK.TEMPFREQ");
MPRINT(EM_DIAGRAM):   dsid = open("WORK.TEMPFREQ");
23802      varnum = varnum(dsid, 'VARIABLE');
MPRINT(EM_DIAGRAM):   varnum = varnum(dsid, 'VARIABLE');
23803      freqnum = varnum(dsid, 'FREQUENCY');
MPRINT(EM_DIAGRAM):   freqnum = varnum(dsid, 'FREQUENCY');
23804      pvarnum = varnum(dsid, 'PERCENT');
MPRINT(EM_DIAGRAM):   pvarnum = varnum(dsid, 'PERCENT');
23805      typenum = varnum(dsid, '_TYPE_');
MPRINT(EM_DIAGRAM):   typenum = varnum(dsid, '_TYPE_');
23806      length _VARIABLE_ $32 TYPE $1 _XLABEL_ $32;
MPRINT(EM_DIAGRAM):   length _VARIABLE_ $32 TYPE $1 _XLABEL_ $32;
23807      do while(^fetch(dsid));
MPRINT(EM_DIAGRAM):   do while(^fetch(dsid));
23808      _VARIABLE_ = strip(getvarc(dsid, varnum));
MPRINT(EM_DIAGRAM):   _VARIABLE_ = strip(getvarc(dsid, varnum));
23809      count = getvarn(dsid, freqnum);
MPRINT(EM_DIAGRAM):   count = getvarn(dsid, freqnum);
23810      percent= getvarn(dsid, pvarnum);
MPRINT(EM_DIAGRAM):   percent= getvarn(dsid, pvarnum);
23811      vvarnum = varnum(dsid, _VARIABLE_);
MPRINT(EM_DIAGRAM):   vvarnum = varnum(dsid, _VARIABLE_);
23812      type = vartype(dsid, vvarnum);
MPRINT(EM_DIAGRAM):   type = vartype(dsid, vvarnum);
23813      fvarnum = varnum(dsid, 'F_'!!substr(_VARIABLE_, 1, 30));
MPRINT(EM_DIAGRAM):   fvarnum = varnum(dsid, 'F_'!!substr(_VARIABLE_, 1, 30));
23814      _XLABEL_ = left(getvarc(dsid, fvarnum));
MPRINT(EM_DIAGRAM):   _XLABEL_ = left(getvarc(dsid, fvarnum));
23815      _X_ = .;
MPRINT(EM_DIAGRAM):   _X_ = .;
23816      if TYPE eq 'N' then _X_ = getvarn(dsid, vvarnum);
MPRINT(EM_DIAGRAM):   if TYPE eq 'N' then _X_ = getvarn(dsid, vvarnum);
23817      output;
MPRINT(EM_DIAGRAM):   output;
23818      end;
MPRINT(EM_DIAGRAM):   end;
23819      dsid = close(dsid);
MPRINT(EM_DIAGRAM):   dsid = close(dsid);
23820      run;
MPRINT(EM_DIAGRAM):   run;

NOTE: The data set WORK.PART_BAR has 2 observations and 6 variables.
NOTE: DATA statement used (Total process time):
      real time           0.02 seconds
      cpu time            0.00 seconds
      

23821      proc sort data=WORK.Part_BAR NOTHREADS;
MPRINT(EM_DIAGRAM):   proc sort data=WORK.Part_BAR NOTHREADS;
23822      by _VARIABLE_;
MPRINT(EM_DIAGRAM):   by _VARIABLE_;
23823      run;
MPRINT(EM_DIAGRAM):   run;

NOTE: There were 2 observations read from the data set WORK.PART_BAR.
NOTE: The data set WORK.PART_BAR has 2 observations and 6 variables.
NOTE: PROCEDURE SORT used (Total process time):
      real time           0.00 seconds
      cpu time            0.01 seconds
      

23824      proc sort data=WORK.M060GAQ_;
MPRINT(EM_DIAGRAM):   proc sort data=WORK.M060GAQ_;
23825      by Name;
MPRINT(EM_DIAGRAM):   by Name;
23826      run;
MPRINT(EM_DIAGRAM):   run;

NOTE: Input data set is already sorted, no sorting done.
NOTE: PROCEDURE SORT used (Total process time):
      real time           0.00 seconds
      cpu time            0.00 seconds
      

23827      data WORK.Part_BAR;
MPRINT(EM_DIAGRAM):   data WORK.Part_BAR;
23828      merge WORK.Part_BAR(in=_a) WORK.M060GAQ_(keep=Name Label Role rename=(Name=_Variable_ Label=_Label_));
MPRINT(EM_DIAGRAM):   merge WORK.Part_BAR(in=_a) WORK.M060GAQ_(keep=Name Label Role rename=(Name=_Variable_ Label=_Label_));
23829      by _Variable_;
MPRINT(EM_DIAGRAM):   by _Variable_;
23830      label Role = "%sysfunc(sasmsg(sashelp.dmine, meta_role_vlabel ,  NOQUOTE))";
MPRINT(EM_DIAGRAM):   label Role = "Role";
23831      label Label = "%sysfunc(sasmsg(sashelp.dmine, meta_label_vlabel , NOQUOTE))";
MPRINT(EM_DIAGRAM):   label Label = "Label";
23832      if _a then output;
MPRINT(EM_DIAGRAM):   if _a then output;
23833      run;
MPRINT(EM_DIAGRAM):   run;

NOTE: Variable Label is uninitialized.
WARNING: Multiple lengths were specified for the BY variable _VARIABLE_ by input data sets. This might cause unexpected results.
NOTE: There were 2 observations read from the data set WORK.PART_BAR.
NOTE: There were 1 observations read from the data set WORK.M060GAQ_.
NOTE: The data set WORK.PART_BAR has 2 observations and 8 variables.
NOTE: DATA statement used (Total process time):
      real time           0.01 seconds
      cpu time            0.00 seconds
      

23834      data WORK.Part_BAR;
MPRINT(EM_DIAGRAM):    data WORK.Part_BAR;
23835      length DATA $8;
MPRINT(EM_DIAGRAM):   length DATA $8;
23836      set WORK.Part_BAR;
MPRINT(EM_DIAGRAM):   set WORK.Part_BAR;
23837      DATA = "VALIDATE";
MPRINT(EM_DIAGRAM):   DATA = "VALIDATE";
23838      run;
MPRINT(EM_DIAGRAM):   run;

NOTE: There were 2 observations read from the data set WORK.PART_BAR.
NOTE: The data set WORK.PART_BAR has 2 observations and 9 variables.
NOTE: DATA statement used (Total process time):
      real time           0.00 seconds
      cpu time            0.00 seconds
      

23839      data EMWS1.Part_CLASS;
MPRINT(EM_DIAGRAM):   data EMWS1.Part_CLASS;
23840      set EMWS1.Part_CLASS WORK.Part_BAR;
MPRINT(EM_DIAGRAM):   set EMWS1.Part_CLASS WORK.Part_BAR;
23841      run;
MPRINT(EM_DIAGRAM):   run;

NOTE: There were 4 observations read from the data set EMWS1.PART_CLASS.
NOTE: There were 2 observations read from the data set WORK.PART_BAR.
NOTE: The data set EMWS1.PART_CLASS has 6 observations and 9 variables.
NOTE: DATA statement used (Total process time):
      real time           0.01 seconds
      cpu time            0.01 seconds
      

23842      *------------------------------------------------------------*;
MPRINT(EM_DIAGRAM):    *------------------------------------------------------------*;
23843      * Part: Computing statistics for interval target variables;
MPRINT(EM_DIAGRAM):   * Part: Computing statistics for interval target variables;
23844      *------------------------------------------------------------*;
MPRINT(EM_DIAGRAM):   *------------------------------------------------------------*;
23845      data EMWS1.Part_CLASS(rename=(_VARIABLE_=VARIABLE _X_=VALUE _XLABEL_=FORMATTEDVALUE));
MPRINT(EM_DIAGRAM):   data EMWS1.Part_CLASS(rename=(_VARIABLE_=VARIABLE _X_=VALUE _XLABEL_=FORMATTEDVALUE));
23846      label DATA = "%sysfunc(sasmsg(sashelp.dmine, rpt_data_vlabel ,   NOQUOTE))";
MPRINT(EM_DIAGRAM):   label DATA = "Data";
23847      set EMWS1.Part_CLASS;
MPRINT(EM_DIAGRAM):   set EMWS1.Part_CLASS;
23848      drop type role;
MPRINT(EM_DIAGRAM):   drop type role;
23849      run;
MPRINT(EM_DIAGRAM):   run;

NOTE: There were 6 observations read from the data set EMWS1.PART_CLASS.
NOTE: The data set EMWS1.PART_CLASS has 6 observations and 7 variables.
NOTE: DATA statement used (Total process time):
      real time           0.00 seconds
      cpu time            0.00 seconds
      

23850      proc sort data=EMWS1.Part_CLASS NOTHREADS;
MPRINT(EM_DIAGRAM):   proc sort data=EMWS1.Part_CLASS NOTHREADS;
23851      by DATA;
MPRINT(EM_DIAGRAM):   by DATA;
23852      run;
MPRINT(EM_DIAGRAM):   run;

NOTE: There were 6 observations read from the data set EMWS1.PART_CLASS.
NOTE: The data set EMWS1.PART_CLASS has 6 observations and 7 variables.
NOTE: PROCEDURE SORT used (Total process time):
      real time           0.01 seconds
      cpu time            0.01 seconds
      

23853      %let _cn = %sysfunc(getoption(CENTER));
23854      %let _nb = %sysfunc(getoption(NUMBER));
23855      options nonumber nocenter;
MPRINT(EM_DIAGRAM):   options nonumber nocenter;
23856      proc print data=EMWS1.Part_CLASS noobs label;
MPRINT(EM_DIAGRAM):   proc print data=EMWS1.Part_CLASS noobs label;
23857      by DATA;
MPRINT(EM_DIAGRAM):   by DATA;
23858      title9 ' ';
MPRINT(EM_DIAGRAM):   title9 ' ';
23859      title10 "%sysfunc(sasmsg(sashelp.dmine, rpt_classTargetStats_title, NOQUOTE))";
MPRINT(EM_DIAGRAM):   title10 "Summary Statistics for Class Targets";
MPRINT(EM_DIAGRAM):   run;
23860      run;

NOTE: There were 6 observations read from the data set EMWS1.PART_CLASS.
NOTE: The PROCEDURE PRINT printed page 6.
NOTE: PROCEDURE PRINT used (Total process time):
      real time           0.02 seconds
      cpu time            0.00 seconds
      

23861      title10;
MPRINT(EM_DIAGRAM):   title10;
23862      options &_cn &_nb;
MPRINT(EM_DIAGRAM):   options NOCENTER NONUMBER;
MPRINT(EM_DIAGRAM):    proc printto;
MPRINT(EM_DIAGRAM):   run;
