MPRINT(EM_DIAGRAM):    data _null_;
MPRINT(EM_DIAGRAM):   call symput('NLDATE', strip(put(date(), NLDATE.)));
MPRINT(EM_DIAGRAM):   call symput('NLTIME', strip(put(datetime(), NLTIME.)));
MPRINT(EM_DIAGRAM):   run;
MPRINT(EM_DIAGRAM):   data _null_;
MPRINT(EM_DIAGRAM):   nldate= sasmsg("sashelp.dmine", "log_date_note", 'N', "February 08, 2017" );
MPRINT(EM_DIAGRAM):   nltime= sasmsg("sashelp.dmine", "log_time_note", 'N', "14:49:14" );
MPRINT(EM_DIAGRAM):   put "*------------------------------------------------------------*";
MPRINT(EM_DIAGRAM):   put "* Training Log";
MPRINT(EM_DIAGRAM):   put nldate;
MPRINT(EM_DIAGRAM):   put nltime;
MPRINT(EM_DIAGRAM):   put "*------------------------------------------------------------*";
MPRINT(EM_DIAGRAM):   run;
*------------------------------------------------------------*
* Training Log
Date:                February 08, 2017
Time:                14:49:14
*------------------------------------------------------------*
MPRINT(EM_DIAGRAM):    filename O1EI0UT4 "C:\Users\Gaurav\Desktop\second sem\Data Mining\Project 1\Group13_Project1\Workspaces\EMWS1\Part\EMTRAIN.out" encoding="UTF-8" NOBOM;
MPRINT(EM_DIAGRAM):   proc printto print=O1EI0UT4 new;
MPRINT(EM_DIAGRAM):   run;
MPRINT(EM_DIAGRAM):    filename _LOG "C:\Users\Gaurav\Desktop\second sem\Data Mining\Project 1\Group13_Project1\Workspaces\EMWS1\Part\EMLOG.log" encoding="UTF-8" NOBOM;
MPRINT(EM_DIAGRAM):    data _null_;
MPRINT(EM_DIAGRAM):   call symput('NLDATE', strip(put(date(), NLDATE.)));
MPRINT(EM_DIAGRAM):   call symput('NLTIME', strip(put(datetime(), NLTIME.)));
MPRINT(EM_DIAGRAM):   run;
MPRINT(EM_DIAGRAM):   data _null_;
MPRINT(EM_DIAGRAM):   nldate= sasmsg("sashelp.dmine", "log_date_note", 'N', "February 08, 2017" );
MPRINT(EM_DIAGRAM):   nltime= sasmsg("sashelp.dmine", "log_time_note", 'N', "14:49:14" );
MPRINT(EM_DIAGRAM):   file _LOG;
MPRINT(EM_DIAGRAM):   put "*------------------------------------------------------------*";
MPRINT(EM_DIAGRAM):   put "User:                Gaurav";
MPRINT(EM_DIAGRAM):   put nldate;
MPRINT(EM_DIAGRAM):   put nltime;
MPRINT(EM_DIAGRAM):   put "Site:                70125477";
MPRINT(EM_DIAGRAM):   put "Platform:            X64_8HOME";
MPRINT(EM_DIAGRAM):   put "Maintenance Release: 9.04.01M3P062415";
MPRINT(EM_DIAGRAM):   put "EM Version:          14.1";
MPRINT(EM_DIAGRAM):   put "* ";
MPRINT(EM_DIAGRAM):   run;
MPRINT(EM_DIAGRAM):    filename _LOGIN "C:\Users\Gaurav\Desktop\second sem\Data Mining\Project 1\Group13_Project1\Workspaces\EMWS1\Part\EMTRAIN.log" encoding="UTF-8" NOBOM;
MPRINT(EM_COPYFILE):   data _null_;
MPRINT(EM_COPYFILE):   length line $20000;
MPRINT(EM_COPYFILE):   file _LOG MOD lrecl=20000;
MPRINT(EM_COPYFILE):   fid=fopen("_LOGIN",'i',20000,'v');
MPRINT(EM_COPYFILE):   if fid > 0 then do;
MPRINT(EM_COPYFILE):   do while(^fread(fid));
MPRINT(EM_COPYFILE):   rlen = frlen(fid);
MPRINT(EM_COPYFILE):   rc= fget(fid,line,20000);
MPRINT(EM_COPYFILE):   start = length(line)-length(left(line))+1;
MPRINT(EM_COPYFILE):   line=strip(line);
MPRINT(EM_COPYFILE):   put @start line;
MPRINT(EM_COPYFILE):   end;
MPRINT(EM_COPYFILE):   if fid > 0 then rc=fclose(fid);
MPRINT(EM_COPYFILE):   end;
MPRINT(EM_COPYFILE):   run;
MPRINT(EM_DIAGRAM):  ;
MPRINT(EM_DIAGRAM):   filename _LOGIN;
MPRINT(EM_DIAGRAM):    data _null_;
MPRINT(EM_DIAGRAM):   file _LOG mod;
MPRINT(EM_DIAGRAM):   put _page_;
MPRINT(EM_DIAGRAM):   run;
MPRINT(EM_DIAGRAM):   filename _LOGIN "C:\Users\Gaurav\Desktop\second sem\Data Mining\Project 1\Group13_Project1\Workspaces\EMWS1\Part\EMSCORE.log" encoding="UTF-8" NOBOM;
MPRINT(EM_DIAGRAM):  ;
MPRINT(EM_DIAGRAM):   data _null_;
MPRINT(EM_DIAGRAM):   file _LOG mod;
MPRINT(EM_DIAGRAM):   put _page_;
MPRINT(EM_DIAGRAM):   run;
MPRINT(EM_DIAGRAM):    filename _LOGIN "C:\Users\Gaurav\Desktop\second sem\Data Mining\Project 1\Group13_Project1\Workspaces\EMWS1\Part\EMREPORT.log" encoding="UTF-8" NOBOM;
MPRINT(EM_DIAGRAM):  ;
MPRINT(EM_DIAGRAM):   filename _LOGIN;
MPRINT(EM_DIAGRAM):    filename _LOG;
MPRINT(EM_DIAGRAM):    filename _OUT "C:\Users\Gaurav\Desktop\second sem\Data Mining\Project 1\Group13_Project1\Workspaces\EMWS1\Part\EMOUTPUT.out" encoding="UTF-8" NOBOM;
MPRINT(EM_DIAGRAM):    data _null_;
MPRINT(EM_DIAGRAM):   call symput('NLDATE', strip(put(date(), NLDATE.)));
MPRINT(EM_DIAGRAM):   call symput('NLTIME', strip(put(datetime(), NLTIME.)));
MPRINT(EM_DIAGRAM):   run;
MPRINT(EM_DIAGRAM):   data _null_;
MPRINT(EM_DIAGRAM):   nldate= sasmsg("sashelp.dmine", "log_date_note", 'N', "February 08, 2017" );
MPRINT(EM_DIAGRAM):   nltime= sasmsg("sashelp.dmine", "log_time_note", 'N', "14:49:14" );
MPRINT(EM_DIAGRAM):   file _OUT;
MPRINT(EM_DIAGRAM):   put "*------------------------------------------------------------*";
MPRINT(EM_DIAGRAM):   put "User:                Gaurav";
MPRINT(EM_DIAGRAM):   put nldate;
MPRINT(EM_DIAGRAM):   put nltime;
MPRINT(EM_DIAGRAM):   put "*------------------------------------------------------------*";
MPRINT(EM_DIAGRAM):   put "* Training Output";
MPRINT(EM_DIAGRAM):   put "*------------------------------------------------------------*";
MPRINT(EM_DIAGRAM):   run;
MPRINT(EM_DIAGRAM):    filename _OUTIN "C:\Users\Gaurav\Desktop\second sem\Data Mining\Project 1\Group13_Project1\Workspaces\EMWS1\Part\EMTRAIN.out" encoding="UTF-8" NOBOM;
MPRINT(EM_DIAGRAM):   ;
MPRINT(EM_COPYFILE):   data _null_;
MPRINT(EM_COPYFILE):   length line $20000;
MPRINT(EM_COPYFILE):   file _OUT MOD lrecl=20000;
MPRINT(EM_COPYFILE):   fid=fopen("_OUTIN",'i',20000,'v');
MPRINT(EM_COPYFILE):   if fid > 0 then do;
MPRINT(EM_COPYFILE):   do while(^fread(fid));
MPRINT(EM_COPYFILE):   rlen = frlen(fid);
MPRINT(EM_COPYFILE):   rc= fget(fid,line,20000);
MPRINT(EM_COPYFILE):   start = length(line)-length(left(line))+1;
MPRINT(EM_COPYFILE):   line=strip(line);
MPRINT(EM_COPYFILE):   put @start line;
MPRINT(EM_COPYFILE):   end;
MPRINT(EM_COPYFILE):   if fid > 0 then rc=fclose(fid);
MPRINT(EM_COPYFILE):   end;
MPRINT(EM_COPYFILE):   run;
MPRINT(EM_DIAGRAM):  ;
MPRINT(EM_DIAGRAM):   filename _OUTIN;
MPRINT(EM_DIAGRAM):    data _null_;
MPRINT(EM_DIAGRAM):   file _OUT mod;
MPRINT(EM_DIAGRAM):   put _page_;
MPRINT(EM_DIAGRAM):   put // "*------------------------------------------------------------*";
MPRINT(EM_DIAGRAM):   put "* Score Output";
MPRINT(EM_DIAGRAM):   put "*------------------------------------------------------------*";
MPRINT(EM_DIAGRAM):   run;
MPRINT(EM_DIAGRAM):    filename _OUTIN "C:\Users\Gaurav\Desktop\second sem\Data Mining\Project 1\Group13_Project1\Workspaces\EMWS1\Part\EMSCORE.out" encoding="UTF-8" NOBOM;
MPRINT(EM_DIAGRAM):  ;
MPRINT(EM_DIAGRAM):   filename _OUTIN;
MPRINT(EM_DIAGRAM):    data _null_;
MPRINT(EM_DIAGRAM):   file _OUT mod;
MPRINT(EM_DIAGRAM):   put _page_;
MPRINT(EM_DIAGRAM):   put // "*------------------------------------------------------------*";
MPRINT(EM_DIAGRAM):   put "* Report Output";
MPRINT(EM_DIAGRAM):   put "*------------------------------------------------------------*";
MPRINT(EM_DIAGRAM):   run;
MPRINT(EM_DIAGRAM):    filename _OUTIN "C:\Users\Gaurav\Desktop\second sem\Data Mining\Project 1\Group13_Project1\Workspaces\EMWS1\Part\EMREPORT.out" encoding="UTF-8" NOBOM;
MPRINT(EM_DIAGRAM):  ;
MPRINT(EM_DIAGRAM):   filename _OUTIN;
MPRINT(EM_DIAGRAM):    filename _OUT;
MPRINT(EM_DIAGRAM):    filename _emtool_ 'C:\Users\Gaurav\Desktop\second sem\Data Mining\Project 1\Group13_Project1\Workspaces\EMWS1\Part\EMRUNSTATUS.xml' encoding="UTF-8" NOBOM;
MPRINT(EM_DIAGRAM):    filename _emtool_ 'C:\Users\Gaurav\Desktop\second sem\Data Mining\Project 1\Group13_Project1\Workspaces\EMWS1\Part\EMRUNSTATUS.xml' encoding="UTF-8" NOBOM;
23100      proc freq data=EMWS1.Part_VariableSet noprint;
MPRINT(EM_DIAGRAM):    proc freq data=EMWS1.Part_VariableSet noprint;
23101      table ROLE*LEVEL/out=WORK.PartMETA;
MPRINT(EM_DIAGRAM):   table ROLE*LEVEL/out=WORK.PartMETA;
23102      run;
MPRINT(EM_DIAGRAM):   run;

NOTE: There were 38 observations read from the data set EMWS1.PART_VARIABLESET.
NOTE: The data set WORK.PARTMETA has 4 observations and 4 variables.
NOTE: PROCEDURE FREQ used (Total process time):
      real time           0.04 seconds
      cpu time            0.03 seconds
      

23103      proc print data=WORK.PartMETA label noobs;
MPRINT(EM_DIAGRAM):   proc print data=WORK.PartMETA label noobs;
23104      var ROLE LEVEL COUNT;
MPRINT(EM_DIAGRAM):   var ROLE LEVEL COUNT;
23105      label ROLE = "%sysfunc(sasmsg(sashelp.dmine, meta_role_vlabel, NOQUOTE))" LEVEL = "%sysfunc(sasmsg(sashelp.dmine, meta_level_vlabel, NOQUOTE))" COUNT = "%sysfunc(sasmsg(sashelp.dmine, rpt_count_vlabel, NOQUOTE))";
MPRINT(EM_DIAGRAM):   label ROLE = "Role" LEVEL = "Measurement Level" COUNT = "Frequency Count";
23106      title9 ' ';
MPRINT(EM_DIAGRAM):   title9 ' ';
23107      title10 "%sysfunc(sasmsg(sashelp.dmine, rpt_varSummary_title  , NOQUOTE))";
MPRINT(EM_DIAGRAM):   title10 "Variable Summary";
MPRINT(EM_DIAGRAM):   run;
23108      run;

NOTE: There were 4 observations read from the data set WORK.PARTMETA.
NOTE: The PROCEDURE PRINT printed page 4.
NOTE: PROCEDURE PRINT used (Total process time):
      real time           0.00 seconds
      cpu time            0.00 seconds
      

23109      title10;
MPRINT(EM_DIAGRAM):   title10;
MPRINT(EM_DIAGRAM):    *------------------------------------------------------------*;
MPRINT(EM_DIAGRAM):   * Part: Preparing metadata for Training;
MPRINT(EM_DIAGRAM):   *------------------------------------------------------------*;
MPRINT(EM_DIAGRAM):   data WORK.M1SJ5HV7;
MPRINT(EM_DIAGRAM):   set WORK.M1SJ5HV7;
MPRINT(EM_DIAGRAM):   where(PARTITIONROLE ne '' or ROLE='TARGET');
MPRINT(EM_DIAGRAM):   run;
trainPct=50 validatePct=50 testPct=0 
NOTE: View EMWS1.IDS_DATA.VIEW used (Total process time):
      real time           0.03 seconds
      cpu time            0.03 seconds
      
23117      *------------------------------------------------------------*;
MPRINT(EM_DIAGRAM):    *------------------------------------------------------------*;
23118      * Part: Retrieving stratification variable(s) levels;
MPRINT(EM_DIAGRAM):   * Part: Retrieving stratification variable(s) levels;
23119      *------------------------------------------------------------*;
MPRINT(EM_DIAGRAM):   *------------------------------------------------------------*;
23120      proc freq data=EMWS1.Ids_DATA noprint;
MPRINT(EM_DIAGRAM):   proc freq data=EMWS1.Ids_DATA noprint;
23121      table
23122      LBWT
23123      /out=WORK.Part_FREQ(drop=percent);
MPRINT(EM_DIAGRAM):   table LBWT /out=WORK.Part_FREQ(drop=percent);
23124      run;
MPRINT(EM_DIAGRAM):   run;

NOTE: View EMWS1.IDS_DATA.VIEW used (Total process time):
      real time           0.06 seconds
      cpu time            0.04 seconds
      
NOTE: There were 17097 observations read from the data set L_B_W.LOWBIRTHWEIGHT.
NOTE: There were 17097 observations read from the data set EMWS1.IDS_DATA.
NOTE: The data set WORK.PART_FREQ has 2 observations and 2 variables.
NOTE: PROCEDURE FREQ used (Total process time):
      real time           0.08 seconds
      cpu time            0.09 seconds
      

23125      proc sort data=WORK.Part_FREQ;
MPRINT(EM_DIAGRAM):    proc sort data=WORK.Part_FREQ;
23126      by descending count;
MPRINT(EM_DIAGRAM):   by descending count;
23127      run;
MPRINT(EM_DIAGRAM):   run;

NOTE: There were 2 observations read from the data set WORK.PART_FREQ.
NOTE: The data set WORK.PART_FREQ has 2 observations and 2 variables.
NOTE: PROCEDURE SORT used (Total process time):
      real time           0.01 seconds
      cpu time            0.00 seconds
      

MPRINT(EM_DIAGRAM):   * Part: Retrieving levels that meet minimum requirement;
23128      * Part: Retrieving levels that meet minimum requirement;
23129      data WORK.Part_FREQ2(keep = count);
MPRINT(EM_DIAGRAM):   data WORK.Part_FREQ2(keep = count);
23130      set WORK.Part_FREQ;
MPRINT(EM_DIAGRAM):   set WORK.Part_FREQ;
23131      where (.01 * 50 * count) >= 3;
MPRINT(EM_DIAGRAM):   where (.01 * 50 * count) >= 3;
23132      run;
MPRINT(EM_DIAGRAM):   run;

NOTE: There were 2 observations read from the data set WORK.PART_FREQ.
      WHERE (0.5*count)>=3;
NOTE: The data set WORK.PART_FREQ2 has 2 observations and 1 variables.
NOTE: DATA statement used (Total process time):
      real time           0.01 seconds
      cpu time            0.00 seconds
      

23133      *------------------------------------------------------------*;
MPRINT(EM_DIAGRAM):    *------------------------------------------------------------*;
23134      * Part: Create stratified partitioning;
MPRINT(EM_DIAGRAM):   * Part: Create stratified partitioning;
23135      *------------------------------------------------------------*;
MPRINT(EM_DIAGRAM):   *------------------------------------------------------------*;
23136      data
23137      EMWS1.Part_TRAIN(label="")
23138      EMWS1.Part_VALIDATE(label="")
23139      ;
MPRINT(EM_DIAGRAM):   data EMWS1.Part_TRAIN(label="") EMWS1.PART_VALIDATE(label="") ;
23140      retain _seed_ 12345;
MPRINT(EM_DIAGRAM):   retain _seed_ 12345;
23141      drop _seed_ _genvalue_;
MPRINT(EM_DIAGRAM):   drop _seed_ _genvalue_;
23142      call ranuni(_seed_, _genvalue_);
MPRINT(EM_DIAGRAM):   call ranuni(_seed_, _genvalue_);
23143      label _dataobs_ = "%sysfunc(sasmsg(sashelp.dmine, sample_dataobs_vlabel, NOQUOTE))";
MPRINT(EM_DIAGRAM):   label _dataobs_ = "Observation Number";
23144      _dataobs_ = _N_;
MPRINT(EM_DIAGRAM):   _dataobs_ = _N_;
23145      drop _c00:;
MPRINT(EM_DIAGRAM):   drop _c00:;
23146      set EMWS1.Ids_DATA;
MPRINT(EM_DIAGRAM):   set EMWS1.Ids_DATA;
23147      if
23148      LBWT = 0
23149      then do;
MPRINT(EM_DIAGRAM):   if LBWT = 0 then do;
23150      if (8549+1-_C000003)*_genvalue_ <= (4275 - _C000001) then do;
MPRINT(EM_DIAGRAM):   if (8549+1-_C000003)*_genvalue_ <= (4275 - _C000001) then do;
23151      _C000001 + 1;
MPRINT(EM_DIAGRAM):   _C000001 + 1;
23152      output EMWS1.Part_TRAIN;
MPRINT(EM_DIAGRAM):   output EMWS1.Part_TRAIN;
23153      end;
MPRINT(EM_DIAGRAM):   end;
23154      else do;
MPRINT(EM_DIAGRAM):   else do;
23155      _C000002 + 1;
MPRINT(EM_DIAGRAM):   _C000002 + 1;
23156      output EMWS1.Part_VALIDATE;
MPRINT(EM_DIAGRAM):   output EMWS1.Part_VALIDATE;
23157      end;
MPRINT(EM_DIAGRAM):   end;
23158      _C000003+1;
MPRINT(EM_DIAGRAM):   _C000003+1;
23159      end;
MPRINT(EM_DIAGRAM):   end;
23160      else if
23161      LBWT = 1
23162      then do;
MPRINT(EM_DIAGRAM):   else if LBWT = 1 then do;
23163      if (8548+1-_C000006)*_genvalue_ <= (4274 - _C000004) then do;
MPRINT(EM_DIAGRAM):   if (8548+1-_C000006)*_genvalue_ <= (4274 - _C000004) then do;
23164      _C000004 + 1;
MPRINT(EM_DIAGRAM):   _C000004 + 1;
23165      output EMWS1.Part_TRAIN;
MPRINT(EM_DIAGRAM):   output EMWS1.Part_TRAIN;
23166      end;
MPRINT(EM_DIAGRAM):   end;
23167      else do;
MPRINT(EM_DIAGRAM):   else do;
23168      _C000005 + 1;
MPRINT(EM_DIAGRAM):   _C000005 + 1;
23169      output EMWS1.Part_VALIDATE;
MPRINT(EM_DIAGRAM):   output EMWS1.Part_VALIDATE;
23170      end;
MPRINT(EM_DIAGRAM):   end;
23171      _C000006+1;
MPRINT(EM_DIAGRAM):   _C000006+1;
23172      end;
MPRINT(EM_DIAGRAM):   end;
23173      run;
MPRINT(EM_DIAGRAM):   run;

NOTE: View EMWS1.IDS_DATA.VIEW used (Total process time):
      real time           0.03 seconds
      cpu time            0.03 seconds
      
NOTE: There were 17097 observations read from the data set L_B_W.LOWBIRTHWEIGHT.
NOTE: There were 17097 observations read from the data set EMWS1.IDS_DATA.
NOTE: The data set EMWS1.PART_TRAIN has 8548 observations and 39 variables.
NOTE: The data set EMWS1.PART_VALIDATE has 8549 observations and 39 variables.
NOTE: DATA statement used (Total process time):
      real time           0.05 seconds
      cpu time            0.03 seconds
      

23174      data _tempNobs;
MPRINT(EM_DIAGRAM):    data _tempNobs;
23175      length Type $8 Table $32 Nobs 8;
MPRINT(EM_DIAGRAM):   length Type $8 Table $32 Nobs 8;
23176      label type= "%sysfunc(sasmsg(sashelp.dmine, meta_type_vlabel,    NOQUOTE))" table = "%sysfunc(sasmsg(sashelp.dmine, meta_dataset_vlabel, NOQUOTE))" nobs = "%sysfunc(sasmsg(sashelp.dmine,  rpt_numObs_vlabel,   NOQUOTE))";
MPRINT(EM_DIAGRAM):   label type= "Type" table = "Data Set" nobs = "Number of Observations";
23177      type='DATA';
MPRINT(EM_DIAGRAM):   type='DATA';
23178      table="EMWS1.Ids_DATA";
MPRINT(EM_DIAGRAM):   table="EMWS1.Ids_DATA";
23179      Nobs=17097;
MPRINT(EM_DIAGRAM):   Nobs=17097;
23180      output;
MPRINT(EM_DIAGRAM):   output;
23181      type='TRAIN';
MPRINT(EM_DIAGRAM):   type='TRAIN';
23182      table="EMWS1.Part_TRAIN";
MPRINT(EM_DIAGRAM):   table="EMWS1.Part_TRAIN";
23183      Nobs=8548;
MPRINT(EM_DIAGRAM):   Nobs=8548;
23184      output;
MPRINT(EM_DIAGRAM):   output;
23185      type='VALIDATE';
MPRINT(EM_DIAGRAM):   type='VALIDATE';
23186      table="EMWS1.Part_VALIDATE";
MPRINT(EM_DIAGRAM):   table="EMWS1.Part_VALIDATE";
23187      Nobs=8549;
MPRINT(EM_DIAGRAM):   Nobs=8549;
23188      output;
MPRINT(EM_DIAGRAM):   output;
23189      run;
MPRINT(EM_DIAGRAM):   run;

NOTE: The data set WORK._TEMPNOBS has 3 observations and 3 variables.
NOTE: DATA statement used (Total process time):
      real time           0.01 seconds
      cpu time            0.00 seconds
      

23190      %let _cn = %sysfunc(getoption(CENTER));
23191      %let _nb = %sysfunc(getoption(NUMBER));
23192      options nonumber nocenter;
MPRINT(EM_DIAGRAM):   options nonumber nocenter;
23193      proc print data=_tempNobs noobs label;
MPRINT(EM_DIAGRAM):   proc print data=_tempNobs noobs label;
23194      title9 ' ';
MPRINT(EM_DIAGRAM):   title9 ' ';
23195      title10 "%sysfunc(sasmsg(sashelp.dmine, rpt_partitionSummary_title, NOQUOTE))";
MPRINT(EM_DIAGRAM):   title10 "Partition Summary";
MPRINT(EM_DIAGRAM):   run;
23196      run;

NOTE: There were 3 observations read from the data set WORK._TEMPNOBS.
NOTE: The PROCEDURE PRINT printed page 5.
NOTE: PROCEDURE PRINT used (Total process time):
      real time           0.00 seconds
      cpu time            0.00 seconds
      

23197      title10;
MPRINT(EM_DIAGRAM):   title10;
23198      options &_cn &_nb;
MPRINT(EM_DIAGRAM):   options NOCENTER NONUMBER;
MPRINT(EM_DIAGRAM):   run;
23199      run;

MPRINT(EM_DIAGRAM):    proc printto;
MPRINT(EM_DIAGRAM):   run;
