NOTE: PROCEDURE PRINTTO used (Total process time):
      real time           0.00 seconds
      cpu time            0.00 seconds
      

Traverser: Traverser invoked.  MPCONNECT command is !sascmdv -nosyntaxcheck -noasynchio -noobjectserver. 
Traverser: Beginning flow traversal 
16072      data _null_;
MPRINT(EM_DIAGRAM):    data _null_;
16073      file emwipmsg;
MPRINT(EM_DIAGRAM):   file emwipmsg;
16074      put '<Node Id="Ids" Event="Run" Pid="5712" Gridid=""/>';
MPRINT(EM_DIAGRAM):   put '<Node Id="Ids" Event="Run" Pid="5712" Gridid=""/>';
16075      run;
MPRINT(EM_DIAGRAM):   run;

NOTE: The file EMWIPMSG is:
      Local Host Name=DESKTOP-8598PS1,
      Local Host IP addr=fe80::98f7:4ba2:b4a4:2933%18,
      Peer Hostname Name=DESKTOP-8598PS1,
      Peer IP addr=127.0.0.1,Peer Name=N/A,
      Peer Portno=62302,Lrecl=32767,Recfm=Variable

NOTE: 1 record was written to the file EMWIPMSG.
      The minimum record length was 49.
      The maximum record length was 49.
NOTE: DATA statement used (Total process time):
      real time           0.00 seconds
      cpu time            0.00 seconds
      

16076      %let emloopmode =;
*------------------------------------------------------------* 
* 
* Ids : Beginning update before running 
* datetime : 09FEB2017:23:37:55 
* 
*------------------------------------------------------------* 
MPRINT(EM_DIAGRAM):     filename _emtool_ 'C:\Users\Gaurav\Desktop\second sem\Data Mining\Project 1\Group13_Project1\Workspaces\EMWS1\Ids\PROPERTIES.xml' encoding="UTF-8" NOBOM;
16078      %let _HPDMGRIDHOST=;
16079      %let _HPDMGRIDINSTALLLOC=;
16080      %let _HPDMGRIDDATASERVER=;
16081      %hpdm_gridSetOPtions;
MPRINT(EM_DIAGRAM):   
MPRINT(HPDM_GRIDSETOPTIONS):   data _null_;
MPRINT(HPDM_GRIDSETOPTIONS):   length optionString string $2000;
MPRINT(HPDM_GRIDSETOPTIONS):   optionString = reverse(getoption('SET'));
MPRINT(HPDM_GRIDSETOPTIONS):   index = index(optionString, reverse('GRIDHOST'));
MPRINT(HPDM_GRIDSETOPTIONS):   if index then do;
MPRINT(HPDM_GRIDSETOPTIONS):   string = reverse(substr(optionString, 1, index-4));
MPRINT(HPDM_GRIDSETOPTIONS):   host = '"'!!strip(tranwrd(scan(string, 1, ']'), '"', ''))!!'"';
MPRINT(HPDM_GRIDSETOPTIONS):   call symput('_HPDMGRIDHOST', strip(host));
MPRINT(HPDM_GRIDSETOPTIONS):   end;
MPRINT(HPDM_GRIDSETOPTIONS):   index = index(optionString, reverse('GRIDINSTALLLOC'));
MPRINT(HPDM_GRIDSETOPTIONS):   if index then do;
MPRINT(HPDM_GRIDSETOPTIONS):   string = reverse(substr(optionString, 1, index-4));
MPRINT(HPDM_GRIDSETOPTIONS):   install = '"'!!strip(tranwrd(scan(string, 1, ']'), '"', ''))!!'"';
MPRINT(HPDM_GRIDSETOPTIONS):   call symput('_HPDMGRIDINSTALLLOC', strip(install));
MPRINT(HPDM_GRIDSETOPTIONS):   end;
MPRINT(HPDM_GRIDSETOPTIONS):   index = index(optionString, reverse('GRIDDATASERVER'));
MPRINT(HPDM_GRIDSETOPTIONS):   if index then do;
MPRINT(HPDM_GRIDSETOPTIONS):   string = reverse(substr(optionString, 1, index-4));
MPRINT(HPDM_GRIDSETOPTIONS):   server = '"'!!strip(tranwrd(scan(string, 1, ']'), '"', ''))!!'"';
MPRINT(HPDM_GRIDSETOPTIONS):   call symput('_HPDMGRIDDATASERVER', strip(server));
MPRINT(HPDM_GRIDSETOPTIONS):   end;
MPRINT(HPDM_GRIDSETOPTIONS):   run;

NOTE: DATA statement used (Total process time):
      real time           0.01 seconds
      cpu time            0.01 seconds
      

MPRINT(EM_DIAGRAM):  ;

*------------------------------------------------------------* 
* 
* Ids : End update 
* datetime : 09FEB2017:23:37:56 
* 
*------------------------------------------------------------* 
16082      %em_getactionstatus(emlib =EMWS1, nodeid=Ids);
MPRINT(EM_DIAGRAM):   
MPRINT(EM_GETACTIONSTATUS):   proc display c=sashelp.emutil.getactionstatus.scl;
MPRINT(EM_GETACTIONSTATUS):   run;

16083      %let em_Train = N;
16084      %let em_Score = N;
16085      %let em_Report = N;
16086      %let em_Run = N;
NOTE: PROCEDURE DISPLAY used (Total process time):
      real time           0.01 seconds
      cpu time            0.00 seconds
      

MPRINT(EM_GETACTIONSTATUS):   
MPRINT(EM_DIAGRAM):  ;

Node "Ids" has already run. 
Node "Ids" succeeded. 
16087      data _null_;
MPRINT(EM_DIAGRAM):    data _null_;
16088      file emwipmsg;
MPRINT(EM_DIAGRAM):   file emwipmsg;
16089      put '<Node Id="Ids" Event="Complete" Pid="5712" Gridid=""/>';
MPRINT(EM_DIAGRAM):   put '<Node Id="Ids" Event="Complete" Pid="5712" Gridid=""/>';
16090      run;
MPRINT(EM_DIAGRAM):   run;

NOTE: The file EMWIPMSG is:
      Local Host Name=DESKTOP-8598PS1,
      Local Host IP addr=fe80::98f7:4ba2:b4a4:2933%18,
      Peer Hostname Name=DESKTOP-8598PS1,
      Peer IP addr=127.0.0.1,Peer Name=N/A,
      Peer Portno=62302,Lrecl=32767,Recfm=Variable

NOTE: 1 record was written to the file EMWIPMSG.
      The minimum record length was 54.
      The maximum record length was 54.
NOTE: DATA statement used (Total process time):
      real time           0.01 seconds
      cpu time            0.01 seconds
      

Traverser: WaitingNode "TREE4" 
traverser_readyNode_note 
16091      data _null_;
MPRINT(EM_DIAGRAM):    data _null_;
16092      file emwipmsg;
MPRINT(EM_DIAGRAM):   file emwipmsg;
16093      put '<Node Id="Part" Event="Run" Pid="5712" Gridid=""/>';
MPRINT(EM_DIAGRAM):   put '<Node Id="Part" Event="Run" Pid="5712" Gridid=""/>';
16094      run;
MPRINT(EM_DIAGRAM):   run;

NOTE: The file EMWIPMSG is:
      Local Host Name=DESKTOP-8598PS1,
      Local Host IP addr=fe80::98f7:4ba2:b4a4:2933%18,
      Peer Hostname Name=DESKTOP-8598PS1,
      Peer IP addr=127.0.0.1,Peer Name=N/A,
      Peer Portno=62302,Lrecl=32767,Recfm=Variable

NOTE: 1 record was written to the file EMWIPMSG.
      The minimum record length was 50.
      The maximum record length was 50.
NOTE: DATA statement used (Total process time):
      real time           0.01 seconds
      cpu time            0.01 seconds
      

16095      %let emloopmode =;
*------------------------------------------------------------* 
* 
* Part : Beginning update before running 
* datetime : 09FEB2017:23:37:56 
* 
*------------------------------------------------------------* 
MPRINT(EM_DIAGRAM):     data WORK.Part_FILTERSET;
MPRINT(EM_DIAGRAM):   length PORT $32 USE $1;
MPRINT(EM_DIAGRAM):   DROP DELTACODE APPLYDELTA APPLYSCORE IMPORTPORT;
MPRINT(EM_DIAGRAM):   set EMWS1.Ids_exportSet ;
MPRINT(EM_DIAGRAM):   PORT = '';
MPRINT(EM_DIAGRAM):   USE = '';
MPRINT(EM_DIAGRAM):   where role in( "RAW" "TRAIN" "DOCUMENT" ) and EXPORT = 'Y' ;
MPRINT(EM_DIAGRAM):   run;
MPRINT(EM_DIAGRAM):    filename _emtool_ 'C:\Users\Gaurav\Desktop\second sem\Data Mining\Project 1\Group13_Project1\Workspaces\EMWS1\Part\PROPERTIES.xml' encoding="UTF-8" NOBOM;
16114      %let _HPDMGRIDHOST=;
16115      %let _HPDMGRIDINSTALLLOC=;
16116      %let _HPDMGRIDDATASERVER=;
16117      %hpdm_gridSetOPtions;
MPRINT(EM_DIAGRAM):   
MPRINT(HPDM_GRIDSETOPTIONS):   data _null_;
MPRINT(HPDM_GRIDSETOPTIONS):   length optionString string $2000;
MPRINT(HPDM_GRIDSETOPTIONS):   optionString = reverse(getoption('SET'));
MPRINT(HPDM_GRIDSETOPTIONS):   index = index(optionString, reverse('GRIDHOST'));
MPRINT(HPDM_GRIDSETOPTIONS):   if index then do;
MPRINT(HPDM_GRIDSETOPTIONS):   string = reverse(substr(optionString, 1, index-4));
MPRINT(HPDM_GRIDSETOPTIONS):   host = '"'!!strip(tranwrd(scan(string, 1, ']'), '"', ''))!!'"';
MPRINT(HPDM_GRIDSETOPTIONS):   call symput('_HPDMGRIDHOST', strip(host));
MPRINT(HPDM_GRIDSETOPTIONS):   end;
MPRINT(HPDM_GRIDSETOPTIONS):   index = index(optionString, reverse('GRIDINSTALLLOC'));
MPRINT(HPDM_GRIDSETOPTIONS):   if index then do;
MPRINT(HPDM_GRIDSETOPTIONS):   string = reverse(substr(optionString, 1, index-4));
MPRINT(HPDM_GRIDSETOPTIONS):   install = '"'!!strip(tranwrd(scan(string, 1, ']'), '"', ''))!!'"';
MPRINT(HPDM_GRIDSETOPTIONS):   call symput('_HPDMGRIDINSTALLLOC', strip(install));
MPRINT(HPDM_GRIDSETOPTIONS):   end;
MPRINT(HPDM_GRIDSETOPTIONS):   index = index(optionString, reverse('GRIDDATASERVER'));
MPRINT(HPDM_GRIDSETOPTIONS):   if index then do;
MPRINT(HPDM_GRIDSETOPTIONS):   string = reverse(substr(optionString, 1, index-4));
MPRINT(HPDM_GRIDSETOPTIONS):   server = '"'!!strip(tranwrd(scan(string, 1, ']'), '"', ''))!!'"';
MPRINT(HPDM_GRIDSETOPTIONS):   call symput('_HPDMGRIDDATASERVER', strip(server));
MPRINT(HPDM_GRIDSETOPTIONS):   end;
MPRINT(HPDM_GRIDSETOPTIONS):   run;

NOTE: DATA statement used (Total process time):
      real time           0.01 seconds
      cpu time            0.01 seconds
      

MPRINT(EM_DIAGRAM):  ;

*------------------------------------------------------------* 
* 
* Part : End update 
* datetime : 09FEB2017:23:37:56 
* 
*------------------------------------------------------------* 
16118      %em_getactionstatus(emlib =EMWS1, nodeid=Part);
MPRINT(EM_DIAGRAM):   
MPRINT(EM_GETACTIONSTATUS):   proc display c=sashelp.emutil.getactionstatus.scl;
MPRINT(EM_GETACTIONSTATUS):   run;

16119      %let em_Train = N;
16120      %let em_Score = N;
16121      %let em_Report = N;
16122      %let em_Run = N;
NOTE: PROCEDURE DISPLAY used (Total process time):
      real time           0.00 seconds
      cpu time            0.00 seconds
      

MPRINT(EM_GETACTIONSTATUS):   
MPRINT(EM_DIAGRAM):  ;

Node "Part" has already run. 
Node "Part" succeeded. 
16123      data _null_;
MPRINT(EM_DIAGRAM):    data _null_;
16124      file emwipmsg;
MPRINT(EM_DIAGRAM):   file emwipmsg;
16125      put '<Node Id="Part" Event="Complete" Pid="5712" Gridid=""/>';
MPRINT(EM_DIAGRAM):   put '<Node Id="Part" Event="Complete" Pid="5712" Gridid=""/>';
16126      run;
MPRINT(EM_DIAGRAM):   run;

NOTE: The file EMWIPMSG is:
      Local Host Name=DESKTOP-8598PS1,
      Local Host IP addr=fe80::98f7:4ba2:b4a4:2933%18,
      Peer Hostname Name=DESKTOP-8598PS1,
      Peer IP addr=127.0.0.1,Peer Name=N/A,
      Peer Portno=62302,Lrecl=32767,Recfm=Variable

NOTE: 1 record was written to the file EMWIPMSG.
      The minimum record length was 55.
      The maximum record length was 55.
NOTE: DATA statement used (Total process time):
      real time           0.00 seconds
      cpu time            0.00 seconds
      

traverser_readyNode_note 
16127      data _null_;
MPRINT(EM_DIAGRAM):    data _null_;
16128      file emwipmsg;
MPRINT(EM_DIAGRAM):   file emwipmsg;
16129      put '<Node Id="Tree4" Event="Run" Pid="5712" Gridid=""/>';
MPRINT(EM_DIAGRAM):   put '<Node Id="Tree4" Event="Run" Pid="5712" Gridid=""/>';
16130      run;
MPRINT(EM_DIAGRAM):   run;

NOTE: The file EMWIPMSG is:
      Local Host Name=DESKTOP-8598PS1,
      Local Host IP addr=fe80::98f7:4ba2:b4a4:2933%18,
      Peer Hostname Name=DESKTOP-8598PS1,
      Peer IP addr=127.0.0.1,Peer Name=N/A,
      Peer Portno=62302,Lrecl=32767,Recfm=Variable

NOTE: 1 record was written to the file EMWIPMSG.
      The minimum record length was 51.
      The maximum record length was 51.
NOTE: DATA statement used (Total process time):
      real time           0.00 seconds
      cpu time            0.01 seconds
      

16131      %let emloopmode =;
*------------------------------------------------------------* 
* 
* Tree4 : Beginning update before running 
* datetime : 09FEB2017:23:37:57 
* 
*------------------------------------------------------------* 
MPRINT(EM_DIAGRAM):     data WORK.Tree4_FILTERSET;
MPRINT(EM_DIAGRAM):   length PORT $32 USE $1;
MPRINT(EM_DIAGRAM):   DROP DELTACODE APPLYDELTA APPLYSCORE IMPORTPORT;
MPRINT(EM_DIAGRAM):   set EMWS1.Part_exportSet ;
MPRINT(EM_DIAGRAM):   PORT = '';
MPRINT(EM_DIAGRAM):   USE = '';
MPRINT(EM_DIAGRAM):   where role in( "RAW" "TRAIN" "VALIDATE" "TEST" "SCORE" "TRANSACTION" "DOCUMENT" "RULES" "REPORTFIT" "RANK" "SCOREDIST" "ESTIMATE" "TREE" "CLUSSTAT" "CLUSMEAN" "VARMAP" ) and EXPORT = 'Y' ;
MPRINT(EM_DIAGRAM):   run;
MPRINT(EM_DIAGRAM):    proc datasets lib=work nolist;
MPRINT(EM_DIAGRAM):   modify LBWT(type=PROFIT label= LBWT);
MPRINT(EM_DIAGRAM):   label DECISION1= "1";
MPRINT(EM_DIAGRAM):   label DECISION2= "0";
MPRINT(EM_DIAGRAM):   run;
MPRINT(EM_DIAGRAM):   quit;
MPRINT(EM_DIAGRAM):    *------------------------------------------------------------*;
MPRINT(EM_DIAGRAM):   * Tree4: Generation of macros and macro variables;
MPRINT(EM_DIAGRAM):   * To see the code generated, set the EM_DEBUG macro variable to SOURCE or _ALL_;
MPRINT(EM_DIAGRAM):   *------------------------------------------------------------*;
MPRINT(EM_DIAGRAM):   *------------------------------------------------------------*;
MPRINT(EM_DIAGRAM):   * Tree4: EM Macro Variables and Macros;
MPRINT(EM_DIAGRAM):   *------------------------------------------------------------*;
MPRINT(EM_DIAGRAM):   *------------------------------------------------------------* ;
MPRINT(EM_DIAGRAM):   * System Macro Variables;
MPRINT(EM_DIAGRAM):   *------------------------------------------------------------* ;
MPRINT(EM_DIAGRAM):   data _null_;
MPRINT(EM_DIAGRAM):   length string $2000;
MPRINT(EM_DIAGRAM):   string = 'Group13_Project1';
MPRINT(EM_DIAGRAM):   call symput('EM_PROJECTNAME', trim(string));
MPRINT(EM_DIAGRAM):   string = 'L_B_W';
MPRINT(EM_DIAGRAM):   call symput('EM_WSNAME', trim(string));
MPRINT(EM_DIAGRAM):   run;
MPRINT(EM_DIAGRAM):   *------------------------------------------------------------* ;
MPRINT(EM_DIAGRAM):   * Properties Macro Variables ;
MPRINT(EM_DIAGRAM):   *------------------------------------------------------------* ;
MPRINT(EM_DIAGRAM):   *------------------------------------------------------------*;
MPRINT(EM_DIAGRAM):   * Files Macro Variables;
MPRINT(EM_DIAGRAM):   *------------------------------------------------------------*;
MPRINT(EM_DIAGRAM):   *------------------------------------------------------------*;
MPRINT(EM_DIAGRAM):   * Import Macro Variables;
MPRINT(EM_DIAGRAM):   *------------------------------------------------------------*;
MPRINT(EM_DIAGRAM):   *------------------------------------------------------------*;
MPRINT(EM_DIAGRAM):   * Export Macro Variables;
MPRINT(EM_DIAGRAM):   *------------------------------------------------------------*;
MPRINT(EM_DIAGRAM):   *------------------------------------------------------------*;
MPRINT(EM_DIAGRAM):   * Decision Macro Variables;
MPRINT(EM_DIAGRAM):   *------------------------------------------------------------*;
MPRINT(EM_DIAGRAM):   filename temp catalog 'sashelp.emutil.em_decdata.source';
MPRINT(EM_DIAGRAM):   filename temp;
MPRINT(EM_DECDATA):   proc display cat=sashelp.emutil.makedecdata.scl;
MPRINT(EM_DECDATA):   run;
MPRINT(EM_DECDATA):   *------------------------------------------------------------*;
MPRINT(EM_DECDATA):   * Tree4: Create decision matrix;
MPRINT(EM_DECDATA):   *------------------------------------------------------------*;
MPRINT(EM_DECDATA):   data WORK.LBWT;
MPRINT(EM_DECDATA):   length LBWT $ 32 COUNT 8 DATAPRIOR 8 TRAINPRIOR 8 DECPRIOR 8 DECISION1 8 DECISION2 8 ;
MPRINT(EM_DECDATA):   label COUNT= "Level Counts" DATAPRIOR= "Data Proportions" TRAINPRIOR= "Training Proportions" DECPRIOR= "Decision Priors" DECISION1= "1" DECISION2= "0" ;
MPRINT(EM_DECDATA):   format COUNT 10. ;
MPRINT(EM_DECDATA):   LBWT="1";
MPRINT(EM_DECDATA):   COUNT=8548;
MPRINT(EM_DECDATA):   DATAPRIOR=0.49997075510323;
MPRINT(EM_DECDATA):   TRAINPRIOR=0.49997075510323;
MPRINT(EM_DECDATA):   DECPRIOR=.;
MPRINT(EM_DECDATA):   DECISION1=1;
MPRINT(EM_DECDATA):   DECISION2=0;
MPRINT(EM_DECDATA):   output;
MPRINT(EM_DECDATA):   LBWT="0";
MPRINT(EM_DECDATA):   COUNT=8549;
MPRINT(EM_DECDATA):   DATAPRIOR=0.50002924489676;
MPRINT(EM_DECDATA):   TRAINPRIOR=0.50002924489676;
MPRINT(EM_DECDATA):   DECPRIOR=.;
MPRINT(EM_DECDATA):   DECISION1=0;
MPRINT(EM_DECDATA):   DECISION2=1;
MPRINT(EM_DECDATA):   output;
MPRINT(EM_DECDATA):   ;
MPRINT(EM_DECDATA):   run;
MPRINT(EM_DECDATA):   proc datasets lib=work nolist;
MPRINT(EM_DECDATA):   modify LBWT(type=PROFIT label= LBWT);
MPRINT(EM_DECDATA):   label DECISION1= '1';
MPRINT(EM_DECDATA):   label DECISION2= '0';
MPRINT(EM_DECDATA):   run;
MPRINT(EM_DECDATA):   quit;
MPRINT(EM_DECDATA):   
MPRINT(EM_DIAGRAM):  ;
MPRINT(EM_DIAGRAM):   proc datasets lib=work nolist;
MPRINT(EM_DIAGRAM):   modify LBWT(type=PROFIT label= LBWT);
MPRINT(EM_DIAGRAM):   label DECISION1= "1";
MPRINT(EM_DIAGRAM):   label DECISION2= "0";
MPRINT(EM_DIAGRAM):   run;
MPRINT(EM_DIAGRAM):   quit;
MPRINT(EM_DIAGRAM):   *------------------------------------------------------------*;
MPRINT(EM_DIAGRAM):   * Statement Macro Variables;
MPRINT(EM_DIAGRAM):   *------------------------------------------------------------*;
MPRINT(EM_DIAGRAM):   data _null_;
MPRINT(EM_DIAGRAM):   set EMWS1.Ids_EMINFO;
MPRINT(EM_DIAGRAM):   where key in('HPDMSAMPLE', 'IDSTABLE');
MPRINT(EM_DIAGRAM):   if key = 'HPDMSAMPLE' then call symput('_ForceGrid', '1');
MPRINT(EM_DIAGRAM):   else call symput('_IDS_TABLE', DATA);
MPRINT(EM_DIAGRAM):   run;
MPRINT(HPDM_PERFORMANCE):  ;
PERFORMANCE  DETAILS
MPRINT(EM_DIAGRAM):  ;
16542      data EM_TARGETDECINFO;
MPRINT(EM_DIAGRAM):    data EM_TARGETDECINFO;
16543      length TARGET $32 DECDATA DECMETA $43;
MPRINT(EM_DIAGRAM):   length TARGET $32 DECDATA DECMETA $43;
16544      TARGET="LBWT";
MPRINT(EM_DIAGRAM):   TARGET="LBWT";
16545      DECDATA="EMWS1.Ids_LBWT_DD";
MPRINT(EM_DIAGRAM):   DECDATA="EMWS1.Ids_LBWT_DD";
16546      DECMETA="EMWS1.Ids_LBWT_DM";
MPRINT(EM_DIAGRAM):   DECMETA="EMWS1.Ids_LBWT_DM";
16547      output;
MPRINT(EM_DIAGRAM):   output;
16548      run;
MPRINT(EM_DIAGRAM):   run;

NOTE: The data set WORK.EM_TARGETDECINFO has 1 observations and 3 variables.
NOTE: DATA statement used (Total process time):
      real time           0.01 seconds
      cpu time            0.01 seconds
      

16549      %let emexceptionString =;
16550      %let EMEXCEPTIONSTRING=;
16551      *------------------------------------------------------------*;
MPRINT(EM_DIAGRAM):   *------------------------------------------------------------*;
16552      * UPDATE: Tree4;
MPRINT(EM_DIAGRAM):   * UPDATE: Tree4;
16553      *------------------------------------------------------------*;
MPRINT(EM_DIAGRAM):   *------------------------------------------------------------*;
16554      %let EM_ACTION = UPDATE;
16555      %let syscc = 0;
16556      %macro main;
16557      
16558        %if %upcase(&EM_ACTION) = CREATE %then %do;
16559          filename temp catalog 'sashelp.emmodl.tree_create.source';
16560          %include temp;
16561          filename temp;
16562      
16563          %em_tree_create;
16564        %end;
16565      
16566         %else
16567         %if %upcase(&EM_ACTION) = TRAIN %then %do;
16568      
16569             filename temp catalog 'sashelp.emmodl.tree_train.source';
16570             %include temp;
16571             filename temp;
16572             %em_tree_train;
16573         %end;
16574      
16575        %else
16576        %if %upcase(&EM_ACTION) = SCORE %then %do;
16577          filename temp catalog 'sashelp.emmodl.tree_score.source';
16578          %include temp;
16579          filename temp;
16580      
16581          %em_tree_score;
16582      
16583        %end;
16584      
16585        %else
16586        %if %upcase(&EM_ACTION) = REPORT %then %do;
16587      
16588             filename temp catalog 'sashelp.emmodl.tree_report.source';
16589             %include temp;
16590             filename temp;
16591      
16592             %em_tree_report;
16593         %end;
16594      
16595        %else
16596        %if %upcase(&EM_ACTION) = OPENINT %then %do;
16597      
16598             filename temp catalog 'sashelp.emmodl.tree_actions.source';
16599             %include temp;
16600             filename temp;
16601             %EM_TREE_OPENTREEVIEWER;
16602      
16603         %end;
16604      
16605        %else
16606        %if %upcase(&EM_ACTION) = CLOSEINT %then %do;
16607      
16608             filename temp catalog 'sashelp.emmodl.tree_actions.source';
16609             %include temp;
16610             filename temp;
16611             %EM_TREE_CLOSETREEVIEWER;
16612      
16613         %end;
16614      
16615      
16616         %doendm:
16617      %mend main;
16618      
16619      %main;
MPRINT(EM_DIAGRAM):    
MPRINT(EM_DIAGRAM):  ;
16620      
16621      *------------------------------------------------------------*;
MPRINT(EM_DIAGRAM):   *------------------------------------------------------------*;
16622      * End UPDATE: Tree4;
MPRINT(EM_DIAGRAM):   * End UPDATE: Tree4;
16623      *------------------------------------------------------------*;
MPRINT(EM_DIAGRAM):   *------------------------------------------------------------*;

16624      %em_delMacro;
MPRINT(EM_DIAGRAM):   
MPRINT(EM_DIAGRAM):  ;

MPRINT(EM_DIAGRAM):    filename _emtool_ 'C:\Users\Gaurav\Desktop\second sem\Data Mining\Project 1\Group13_Project1\Workspaces\EMWS1\Tree4\PROPERTIES.xml' encoding="UTF-8" NOBOM;
16626      %let _HPDMGRIDHOST=;
16627      %let _HPDMGRIDINSTALLLOC=;
16628      %let _HPDMGRIDDATASERVER=;
16629      %hpdm_gridSetOPtions;
MPRINT(EM_DIAGRAM):   
MPRINT(HPDM_GRIDSETOPTIONS):   data _null_;
MPRINT(HPDM_GRIDSETOPTIONS):   length optionString string $2000;
MPRINT(HPDM_GRIDSETOPTIONS):   optionString = reverse(getoption('SET'));
MPRINT(HPDM_GRIDSETOPTIONS):   index = index(optionString, reverse('GRIDHOST'));
MPRINT(HPDM_GRIDSETOPTIONS):   if index then do;
MPRINT(HPDM_GRIDSETOPTIONS):   string = reverse(substr(optionString, 1, index-4));
MPRINT(HPDM_GRIDSETOPTIONS):   host = '"'!!strip(tranwrd(scan(string, 1, ']'), '"', ''))!!'"';
MPRINT(HPDM_GRIDSETOPTIONS):   call symput('_HPDMGRIDHOST', strip(host));
MPRINT(HPDM_GRIDSETOPTIONS):   end;
MPRINT(HPDM_GRIDSETOPTIONS):   index = index(optionString, reverse('GRIDINSTALLLOC'));
MPRINT(HPDM_GRIDSETOPTIONS):   if index then do;
MPRINT(HPDM_GRIDSETOPTIONS):   string = reverse(substr(optionString, 1, index-4));
MPRINT(HPDM_GRIDSETOPTIONS):   install = '"'!!strip(tranwrd(scan(string, 1, ']'), '"', ''))!!'"';
MPRINT(HPDM_GRIDSETOPTIONS):   call symput('_HPDMGRIDINSTALLLOC', strip(install));
MPRINT(HPDM_GRIDSETOPTIONS):   end;
MPRINT(HPDM_GRIDSETOPTIONS):   index = index(optionString, reverse('GRIDDATASERVER'));
MPRINT(HPDM_GRIDSETOPTIONS):   if index then do;
MPRINT(HPDM_GRIDSETOPTIONS):   string = reverse(substr(optionString, 1, index-4));
MPRINT(HPDM_GRIDSETOPTIONS):   server = '"'!!strip(tranwrd(scan(string, 1, ']'), '"', ''))!!'"';
MPRINT(HPDM_GRIDSETOPTIONS):   call symput('_HPDMGRIDDATASERVER', strip(server));
MPRINT(HPDM_GRIDSETOPTIONS):   end;
MPRINT(HPDM_GRIDSETOPTIONS):   run;

NOTE: DATA statement used (Total process time):
      real time           0.01 seconds
      cpu time            0.01 seconds
      

MPRINT(EM_DIAGRAM):  ;

*------------------------------------------------------------* 
* 
* Tree4 : End update 
* datetime : 09FEB2017:23:37:57 
* 
*------------------------------------------------------------* 
16630      %em_getactionstatus(emlib =EMWS1, nodeid=Tree4);
MPRINT(EM_DIAGRAM):   
MPRINT(EM_GETACTIONSTATUS):   proc display c=sashelp.emutil.getactionstatus.scl;
MPRINT(EM_GETACTIONSTATUS):   run;

16631      %let em_filemodtime=;
16632      data _null_;
MPRINT(EM_GETACTIONSTATUS):   data _null_;
16633      format modate best.;
MPRINT(EM_GETACTIONSTATUS):   format modate best.;
16634      set sashelp.Vextfl;
MPRINT(EM_GETACTIONSTATUS):   set sashelp.Vextfl;
16635      where fileref eq "#LN00168";
MPRINT(EM_GETACTIONSTATUS):   where fileref eq "#LN00168";
16636      call symput('EM_FILEMODTIME', put(modate, best.));
MPRINT(EM_GETACTIONSTATUS):   call symput('EM_FILEMODTIME', put(modate, best.));
16637      run;
MPRINT(EM_GETACTIONSTATUS):   run;

NOTE: There were 1 observations read from the data set SASHELP.VEXTFL.
      WHERE fileref='#LN00168';
NOTE: DATA statement used (Total process time):
      real time           0.01 seconds
      cpu time            0.00 seconds
      

16638      %symdel em_filemodtime;
WARNING: Attempt to delete macro variable EM_FILEMODTIME failed. Variable not found.
16639      %let em_Train = N;
16640      %let em_Score = N;
16641      %let em_Report = N;
16642      %let em_Run = N;
NOTE: PROCEDURE DISPLAY used (Total process time):
      real time           0.03 seconds
      cpu time            0.01 seconds
      

MPRINT(EM_GETACTIONSTATUS):     
MPRINT(EM_DIAGRAM):  ;

Node "Tree4" has already run. 
Node "Tree4" succeeded. 
16643      data _null_;
MPRINT(EM_DIAGRAM):    data _null_;
16644      file emwipmsg;
MPRINT(EM_DIAGRAM):   file emwipmsg;
16645      put '<Node Id="Tree4" Event="Complete" Pid="5712" Gridid=""/>';
MPRINT(EM_DIAGRAM):   put '<Node Id="Tree4" Event="Complete" Pid="5712" Gridid=""/>';
16646      run;
MPRINT(EM_DIAGRAM):   run;

NOTE: The file EMWIPMSG is:
      Local Host Name=DESKTOP-8598PS1,
      Local Host IP addr=fe80::98f7:4ba2:b4a4:2933%18,
      Peer Hostname Name=DESKTOP-8598PS1,
      Peer IP addr=127.0.0.1,Peer Name=N/A,
      Peer Portno=62302,Lrecl=32767,Recfm=Variable

NOTE: 1 record was written to the file EMWIPMSG.
      The minimum record length was 56.
      The maximum record length was 56.
NOTE: DATA statement used (Total process time):
      real time           0.00 seconds
      cpu time            0.00 seconds
      

Traverser: Run Completed 
16647      data _null_;
MPRINT(EM_DIAGRAM):    data _null_;
16648      file emwipmsg;
MPRINT(EM_DIAGRAM):   file emwipmsg;
16649      put '<Diagram Event="Complete"/>';
MPRINT(EM_DIAGRAM):   put '<Diagram Event="Complete"/>';
16650      run;
MPRINT(EM_DIAGRAM):   run;

NOTE: The file EMWIPMSG is:
      Local Host Name=DESKTOP-8598PS1,
      Local Host IP addr=fe80::98f7:4ba2:b4a4:2933%18,
      Peer Hostname Name=DESKTOP-8598PS1,
      Peer IP addr=127.0.0.1,Peer Name=N/A,
      Peer Portno=62302,Lrecl=32767,Recfm=Variable

NOTE: 1 record was written to the file EMWIPMSG.
      The minimum record length was 27.
      The maximum record length was 27.
NOTE: DATA statement used (Total process time):
      real time           0.01 seconds
      cpu time            0.01 seconds
      

16651      filename emwipmsg;
MPRINT(EM_DIAGRAM):    filename emwipmsg;
NOTE: Fileref EMWIPMSG has been deassigned.
16652      proc printto;
MPRINT(EM_DIAGRAM):    proc printto;
16653      run;
MPRINT(EM_DIAGRAM):   run;

